\BOOKMARK [1][-]{section.1}{\376\377\000Z\000a\000h\000l\000e\000n\000s\000y\000s\000t\000e\000m\000e}{}% 1
\BOOKMARK [2][-]{subsection.1.1}{\376\377\000D\000e\000z\000i\000m\000a\000l\000s\000y\000s\000t\000e\000m}{section.1}% 2
\BOOKMARK [2][-]{subsection.1.2}{\376\377\000D\000u\000a\000l\000s\000y\000s\000t\000e\000m}{section.1}% 3
\BOOKMARK [2][-]{subsection.1.3}{\376\377\000O\000k\000t\000a\000l\000s\000y\000s\000t\000e\000m}{section.1}% 4
\BOOKMARK [2][-]{subsection.1.4}{\376\377\000H\000e\000x\000a\000d\000e\000z\000i\000m\000a\000l\000s\000y\000s\000t\000e\000m}{section.1}% 5
\BOOKMARK [1][-]{section.2}{\376\377\000A\000u\000f\000b\000a\000u\000\040\000C\000o\000m\000p\000u\000t\000e\000r}{}% 6
\BOOKMARK [2][-]{subsection.2.1}{\376\377\000V\000o\000n\000\040\000N\000e\000u\000m\000a\000n\000n\000\040\000P\000r\000i\000n\000z\000i\000p}{section.2}% 7
\BOOKMARK [1][-]{section.3}{\376\377\000B\000e\000t\000r\000i\000e\000b\000s\000s\000y\000s\000t\000e\000m\000e}{}% 8
\BOOKMARK [2][-]{subsection.3.1}{\376\377\000K\000e\000r\000n\000e\000l}{section.3}% 9
\BOOKMARK [3][-]{subsubsection.3.1.1}{\376\377\000M\000o\000n\000o\000l\000i\000t\000h\000i\000s\000c\000h\000e\000r\000\040\000K\000e\000r\000n\000e\000l}{subsection.3.1}% 10
\BOOKMARK [3][-]{subsubsection.3.1.2}{\376\377\000M\000i\000r\000k\000o\000k\000e\000r\000n\000e\000l}{subsection.3.1}% 11
\BOOKMARK [3][-]{subsubsection.3.1.3}{\376\377\000H\000y\000b\000r\000i\000d\000k\000e\000r\000n\000e\000l}{subsection.3.1}% 12
\BOOKMARK [2][-]{subsection.3.2}{\376\377\000M\000a\000s\000t\000e\000r\000\040\000B\000o\000o\000t\000\040\000R\000e\000c\000o\000r\000d\000\040\000\050\000M\000B\000R\000\051}{section.3}% 13
\BOOKMARK [2][-]{subsection.3.3}{\376\377\000G\000P\000T}{section.3}% 14
\BOOKMARK [2][-]{subsection.3.4}{\376\377\000U\000E\000F\000I\000\040\000u\000n\000d\000\040\000B\000I\000O\000S}{section.3}% 15
\BOOKMARK [1][-]{section.4}{\376\377\000D\000a\000t\000e\000i\000s\000y\000s\000t\000e\000m\000e}{}% 16
\BOOKMARK [2][-]{subsection.4.1}{\376\377\000F\000A\000T}{section.4}% 17
\BOOKMARK [2][-]{subsection.4.2}{\376\377\000N\000T\000F\000S}{section.4}% 18
\BOOKMARK [3][-]{subsubsection.4.2.1}{\376\377\000D\000a\000t\000a\000r\000u\000n\000s}{subsection.4.2}% 19
\BOOKMARK [1][-]{section.5}{\376\377\000P\000r\000o\000z\000e\000s\000s\000v\000e\000r\000w\000a\000l\000t\000u\000n\000g}{}% 20
\BOOKMARK [2][-]{subsection.5.1}{\376\377\000P\000r\000o\000z\000e\000s\000s\000e}{section.5}% 21
\BOOKMARK [3][-]{subsubsection.5.1.1}{\376\377\000T\000h\000r\000e\000a\000d\000s}{subsection.5.1}% 22
\BOOKMARK [3][-]{subsubsection.5.1.2}{\376\377\000P\000r\000o\000z\000e\000s\000s\000z\000u\000s\000t\000\344\000n\000d\000e}{subsection.5.1}% 23
\BOOKMARK [2][-]{subsection.5.2}{\376\377\000M\000e\000h\000r\000p\000r\000o\000z\000e\000s\000s\000b\000e\000t\000r\000i\000e\000b}{section.5}% 24
\BOOKMARK [2][-]{subsection.5.3}{\376\377\000M\000u\000l\000t\000i\000t\000a\000s\000k\000i\000n\000g}{section.5}% 25
\BOOKMARK [3][-]{subsubsection.5.3.1}{\376\377\000K\000o\000n\000t\000e\000x\000t}{subsection.5.3}% 26
\BOOKMARK [2][-]{subsection.5.4}{\376\377\000S\000c\000h\000e\000d\000u\000l\000i\000n\000g}{section.5}% 27
\BOOKMARK [2][-]{subsection.5.5}{\376\377\000S\000c\000h\000e\000d\000u\000l\000i\000n\000g\000\040\000S\000t\000r\000a\000t\000e\000g\000i\000e\000n}{section.5}% 28
\BOOKMARK [3][-]{subsubsection.5.5.1}{\376\377\000F\000i\000r\000s\000t\000\040\000C\000o\000m\000e\000\040\000F\000i\000r\000s\000t\000\040\000S\000e\000r\000v\000e}{subsection.5.5}% 29
\BOOKMARK [3][-]{subsubsection.5.5.2}{\376\377\000S\000h\000o\000r\000t\000e\000s\000t\000\040\000J\000o\000b\000\040\000F\000i\000r\000s\000t}{subsection.5.5}% 30
\BOOKMARK [3][-]{subsubsection.5.5.3}{\376\377\000R\000o\000u\000n\000d\000\040\000R\000o\000b\000i\000n}{subsection.5.5}% 31
\BOOKMARK [3][-]{subsubsection.5.5.4}{\376\377\000P\000r\000i\000o\000r\000i\000t\000y}{subsection.5.5}% 32
\BOOKMARK [1][-]{section.6}{\376\377\000S\000p\000e\000i\000c\000h\000e\000r\000k\000o\000n\000z\000e\000p\000t\000e}{}% 33
\BOOKMARK [2][-]{subsection.6.1}{\376\377\000S\000p\000e\000i\000c\000h\000e\000r\000h\000i\000e\000r\000a\000r\000c\000h\000i\000e}{section.6}% 34
\BOOKMARK [1][-]{section.7}{\376\377\000S\000p\000e\000i\000c\000h\000e\000r\000v\000e\000r\000w\000a\000l\000t\000u\000n\000g}{}% 35
\BOOKMARK [2][-]{subsection.7.1}{\376\377\000D\000i\000r\000e\000k\000t\000e\000\040\000S\000p\000e\000i\000c\000h\000e\000r\000v\000e\000r\000w\000a\000l\000t\000u\000n\000g}{section.7}% 36
\BOOKMARK [2][-]{subsection.7.2}{\376\377\000S\000w\000a\000p\000p\000i\000n\000g}{section.7}% 37
\BOOKMARK [2][-]{subsection.7.3}{\376\377\000v\000i\000r\000t\000u\000e\000l\000l\000e\000r\000\040\000S\000p\000e\000i\000c\000h\000e\000r}{section.7}% 38
\BOOKMARK [2][-]{subsection.7.4}{\376\377\000s\000e\000g\000m\000e\000n\000t\000o\000r\000i\000e\000n\000t\000i\000e\000r\000t\000e\000r\000\040\000S\000p\000e\000i\000c\000h\000e\000r}{section.7}% 39
\BOOKMARK [2][-]{subsection.7.5}{\376\377\000s\000e\000i\000t\000e\000n\000o\000r\000i\000e\000n\000t\000i\000e\000r\000t\000e\000r\000\040\000S\000p\000e\000i\000c\000h\000e\000r\000\040\000-\000\040\000P\000a\000g\000i\000n\000g}{section.7}% 40
\BOOKMARK [3][-]{subsubsection.7.5.1}{\376\377\000B\000e\000i\000s\000p\000i\000e\000l\000a\000u\000f\000g\000a\000b\000e\000n}{subsection.7.5}% 41
\BOOKMARK [3][-]{subsubsection.7.5.2}{\376\377\000B\000u\000c\000h\000\040\000A\000u\000f\000g\000a\000b\000e\000\040\0001\000,\000\040\000S\000.\0002\0004\0003}{subsection.7.5}% 42
\BOOKMARK [3][-]{subsubsection.7.5.3}{\376\377\000B\000u\000c\000h\000\040\000A\000u\000f\000g\000a\000b\000e\000\040\0003\000,\000\040\000S\000.\0002\0004\0003}{subsection.7.5}% 43
\BOOKMARK [3][-]{subsubsection.7.5.4}{\376\377\000B\000u\000c\000h\000\040\000A\000u\000f\000g\000a\000b\000e\000\040\0004\000,\000\040\000S\000.\0002\0004\0003}{subsection.7.5}% 44
\BOOKMARK [3][-]{subsubsection.7.5.5}{\376\377\000B\000u\000c\000h\000\040\000A\000u\000f\000g\000a\000b\000e\000\040\0005\000,\000\040\000S\000.\0002\0004\0003}{subsection.7.5}% 45
\BOOKMARK [3][-]{subsubsection.7.5.6}{\376\377\000B\000u\000c\000h\000\040\000A\000u\000f\000g\000a\000b\000e\000\040\0006\000,\000\040\000S\000.\0002\0004\0003}{subsection.7.5}% 46
\BOOKMARK [3][-]{subsubsection.7.5.7}{\376\377\000B\000u\000c\000h\000\040\000A\000u\000f\000g\000a\000b\000e\000\040\0007\000,\000\040\000S\000.\0002\0004\0003}{subsection.7.5}% 47
\BOOKMARK [2][-]{subsection.7.6}{\376\377\000S\000p\000e\000i\000c\000h\000e\000r\000v\000e\000r\000w\000a\000l\000t\000u\000n\000g\000s\000m\000e\000t\000h\000o\000d\000e\000n\000c\000h\000r\000o\000n\000o\000l\000o\000g\000i\000e}{section.7}% 48
\BOOKMARK [1][-]{section.8}{\376\377\000D\000a\000t\000e\000n\000s\000i\000c\000h\000e\000r\000u\000n\000g}{}% 49
\BOOKMARK [2][-]{subsection.8.1}{\376\377\000S\000i\000c\000h\000e\000r\000u\000n\000g\000s\000m\000e\000d\000i\000e\000n}{section.8}% 50
\BOOKMARK [2][-]{subsection.8.2}{\376\377\000D\000a\000t\000e\000n\000v\000e\000r\000l\000u\000s\000t}{section.8}% 51
\BOOKMARK [2][-]{subsection.8.3}{\376\377\000D\000a\000t\000e\000n\000v\000e\000r\000n\000i\000c\000h\000t\000u\000n\000g}{section.8}% 52
\BOOKMARK [2][-]{subsection.8.4}{\376\377\000S\000i\000c\000h\000e\000r\000u\000n\000g\000s\000v\000e\000r\000f\000a\000h\000r\000e\000n}{section.8}% 53
\BOOKMARK [3][-]{subsubsection.8.4.1}{\376\377\000V\000o\000l\000l\000s\000t\000\344\000n\000d\000i\000g\000e\000\040\000S\000i\000c\000h\000e\000r\000u\000n\000g}{subsection.8.4}% 54
\BOOKMARK [3][-]{subsubsection.8.4.2}{\376\377\000D\000i\000f\000f\000e\000r\000e\000n\000z\000i\000e\000l\000l\000e\000\040\000S\000i\000c\000h\000e\000r\000u\000n\000g}{subsection.8.4}% 55
\BOOKMARK [3][-]{subsubsection.8.4.3}{\376\377\000I\000n\000k\000r\000e\000m\000e\000n\000t\000e\000l\000l\000e\000\040\000S\000i\000c\000h\000e\000r\000u\000n\000g}{subsection.8.4}% 56
\BOOKMARK [3][-]{subsubsection.8.4.4}{\376\377\000S\000i\000c\000h\000e\000r\000u\000n\000g\000s\000s\000t\000r\000a\000t\000e\000g\000i\000e\000:\000\040\000G\000e\000n\000e\000r\000a\000t\000i\000o\000n\000e\000n\000\040\000K\000o\000n\000z\000e\000p\000t}{subsection.8.4}% 57
\BOOKMARK [2][-]{subsection.8.5}{\376\377\000V\000e\000r\000n\000e\000t\000z\000t\000e\000\040\000S\000i\000c\000h\000e\000r\000u\000n\000g}{section.8}% 58
\BOOKMARK [3][-]{subsubsection.8.5.1}{\376\377\000v\000e\000r\000t\000e\000i\000l\000t\000e\000\040\000S\000i\000c\000h\000e\000r\000u\000n\000g}{subsection.8.5}% 59
\BOOKMARK [3][-]{subsubsection.8.5.2}{\376\377\000l\000o\000k\000a\000l\000e\000\040\000S\000i\000c\000h\000e\000r\000u\000n\000g}{subsection.8.5}% 60
\BOOKMARK [3][-]{subsubsection.8.5.3}{\376\377\000N\000e\000t\000z\000w\000e\000r\000k\000\040\000S\000i\000c\000h\000e\000r\000u\000n\000g}{subsection.8.5}% 61
\BOOKMARK [3][-]{subsubsection.8.5.4}{\376\377\000K\000a\000p\000a\000z\000i\000t\000\344\000t\000\040\000d\000e\000s\000\040\000N\000e\000t\000z\000w\000e\000r\000k\000s}{subsection.8.5}% 62
\BOOKMARK [3][-]{subsubsection.8.5.5}{\376\377\000L\000o\000g\000f\000i\000l\000e\000s}{subsection.8.5}% 63
\BOOKMARK [2][-]{subsection.8.6}{\376\377\000R\000A\000I\000D\000\040\000S\000y\000s\000t\000e\000m\000e}{section.8}% 64
\BOOKMARK [3][-]{subsubsection.8.6.1}{\376\377\000R\000A\000I\000D\000\040\0000}{subsection.8.6}% 65
\BOOKMARK [3][-]{subsubsection.8.6.2}{\376\377\000R\000A\000I\000D\000\040\0001}{subsection.8.6}% 66
\BOOKMARK [3][-]{subsubsection.8.6.3}{\376\377\000R\000A\000I\000D\000\040\0005}{subsection.8.6}% 67
\BOOKMARK [3][-]{subsubsection.8.6.4}{\376\377\000R\000A\000I\000D\000\040\0001\0000}{subsection.8.6}% 68
\BOOKMARK [3][-]{subsubsection.8.6.5}{\376\377\000R\000A\000I\000D\000\040\0005\0000}{subsection.8.6}% 69
\BOOKMARK [3][-]{subsubsection.8.6.6}{\376\377\000G\000e\000g\000e\000n\000\374\000b\000e\000r\000s\000t\000e\000l\000l\000u\000n\000g\000\040\000d\000e\000r\000\040\000R\000A\000I\000D\000\040\000S\000y\000s\000t\000e\000m\000e}{subsection.8.6}% 70
\BOOKMARK [1][-]{section.9}{\376\377\000N\000e\000t\000z\000e}{}% 71
\BOOKMARK [2][-]{subsection.9.1}{\376\377\000E\000i\000n\000f\000\374\000h\000r\000u\000n\000g}{section.9}% 72
\BOOKMARK [3][-]{subsubsection.9.1.1}{\376\377\000B\000e\000i\000s\000p\000i\000e\000l\000e\000\040\000f\000\374\000r\000\040\000N\000e\000t\000z\000e}{subsection.9.1}% 73
\BOOKMARK [3][-]{subsubsection.9.1.2}{\376\377\000G\000e\000m\000e\000i\000n\000s\000a\000m\000k\000e\000i\000t\000e\000n\000\040\000a\000l\000l\000e\000r\000\040\000N\000e\000t\000z\000e}{subsection.9.1}% 74
\BOOKMARK [2][-]{subsection.9.2}{\376\377\000E\000i\000n\000f\000a\000c\000h\000e\000s\000\040\000C\000o\000m\000p\000u\000t\000e\000r\000n\000e\000t\000z}{section.9}% 75
\BOOKMARK [3][-]{subsubsection.9.2.1}{\376\377\000N\000e\000t\000z\000\040\000T\000o\000p\000o\000l\000o\000g\000i\000e\000n}{subsection.9.2}% 76
\BOOKMARK [3][-]{subsubsection.9.2.2}{\376\377\000N\000e\000t\000z\000e\000\040\000i\000n\000\040\000U\000n\000t\000e\000r\000n\000e\000h\000m\000e\000n}{subsection.9.2}% 77
\BOOKMARK [3][-]{subsubsection.9.2.3}{\376\377\000P\000r\000i\000v\000a\000t\000e\000\040\000N\000e\000t\000z\000e}{subsection.9.2}% 78
\BOOKMARK [2][-]{subsection.9.3}{\376\377\000S\000e\000r\000v\000e\000r\000m\000o\000d\000e\000l\000l\000e}{section.9}% 79
\BOOKMARK [3][-]{subsubsection.9.3.1}{\376\377\000E\000i\000n\000-\000S\000e\000r\000v\000e\000r\000-\000M\000o\000d\000e\000l\000l}{subsection.9.3}% 80
\BOOKMARK [3][-]{subsubsection.9.3.2}{\376\377\000M\000u\000l\000t\000i\000-\000S\000e\000r\000v\000e\000r\000-\000M\000o\000d\000e\000l\000l}{subsection.9.3}% 81
\BOOKMARK [2][-]{subsection.9.4}{\376\377\000K\000o\000m\000m\000u\000n\000i\000k\000a\000t\000i\000o\000n\000s\000a\000r\000t\000e\000n}{section.9}% 82
\BOOKMARK [3][-]{subsubsection.9.4.1}{\376\377\000S\000i\000m\000p\000l\000e\000x}{subsection.9.4}% 83
\BOOKMARK [3][-]{subsubsection.9.4.2}{\376\377\000H\000a\000l\000b\000d\000u\000p\000l\000e\000x}{subsection.9.4}% 84
\BOOKMARK [3][-]{subsubsection.9.4.3}{\376\377\000V\000o\000l\000l\000d\000u\000p\000l\000e\000x}{subsection.9.4}% 85
\BOOKMARK [2][-]{subsection.9.5}{\376\377\000N\000e\000t\000z\000w\000e\000r\000k\000k\000o\000m\000p\000o\000n\000e\000n\000t\000e\000n}{section.9}% 86
\BOOKMARK [3][-]{subsubsection.9.5.1}{\376\377\000P\000o\000r\000t}{subsection.9.5}% 87
\BOOKMARK [3][-]{subsubsection.9.5.2}{\376\377\000C\000l\000i\000e\000n\000t}{subsection.9.5}% 88
\BOOKMARK [3][-]{subsubsection.9.5.3}{\376\377\000N\000e\000t\000z\000w\000e\000r\000k\000k\000a\000r\000t\000e}{subsection.9.5}% 89
\BOOKMARK [3][-]{subsubsection.9.5.4}{\376\377\000R\000e\000p\000e\000a\000t\000e\000r}{subsection.9.5}% 90
\BOOKMARK [3][-]{subsubsection.9.5.5}{\376\377\000H\000U\000B}{subsection.9.5}% 91
\BOOKMARK [3][-]{subsubsection.9.5.6}{\376\377\000B\000r\000i\000d\000g\000e}{subsection.9.5}% 92
\BOOKMARK [3][-]{subsubsection.9.5.7}{\376\377\000S\000w\000i\000t\000c\000h}{subsection.9.5}% 93
\BOOKMARK [3][-]{subsubsection.9.5.8}{\376\377\000R\000o\000u\000t\000e\000r}{subsection.9.5}% 94
\BOOKMARK [3][-]{subsubsection.9.5.9}{\376\377\000E\000i\000n\000o\000r\000d\000n\000u\000n\000g\000\040\000d\000e\000r\000\040\000K\000o\000m\000p\000o\000n\000e\000n\000t\000e\000n\000\040\000i\000n\000s\000\040\000O\000S\000I\000-\000M\000o\000d\000e\000l\000l}{subsection.9.5}% 95
\BOOKMARK [2][-]{subsection.9.6}{\376\377\000R\000o\000u\000n\000d\000\040\000T\000r\000i\000p\000\040\000D\000e\000l\000a\000y\000\040\000T\000i\000m\000e\000\040\000-\000\040\000R\000T\000D\000T}{section.9}% 96
\BOOKMARK [2][-]{subsection.9.7}{\376\377\000B\000e\000z\000e\000i\000c\000h\000n\000u\000n\000g\000e\000n\000\040\000v\000o\000n\000\040\000N\000e\000t\000z\000e\000n}{section.9}% 97
\BOOKMARK [2][-]{subsection.9.8}{\376\377\000O\000S\000I\000\040\0007\000-\000S\000c\000h\000i\000c\000h\000t\000e\000n\000\040\000M\000o\000d\000e\000l\000l}{section.9}% 98
\BOOKMARK [1][-]{section.10}{\376\377\000E\000t\000h\000e\000r\000n\000e\000t}{}% 99
\BOOKMARK [2][-]{subsection.10.1}{\376\377\000M\000A\000C\000\040\000A\000d\000r\000e\000s\000s\000e}{section.10}% 100
\BOOKMARK [3][-]{subsubsection.10.1.1}{\376\377\000A\000u\000f\000b\000a\000u\000\040\000M\000A\000C\000\040\000A\000d\000r\000e\000s\000s\000e}{subsection.10.1}% 101
\BOOKMARK [1][-]{section.11}{\376\377\000N\000e\000t\000z\000w\000e\000r\000k\000p\000r\000o\000t\000o\000k\000o\000l\000l\000e}{}% 102
\BOOKMARK [2][-]{subsection.11.1}{\376\377\000D\000a\000t\000e\000n\000\374\000b\000e\000r\000t\000r\000a\000g\000u\000n\000g}{section.11}% 103
\BOOKMARK [1][-]{section.12}{\376\377\000V\000o\000l\000l\000s\000t\000\344\000n\000d\000i\000g\000e\000s\000\040\000E\000t\000h\000e\000r\000n\000e\000t\000-\000P\000a\000k\000e\000t}{}% 104
\BOOKMARK [1][-]{section.13}{\376\377\000C\000S\000M\000A\000/\000C\000D\000\040\000-\000\040\000V\000e\000r\000f\000a\000h\000r\000e\000n}{}% 105
\BOOKMARK [2][-]{subsection.13.1}{\376\377\000K\000o\000l\000l\000i\000s\000i\000o\000n}{section.13}% 106
\BOOKMARK [1][-]{section.14}{\376\377\000A\000R\000P\000-\000P\000r\000o\000t\000o\000k\000o\000l\000l}{}% 107
\BOOKMARK [1][-]{section.15}{\376\377\000S\000u\000b\000n\000e\000t\000t\000i\000n\000g}{}% 108
\BOOKMARK [2][-]{subsection.15.1}{\376\377\000D\000i\000e\000\040\000I\000P\000\040\000A\000d\000r\000e\000s\000s\000e}{section.15}% 109
\BOOKMARK [2][-]{subsection.15.2}{\376\377\000N\000e\000t\000z\000w\000e\000r\000k\000k\000l\000a\000s\000s\000e\000n}{section.15}% 110
\BOOKMARK [2][-]{subsection.15.3}{\376\377\000S\000u\000b\000n\000e\000t\000z\000m\000a\000s\000k\000e}{section.15}% 111
\BOOKMARK [2][-]{subsection.15.4}{\376\377\000C\000I\000D\000A\000R}{section.15}% 112
\BOOKMARK [2][-]{subsection.15.5}{\376\377\000V\000L\000S\000M}{section.15}% 113
\BOOKMARK [2][-]{subsection.15.6}{\376\377\000R\000o\000u\000t\000i\000n\000g\000\040\000T\000a\000b\000e\000l\000l\000e\000n}{section.15}% 114
\BOOKMARK [2][-]{subsection.15.7}{\376\377\000D\000M\000Z\000\040\000-\000\040\000D\000e\000m\000i\000l\000i\000t\000a\000r\000i\000s\000i\000e\000r\000t\000e\000\040\000Z\000o\000n\000e}{section.15}% 115
\BOOKMARK [2][-]{subsection.15.8}{\376\377\000I\000P\000v\0006}{section.15}% 116
\BOOKMARK [1][-]{section.16}{\376\377\000S\000c\000h\000a\000l\000t\000n\000e\000t\000z\000e}{}% 117
\BOOKMARK [2][-]{subsection.16.1}{\376\377\000E\000i\000n\000f\000a\000c\000h\000e\000\040\000B\000a\000u\000t\000e\000i\000l\000e}{section.16}% 118
\BOOKMARK [3][-]{subsubsection.16.1.1}{\376\377\000N\000O\000T}{subsection.16.1}% 119
\BOOKMARK [3][-]{subsubsection.16.1.2}{\376\377\000A\000N\000D}{subsection.16.1}% 120
\BOOKMARK [3][-]{subsubsection.16.1.3}{\376\377\000O\000R}{subsection.16.1}% 121
\BOOKMARK [3][-]{subsubsection.16.1.4}{\376\377\000N\000A\000N\000D}{subsection.16.1}% 122
\BOOKMARK [3][-]{subsubsection.16.1.5}{\376\377\000N\000O\000R}{subsection.16.1}% 123
\BOOKMARK [3][-]{subsubsection.16.1.6}{\376\377\000X\000O\000R}{subsection.16.1}% 124
\BOOKMARK [3][-]{subsubsection.16.1.7}{\376\377\000X\000N\000O\000R}{subsection.16.1}% 125
\BOOKMARK [2][-]{subsection.16.2}{\376\377\000W\000a\000h\000r\000h\000e\000i\000t\000s\000t\000a\000b\000e\000l\000l\000e}{section.16}% 126
\BOOKMARK [2][-]{subsection.16.3}{\376\377\000K\000V\000-\000D\000i\000a\000g\000r\000a\000m\000m}{section.16}% 127
\BOOKMARK [3][-]{subsubsection.16.3.1}{\376\377\000D\000o\000n\000'\000t\000-\000C\000a\000r\000e\000-\000P\000o\000s\000i\000t\000i\000o\000n\000s}{subsection.16.3}% 128
\BOOKMARK [2][-]{subsection.16.4}{\376\377\000D\000i\000s\000j\000u\000n\000k\000t\000i\000v\000e\000\040\000N\000o\000r\000m\000a\000l\000f\000o\000r\000m}{section.16}% 129
\BOOKMARK [2][-]{subsection.16.5}{\376\377\000I\000m\000p\000u\000l\000s\000d\000i\000a\000g\000r\000a\000m\000m}{section.16}% 130
\BOOKMARK [2][-]{subsection.16.6}{\376\377\000Z\000u\000s\000t\000a\000n\000d\000s\000f\000o\000l\000g\000e\000t\000a\000b\000e\000l\000l\000e}{section.16}% 131
\BOOKMARK [1][-]{section.17}{\376\377\000S\000c\000h\000a\000l\000t\000w\000e\000r\000k\000e}{}% 132
\BOOKMARK [2][-]{subsection.17.1}{\376\377\000S\000c\000h\000a\000l\000t\000w\000e\000r\000k\000e}{section.17}% 133
\BOOKMARK [2][-]{subsection.17.2}{\376\377\000T\000a\000k\000t\000g\000e\000b\000e\000r}{section.17}% 134
\BOOKMARK [2][-]{subsection.17.3}{\376\377\000F\000l\000i\000p\000-\000F\000l\000o\000p\000s}{section.17}% 135
\BOOKMARK [3][-]{subsubsection.17.3.1}{\376\377\000R\000S\000\040\000F\000l\000i\000p\000\040\000F\000l\000o\000p}{subsection.17.3}% 136
\BOOKMARK [3][-]{subsubsection.17.3.2}{\376\377\000T\000\040\000F\000l\000i\000p\000\040\000F\000l\000o\000p}{subsection.17.3}% 137
\BOOKMARK [3][-]{subsubsection.17.3.3}{\376\377\000J\000K\000\040\000F\000l\000i\000p\000\040\000F\000l\000o\000p}{subsection.17.3}% 138
\BOOKMARK [3][-]{subsubsection.17.3.4}{\376\377\000D\000\040\000F\000l\000i\000p\000\040\000F\000l\000o\000p}{subsection.17.3}% 139
\BOOKMARK [2][-]{subsection.17.4}{\376\377\000Z\000\344\000h\000l\000e\000r}{section.17}% 140
\BOOKMARK [2][-]{subsection.17.5}{\376\377\000A\000d\000d\000i\000e\000r\000s\000c\000h\000a\000l\000t\000u\000n\000g\000e\000n}{section.17}% 141
\BOOKMARK [2][-]{subsection.17.6}{\376\377\000S\000u\000b\000t\000r\000a\000h\000i\000e\000r\000s\000c\000h\000a\000l\000t\000u\000n\000g\000e\000n}{section.17}% 142
\BOOKMARK [2][-]{subsection.17.7}{\376\377\000S\000c\000h\000i\000e\000b\000e\000r\000e\000g\000i\000s\000t\000e\000r}{section.17}% 143
\BOOKMARK [2][-]{subsection.17.8}{\376\377\000E\000n\000t\000p\000r\000e\000l\000l\000e\000n\000\040\000v\000o\000n\000\040\000S\000i\000g\000n\000a\000l\000e\000n}{section.17}% 144
\BOOKMARK [1][-]{section.18}{\376\377\000M\000i\000r\000k\000o\000c\000o\000n\000t\000r\000o\000l\000l\000e\000r}{}% 145
\BOOKMARK [2][-]{subsection.18.1}{\376\377\000A\000u\000f\000b\000a\000u}{section.18}% 146
\BOOKMARK [1][-]{section.19}{\376\377\000A\000s\000s\000e\000m\000b\000l\000e\000r}{}% 147
\BOOKMARK [2][-]{subsection.19.1}{\376\377\000W\000i\000c\000h\000t\000i\000g\000e\000\040\000B\000e\000f\000e\000h\000l\000e}{section.19}% 148
\BOOKMARK [2][-]{subsection.19.2}{\376\377\000A\000d\000r\000e\000s\000s\000i\000e\000r\000u\000n\000g\000s\000a\000r\000t\000e\000n\000\040\000b\000e\000i\000\040\000M\000i\000k\000r\000o\000c\000o\000n\000t\000r\000o\000l\000l\000e\000r}{section.19}% 149
\BOOKMARK [2][-]{subsection.19.3}{\376\377\000D\000a\000t\000e\000n\000p\000o\000i\000n\000t\000e\000r}{section.19}% 150
\BOOKMARK [2][-]{subsection.19.4}{\376\377\000Z\000e\000i\000t\000s\000c\000h\000l\000e\000i\000f\000e\000\040\000e\000r\000s\000t\000e\000l\000l\000e\000n\000\040\000o\000h\000n\000e\000\040\000T\000i\000m\000e\000r}{section.19}% 151
\BOOKMARK [2][-]{subsection.19.5}{\376\377\000Z\000e\000i\000t\000b\000e\000r\000e\000c\000h\000n\000u\000n\000g\000\040\000m\000i\000t\000\040\000d\000e\000r\000\040\000N\000\344\000h\000e\000r\000u\000n\000g\000s\000f\000o\000r\000m\000e\000l}{section.19}% 152
\BOOKMARK [2][-]{subsection.19.6}{\376\377\000I\000n\000t\000e\000r\000r\000u\000p\000t}{section.19}% 153
\BOOKMARK [1][-]{section.20}{\376\377\000O\000b\000j\000e\000k\000t\000o\000r\000i\000e\000n\000t\000i\000e\000r\000t\000e\000\040\000P\000r\000o\000g\000r\000a\000m\000m\000i\000e\000r\000u\000n\000g}{}% 154
\BOOKMARK [2][-]{subsection.20.1}{\376\377\000G\000r\000u\000n\000d\000v\000e\000r\000s\000t\000\344\000n\000d\000n\000i\000s}{section.20}% 155
\BOOKMARK [2][-]{subsection.20.2}{\376\377\000K\000l\000a\000s\000s\000e\000n}{section.20}% 156
\BOOKMARK [2][-]{subsection.20.3}{\376\377\000O\000b\000j\000e\000k\000t\000e}{section.20}% 157
\BOOKMARK [2][-]{subsection.20.4}{\376\377\000D\000a\000t\000e\000n\000t\000y\000p\000e\000n}{section.20}% 158
\BOOKMARK [2][-]{subsection.20.5}{\376\377\000A\000r\000r\000a\000y\000s}{section.20}% 159
\BOOKMARK [2][-]{subsection.20.6}{\376\377\000V\000e\000r\000e\000b\000u\000n\000g}{section.20}% 160
\BOOKMARK [2][-]{subsection.20.7}{\376\377\000P\000o\000l\000y\000m\000o\000r\000p\000h\000i\000e}{section.20}% 161
\BOOKMARK [3][-]{subsubsection.20.7.1}{\376\377\000P\000o\000l\000y\000m\000o\000r\000p\000h\000i\000e}{subsection.20.7}% 162
\BOOKMARK [3][-]{subsubsection.20.7.2}{\376\377\000D\000y\000n\000a\000m\000i\000s\000c\000h\000e\000\040\000P\000o\000l\000y\000m\000o\000r\000p\000h\000i\000e}{subsection.20.7}% 163
\BOOKMARK [2][-]{subsection.20.8}{\376\377\000U\000M\000L}{section.20}% 164
\BOOKMARK [3][-]{subsubsection.20.8.1}{\376\377\000S\000t\000r\000u\000k\000t\000o\000g\000r\000a\000m\000m}{subsection.20.8}% 165
\BOOKMARK [3][-]{subsubsection.20.8.2}{\376\377\000K\000l\000a\000s\000s\000e\000n\000d\000i\000a\000g\000r\000a\000m\000m}{subsection.20.8}% 166
\BOOKMARK [3][-]{subsubsection.20.8.3}{\376\377\000O\000b\000j\000e\000k\000t\000d\000i\000a\000g\000r\000a\000m\000m}{subsection.20.8}% 167
\BOOKMARK [3][-]{subsubsection.20.8.4}{\376\377\000A\000s\000s\000o\000z\000i\000a\000t\000i\000o\000n\000e\000n}{subsection.20.8}% 168
\BOOKMARK [3][-]{subsubsection.20.8.5}{\376\377\000P\000o\000l\000y\000m\000o\000r\000p\000h\000i\000e}{subsection.20.8}% 169
\BOOKMARK [3][-]{subsubsection.20.8.6}{\376\377\000V\000e\000r\000e\000r\000b\000u\000n\000g\000e\000n}{subsection.20.8}% 170
\BOOKMARK [3][-]{subsubsection.20.8.7}{\376\377\000S\000e\000q\000u\000e\000n\000z\000d\000i\000a\000g\000r\000a\000m\000m}{subsection.20.8}% 171
\BOOKMARK [3][-]{subsubsection.20.8.8}{\376\377\000Z\000u\000s\000t\000a\000n\000d\000s\000d\000i\000a\000g\000r\000a\000m\000m}{subsection.20.8}% 172
\BOOKMARK [1][-]{section.21}{\376\377\000D\000a\000t\000e\000n\000b\000a\000n\000k\000e\000n}{}% 173
\BOOKMARK [2][-]{subsection.21.1}{\376\377\000G\000r\000u\000n\000d\000v\000e\000r\000s\000t\000\344\000n\000d\000n\000i\000s\000\040\000D\000a\000t\000e\000n\000b\000a\000n\000k\000e\000n}{section.21}% 174
\BOOKMARK [2][-]{subsection.21.2}{\376\377\000V\000e\000r\000w\000e\000n\000d\000u\000n\000g}{section.21}% 175
\BOOKMARK [2][-]{subsection.21.3}{\376\377\000E\000n\000t\000i\000t\000y\000-\000R\000e\000l\000a\000t\000i\000o\000n\000s\000h\000i\000p\000-\000D\000i\000a\000g\000r\000a\000m\000m}{section.21}% 176
\BOOKMARK [2][-]{subsection.21.4}{\376\377\000P\000r\000i\000m\000\344\000r\000s\000c\000h\000l\000\374\000s\000s\000e\000l}{section.21}% 177
\BOOKMARK [2][-]{subsection.21.5}{\376\377\000S\000e\000k\000u\000n\000d\000\344\000r\000s\000c\000h\000l\000\374\000s\000s\000e\000l}{section.21}% 178
\BOOKMARK [2][-]{subsection.21.6}{\376\377\000R\000e\000a\000l\000t\000i\000o\000n\000s\000s\000c\000h\000r\000e\000i\000b\000w\000e\000i\000s\000e}{section.21}% 179
\BOOKMARK [2][-]{subsection.21.7}{\376\377\000S\000Q\000L}{section.21}% 180
\BOOKMARK [3][-]{subsubsection.21.7.1}{\376\377\000S\000Q\000L\000\040\000A\000b\000f\000r\000a\000g\000e\000n}{subsection.21.7}% 181
\BOOKMARK [1][-]{section.22}{\376\377\000F\000a\000c\000h\000s\000p\000r\000a\000c\000h\000e}{}% 182
\BOOKMARK [2][-]{subsection.22.1}{\376\377\000F\000a\000c\000h\000w\000\366\000r\000t\000e\000r}{section.22}% 183
\BOOKMARK [2][-]{subsection.22.2}{\376\377\000T\000y\000p\000f\000e\000l\000d\000\040\000K\000e\000n\000n\000u\000n\000g\000e\000n}{section.22}% 184
\BOOKMARK [1][-]{section.23}{\376\377\000E\000p\000i\000l\000o\000g}{}% 185
\BOOKMARK [2][-]{subsection.23.1}{\376\377\000L\000i\000t\000e\000r\000a\000t\000u\000r}{section.23}% 186
