This is pdfTeX, Version 3.141592653-2.6-1.40.22 (MiKTeX 21.2) (preloaded format=pdflatex 2021.3.30)  2 APR 2021 15:22
entering extended mode
**"d:/Schuldateien/TeX/Informatik-ABI-Zusammenfassung/IT ABI Zusammenfassung.tex"
(d:/Schuldateien/TeX/Informatik-ABI-Zusammenfassung/IT ABI Zusammenfassung.tex
LaTeX2e <2020-10-01> patch level 4
L3 programming layer <2021-02-18> xparse <2020-03-03> (C:\Users\robin\AppData\Local\Programs\MiKTeX\tex/latex/base\article.cls
Document Class: article 2020/04/10 v1.4m Standard LaTeX document class
(C:\Users\robin\AppData\Local\Programs\MiKTeX\tex/latex/base\size12.clo
File: size12.clo 2020/04/10 v1.4m Standard LaTeX file (size option)
)
\c@part=\count179
\c@section=\count180
\c@subsection=\count181
\c@subsubsection=\count182
\c@paragraph=\count183
\c@subparagraph=\count184
\c@figure=\count185
\c@table=\count186
\abovecaptionskip=\skip47
\belowcaptionskip=\skip48
\bibindent=\dimen138
) (C:\Users\robin\AppData\Local\Programs\MiKTeX\tex/latex/base\inputenc.sty
Package: inputenc 2020/08/01 v1.3d Input encoding file
\inpenc@prehook=\toks15
\inpenc@posthook=\toks16
) (C:\Users\robin\AppData\Local\Programs\MiKTeX\tex/generic/babel\babel.sty
Package: babel 2021/01/26 3.53 The Babel package
 (C:\Users\robin\AppData\Local\Programs\MiKTeX\tex/generic/babel\babel.def
File: babel.def 2021/01/26 3.53 Babel common definitions
\babel@savecnt=\count187
\U@D=\dimen139
\l@babelnohyphens=\language79
 (C:\Users\robin\AppData\Local\Programs\MiKTeX\tex/generic/babel\txtbabel.def)
\bbl@readstream=\read2
)
\bbl@dirlevel=\count188

*************************************
* Local config file bblopts.cfg used
*
(C:\Users\robin\AppData\Local\Programs\MiKTeX\tex/latex/arabi\bblopts.cfg
File: bblopts.cfg 2005/09/08 v0.1 add Arabic and Farsi to "declared" options of babel
) (C:\Users\robin\AppData\Local\Programs\MiKTeX\tex/latex/babel-german\ngerman.ldf
Language: ngerman 2021/02/27 v2.13 German support for babel (post-1996 orthography)
 (C:\Users\robin\AppData\Local\Programs\MiKTeX\tex/latex/babel-german\ngermanb.ldf
Language: ngermanb 2021/02/27 v2.13 German support for babel (post-1996 orthography)
Package babel Info: Making " an active character on input line 122.
))) (C:\Users\robin\AppData\Local\Programs\MiKTeX\tex/latex/base\fontenc.sty
Package: fontenc 2020/08/10 v2.0s Standard LaTeX package
) (C:\Users\robin\AppData\Local\Programs\MiKTeX\tex/latex/amsmath\amsmath.sty
Package: amsmath 2020/09/23 v2.17i AMS math features
\@mathmargin=\skip49

For additional information on amsmath, use the `?' option.
(C:\Users\robin\AppData\Local\Programs\MiKTeX\tex/latex/amsmath\amstext.sty
Package: amstext 2000/06/29 v2.01 AMS text
 (C:\Users\robin\AppData\Local\Programs\MiKTeX\tex/latex/amsmath\amsgen.sty
File: amsgen.sty 1999/11/30 v2.0 generic functions
\@emptytoks=\toks17
\ex@=\dimen140
)) (C:\Users\robin\AppData\Local\Programs\MiKTeX\tex/latex/amsmath\amsbsy.sty
Package: amsbsy 1999/11/29 v1.2d Bold Symbols
\pmbraise@=\dimen141
) (C:\Users\robin\AppData\Local\Programs\MiKTeX\tex/latex/amsmath\amsopn.sty
Package: amsopn 2016/03/08 v2.02 operator names
)
\inf@bad=\count189
LaTeX Info: Redefining \frac on input line 234.
\uproot@=\count190
\leftroot@=\count191
LaTeX Info: Redefining \overline on input line 399.
\classnum@=\count192
\DOTSCASE@=\count193
LaTeX Info: Redefining \ldots on input line 496.
LaTeX Info: Redefining \dots on input line 499.
LaTeX Info: Redefining \cdots on input line 620.
\Mathstrutbox@=\box47
\strutbox@=\box48
\big@size=\dimen142
LaTeX Font Info:    Redeclaring font encoding OML on input line 743.
LaTeX Font Info:    Redeclaring font encoding OMS on input line 744.
\macc@depth=\count194
\c@MaxMatrixCols=\count195
\dotsspace@=\muskip16
\c@parentequation=\count196
\dspbrk@lvl=\count197
\tag@help=\toks18
\row@=\count198
\column@=\count199
\maxfields@=\count266
\andhelp@=\toks19
\eqnshift@=\dimen143
\alignsep@=\dimen144
\tagshift@=\dimen145
\tagwidth@=\dimen146
\totwidth@=\dimen147
\lineht@=\dimen148
\@envbody=\toks20
\multlinegap=\skip50
\multlinetaggap=\skip51
\mathdisplay@stack=\toks21
LaTeX Info: Redefining \[ on input line 2923.
LaTeX Info: Redefining \] on input line 2924.
) (C:\Users\robin\AppData\Local\Programs\MiKTeX\tex/latex/amsfonts\amsfonts.sty
Package: amsfonts 2013/01/14 v3.01 Basic AMSFonts support
\symAMSa=\mathgroup4
\symAMSb=\mathgroup5
LaTeX Font Info:    Redeclaring math symbol \hbar on input line 98.
LaTeX Font Info:    Overwriting math alphabet `\mathfrak' in version `bold'
(Font)                  U/euf/m/n --> U/euf/b/n on input line 106.
) (C:\Users\robin\AppData\Local\Programs\MiKTeX\tex/latex/amsfonts\amssymb.sty
Package: amssymb 2013/01/14 v3.01 AMS font symbols
) (C:\Users\robin\AppData\Local\Programs\MiKTeX\tex/latex/graphics\graphicx.sty
Package: graphicx 2020/09/09 v1.2b Enhanced LaTeX Graphics (DPC,SPQR)
 (C:\Users\robin\AppData\Local\Programs\MiKTeX\tex/latex/graphics\keyval.sty
Package: keyval 2014/10/28 v1.15 key=value parser (DPC)
\KV@toks@=\toks22
) (C:\Users\robin\AppData\Local\Programs\MiKTeX\tex/latex/graphics\graphics.sty
Package: graphics 2020/08/30 v1.4c Standard LaTeX Graphics (DPC,SPQR)
 (C:\Users\robin\AppData\Local\Programs\MiKTeX\tex/latex/graphics\trig.sty
Package: trig 2016/01/03 v1.10 sin cos tan (DPC)
) (C:\Users\robin\AppData\Local\Programs\MiKTeX\tex/latex/graphics-cfg\graphics.cfg
File: graphics.cfg 2016/06/04 v1.11 sample graphics configuration
)
Package graphics Info: Driver file: pdftex.def on input line 105.
 (C:\Users\robin\AppData\Local\Programs\MiKTeX\tex/latex/graphics-def\pdftex.def
File: pdftex.def 2020/10/05 v1.2a Graphics/color driver for pdftex
))
\Gin@req@height=\dimen149
\Gin@req@width=\dimen150
) (C:\Users\robin\AppData\Local\Programs\MiKTeX\tex/latex/geometry\geometry.sty
Package: geometry 2020/01/02 v5.9 Page Geometry
 (C:\Users\robin\AppData\Local\Programs\MiKTeX\tex/generic/iftex\ifvtex.sty
Package: ifvtex 2019/10/25 v1.7 ifvtex legacy package. Use iftex instead.
 (C:\Users\robin\AppData\Local\Programs\MiKTeX\tex/generic/iftex\iftex.sty
Package: iftex 2020/03/06 v1.0d TeX engine tests
))
\Gm@cnth=\count267
\Gm@cntv=\count268
\c@Gm@tempcnt=\count269
\Gm@bindingoffset=\dimen151
\Gm@wd@mp=\dimen152
\Gm@odd@mp=\dimen153
\Gm@even@mp=\dimen154
\Gm@layoutwidth=\dimen155
\Gm@layoutheight=\dimen156
\Gm@layouthoffset=\dimen157
\Gm@layoutvoffset=\dimen158
\Gm@dimlist=\toks23
 (C:\Users\robin\AppData\Local\Programs\MiKTeX\tex/latex/geometry\geometry.cfg)) (C:\Users\robin\AppData\Local\Programs\MiKTeX\tex/latex/latex-tools\multicol.sty
Package: multicol 2019/12/09 v1.8y multicolumn formatting (FMi)
\c@tracingmulticols=\count270
\mult@box=\box49
\multicol@leftmargin=\dimen159
\c@unbalance=\count271
\c@collectmore=\count272
\doublecol@number=\count273
\multicoltolerance=\count274
\multicolpretolerance=\count275
\full@width=\dimen160
\page@free=\dimen161
\premulticols=\dimen162
\postmulticols=\dimen163
\multicolsep=\skip52
\multicolbaselineskip=\skip53
\partial@page=\box50
\last@line=\box51
\maxbalancingoverflow=\dimen164
\mult@rightbox=\box52
\mult@grightbox=\box53
\mult@gfirstbox=\box54
\mult@firstbox=\box55
\@tempa=\box56
\@tempa=\box57
\@tempa=\box58
\@tempa=\box59
\@tempa=\box60
\@tempa=\box61
\@tempa=\box62
\@tempa=\box63
\@tempa=\box64
\@tempa=\box65
\@tempa=\box66
\@tempa=\box67
\@tempa=\box68
\@tempa=\box69
\@tempa=\box70
\@tempa=\box71
\@tempa=\box72
\@tempa=\box73
\@tempa=\box74
\@tempa=\box75
\@tempa=\box76
\@tempa=\box77
\@tempa=\box78
\@tempa=\box79
\@tempa=\box80
\@tempa=\box81
\@tempa=\box82
\@tempa=\box83
\@tempa=\box84
\@tempa=\box85
\@tempa=\box86
\@tempa=\box87
\@tempa=\box88
\@tempa=\box89
\@tempa=\box90
\@tempa=\box91
\@tempa=\box92
\c@minrows=\count276
\c@columnbadness=\count277
\c@finalcolumnbadness=\count278
\last@try=\dimen165
\multicolovershoot=\dimen166
\multicolundershoot=\dimen167
\mult@nat@firstbox=\box93
\colbreak@box=\box94
\mc@col@check@num=\count279
) (C:\Users\robin\AppData\Local\Programs\MiKTeX\tex/latex/graphics\color.sty
Package: color 2020/02/24 v1.2b Standard LaTeX Color (DPC)
 (C:\Users\robin\AppData\Local\Programs\MiKTeX\tex/latex/graphics-cfg\color.cfg
File: color.cfg 2016/01/02 v1.6 sample color configuration
)
Package color Info: Driver file: pdftex.def on input line 147.
) (C:\Users\robin\AppData\Local\Programs\MiKTeX\tex/latex/booktabs\booktabs.sty
Package: booktabs 2020/01/12 v1.61803398 Publication quality tables
\heavyrulewidth=\dimen168
\lightrulewidth=\dimen169
\cmidrulewidth=\dimen170
\belowrulesep=\dimen171
\belowbottomsep=\dimen172
\aboverulesep=\dimen173
\abovetopsep=\dimen174
\cmidrulesep=\dimen175
\cmidrulekern=\dimen176
\defaultaddspace=\dimen177
\@cmidla=\count280
\@cmidlb=\count281
\@aboverulesep=\dimen178
\@belowrulesep=\dimen179
\@thisruleclass=\count282
\@lastruleclass=\count283
\@thisrulewidth=\dimen180
) (C:\Users\robin\AppData\Local\Programs\MiKTeX\tex/latex/pgf/frontendlayer\tikz.sty (C:\Users\robin\AppData\Local\Programs\MiKTeX\tex/latex/pgf/basiclayer\pgf.sty (C:\Users\robin\AppData\Local\Programs\MiKTeX\tex/latex/pgf/utilities\pgfrcs.sty (C:\Users\robin\AppData\Local\Programs\MiKTeX\tex/generic/pgf/utilities\pgfutil-common.tex
\pgfutil@everybye=\toks24
\pgfutil@tempdima=\dimen181
\pgfutil@tempdimb=\dimen182
 (C:\Users\robin\AppData\Local\Programs\MiKTeX\tex/generic/pgf/utilities\pgfutil-common-lists.tex)) (C:\Users\robin\AppData\Local\Programs\MiKTeX\tex/generic/pgf/utilities\pgfutil-latex.def
\pgfutil@abb=\box95
) (C:\Users\robin\AppData\Local\Programs\MiKTeX\tex/generic/pgf/utilities\pgfrcs.code.tex (C:\Users\robin\AppData\Local\Programs\MiKTeX\tex/generic/pgf\pgf.revision.tex)
Package: pgfrcs 2020/12/27 v3.1.8b (3.1.8b)
))
Package: pgf 2020/12/27 v3.1.8b (3.1.8b)
 (C:\Users\robin\AppData\Local\Programs\MiKTeX\tex/latex/pgf/basiclayer\pgfcore.sty (C:\Users\robin\AppData\Local\Programs\MiKTeX\tex/latex/pgf/systemlayer\pgfsys.sty (C:\Users\robin\AppData\Local\Programs\MiKTeX\tex/generic/pgf/systemlayer\pgfsys.code.tex
Package: pgfsys 2020/12/27 v3.1.8b (3.1.8b)
 (C:\Users\robin\AppData\Local\Programs\MiKTeX\tex/generic/pgf/utilities\pgfkeys.code.tex
\pgfkeys@pathtoks=\toks25
\pgfkeys@temptoks=\toks26
 (C:\Users\robin\AppData\Local\Programs\MiKTeX\tex/generic/pgf/utilities\pgfkeysfiltered.code.tex
\pgfkeys@tmptoks=\toks27
))
\pgf@x=\dimen183
\pgf@y=\dimen184
\pgf@xa=\dimen185
\pgf@ya=\dimen186
\pgf@xb=\dimen187
\pgf@yb=\dimen188
\pgf@xc=\dimen189
\pgf@yc=\dimen190
\pgf@xd=\dimen191
\pgf@yd=\dimen192
\w@pgf@writea=\write3
\r@pgf@reada=\read3
\c@pgf@counta=\count284
\c@pgf@countb=\count285
\c@pgf@countc=\count286
\c@pgf@countd=\count287
\t@pgf@toka=\toks28
\t@pgf@tokb=\toks29
\t@pgf@tokc=\toks30
\pgf@sys@id@count=\count288
 (C:\Users\robin\AppData\Local\Programs\MiKTeX\tex/generic/pgf/systemlayer\pgf.cfg
File: pgf.cfg 2020/12/27 v3.1.8b (3.1.8b)
)
Driver file for pgf: pgfsys-pdftex.def
 (C:\Users\robin\AppData\Local\Programs\MiKTeX\tex/generic/pgf/systemlayer\pgfsys-pdftex.def
File: pgfsys-pdftex.def 2020/12/27 v3.1.8b (3.1.8b)
 (C:\Users\robin\AppData\Local\Programs\MiKTeX\tex/generic/pgf/systemlayer\pgfsys-common-pdf.def
File: pgfsys-common-pdf.def 2020/12/27 v3.1.8b (3.1.8b)
))) (C:\Users\robin\AppData\Local\Programs\MiKTeX\tex/generic/pgf/systemlayer\pgfsyssoftpath.code.tex
File: pgfsyssoftpath.code.tex 2020/12/27 v3.1.8b (3.1.8b)
\pgfsyssoftpath@smallbuffer@items=\count289
\pgfsyssoftpath@bigbuffer@items=\count290
) (C:\Users\robin\AppData\Local\Programs\MiKTeX\tex/generic/pgf/systemlayer\pgfsysprotocol.code.tex
File: pgfsysprotocol.code.tex 2020/12/27 v3.1.8b (3.1.8b)
)) (C:\Users\robin\AppData\Local\Programs\MiKTeX\tex/latex/xcolor\xcolor.sty
Package: xcolor 2016/05/11 v2.12 LaTeX color extensions (UK)
 (C:\Users\robin\AppData\Local\Programs\MiKTeX\tex/latex/graphics-cfg\color.cfg
File: color.cfg 2016/01/02 v1.6 sample color configuration
)
Package xcolor Info: Driver file: pdftex.def on input line 225.
LaTeX Info: Redefining \color on input line 709.
Package xcolor Info: Model `cmy' substituted by `cmy0' on input line 1348.
Package xcolor Info: Model `hsb' substituted by `rgb' on input line 1352.
Package xcolor Info: Model `RGB' extended on input line 1364.
Package xcolor Info: Model `HTML' substituted by `rgb' on input line 1366.
Package xcolor Info: Model `Hsb' substituted by `hsb' on input line 1367.
Package xcolor Info: Model `tHsb' substituted by `hsb' on input line 1368.
Package xcolor Info: Model `HSB' substituted by `hsb' on input line 1369.
Package xcolor Info: Model `Gray' substituted by `gray' on input line 1370.
Package xcolor Info: Model `wave' substituted by `hsb' on input line 1371.
) (C:\Users\robin\AppData\Local\Programs\MiKTeX\tex/generic/pgf/basiclayer\pgfcore.code.tex
Package: pgfcore 2020/12/27 v3.1.8b (3.1.8b)
 (C:\Users\robin\AppData\Local\Programs\MiKTeX\tex/generic/pgf/math\pgfmath.code.tex (C:\Users\robin\AppData\Local\Programs\MiKTeX\tex/generic/pgf/math\pgfmathcalc.code.tex (C:\Users\robin\AppData\Local\Programs\MiKTeX\tex/generic/pgf/math\pgfmathutil.code.tex) (C:\Users\robin\AppData\Local\Programs\MiKTeX\tex/generic/pgf/math\pgfmathparser.code.tex
\pgfmath@dimen=\dimen193
\pgfmath@count=\count291
\pgfmath@box=\box96
\pgfmath@toks=\toks31
\pgfmath@stack@operand=\toks32
\pgfmath@stack@operation=\toks33
) (C:\Users\robin\AppData\Local\Programs\MiKTeX\tex/generic/pgf/math\pgfmathfunctions.code.tex (C:\Users\robin\AppData\Local\Programs\MiKTeX\tex/generic/pgf/math\pgfmathfunctions.basic.code.tex) (C:\Users\robin\AppData\Local\Programs\MiKTeX\tex/generic/pgf/math\pgfmathfunctions.trigonometric.code.tex) (C:\Users\robin\AppData\Local\Programs\MiKTeX\tex/generic/pgf/math\pgfmathfunctions.random.code.tex) (C:\Users\robin\AppData\Local\Programs\MiKTeX\tex/generic/pgf/math\pgfmathfunctions.comparison.code.tex) (C:\Users\robin\AppData\Local\Programs\MiKTeX\tex/generic/pgf/math\pgfmathfunctions.base.code.tex) (C:\Users\robin\AppData\Local\Programs\MiKTeX\tex/generic/pgf/math\pgfmathfunctions.round.code.tex) (C:\Users\robin\AppData\Local\Programs\MiKTeX\tex/generic/pgf/math\pgfmathfunctions.misc.code.tex) (C:\Users\robin\AppData\Local\Programs\MiKTeX\tex/generic/pgf/math\pgfmathfunctions.integerarithmetics.code.tex))) (C:\Users\robin\AppData\Local\Programs\MiKTeX\tex/generic/pgf/math\pgfmathfloat.code.tex
\c@pgfmathroundto@lastzeros=\count292
)) (C:\Users\robin\AppData\Local\Programs\MiKTeX\tex/generic/pgf/math\pgfint.code.tex) (C:\Users\robin\AppData\Local\Programs\MiKTeX\tex/generic/pgf/basiclayer\pgfcorepoints.code.tex
File: pgfcorepoints.code.tex 2020/12/27 v3.1.8b (3.1.8b)
\pgf@picminx=\dimen194
\pgf@picmaxx=\dimen195
\pgf@picminy=\dimen196
\pgf@picmaxy=\dimen197
\pgf@pathminx=\dimen198
\pgf@pathmaxx=\dimen199
\pgf@pathminy=\dimen256
\pgf@pathmaxy=\dimen257
\pgf@xx=\dimen258
\pgf@xy=\dimen259
\pgf@yx=\dimen260
\pgf@yy=\dimen261
\pgf@zx=\dimen262
\pgf@zy=\dimen263
) (C:\Users\robin\AppData\Local\Programs\MiKTeX\tex/generic/pgf/basiclayer\pgfcorepathconstruct.code.tex
File: pgfcorepathconstruct.code.tex 2020/12/27 v3.1.8b (3.1.8b)
\pgf@path@lastx=\dimen264
\pgf@path@lasty=\dimen265
) (C:\Users\robin\AppData\Local\Programs\MiKTeX\tex/generic/pgf/basiclayer\pgfcorepathusage.code.tex
File: pgfcorepathusage.code.tex 2020/12/27 v3.1.8b (3.1.8b)
\pgf@shorten@end@additional=\dimen266
\pgf@shorten@start@additional=\dimen267
) (C:\Users\robin\AppData\Local\Programs\MiKTeX\tex/generic/pgf/basiclayer\pgfcorescopes.code.tex
File: pgfcorescopes.code.tex 2020/12/27 v3.1.8b (3.1.8b)
\pgfpic=\box97
\pgf@hbox=\box98
\pgf@layerbox@main=\box99
\pgf@picture@serial@count=\count293
) (C:\Users\robin\AppData\Local\Programs\MiKTeX\tex/generic/pgf/basiclayer\pgfcoregraphicstate.code.tex
File: pgfcoregraphicstate.code.tex 2020/12/27 v3.1.8b (3.1.8b)
\pgflinewidth=\dimen268
) (C:\Users\robin\AppData\Local\Programs\MiKTeX\tex/generic/pgf/basiclayer\pgfcoretransformations.code.tex
File: pgfcoretransformations.code.tex 2020/12/27 v3.1.8b (3.1.8b)
\pgf@pt@x=\dimen269
\pgf@pt@y=\dimen270
\pgf@pt@temp=\dimen271
) (C:\Users\robin\AppData\Local\Programs\MiKTeX\tex/generic/pgf/basiclayer\pgfcorequick.code.tex
File: pgfcorequick.code.tex 2020/12/27 v3.1.8b (3.1.8b)
) (C:\Users\robin\AppData\Local\Programs\MiKTeX\tex/generic/pgf/basiclayer\pgfcoreobjects.code.tex
File: pgfcoreobjects.code.tex 2020/12/27 v3.1.8b (3.1.8b)
) (C:\Users\robin\AppData\Local\Programs\MiKTeX\tex/generic/pgf/basiclayer\pgfcorepathprocessing.code.tex
File: pgfcorepathprocessing.code.tex 2020/12/27 v3.1.8b (3.1.8b)
) (C:\Users\robin\AppData\Local\Programs\MiKTeX\tex/generic/pgf/basiclayer\pgfcorearrows.code.tex
File: pgfcorearrows.code.tex 2020/12/27 v3.1.8b (3.1.8b)
\pgfarrowsep=\dimen272
) (C:\Users\robin\AppData\Local\Programs\MiKTeX\tex/generic/pgf/basiclayer\pgfcoreshade.code.tex
File: pgfcoreshade.code.tex 2020/12/27 v3.1.8b (3.1.8b)
\pgf@max=\dimen273
\pgf@sys@shading@range@num=\count294
\pgf@shadingcount=\count295
) (C:\Users\robin\AppData\Local\Programs\MiKTeX\tex/generic/pgf/basiclayer\pgfcoreimage.code.tex
File: pgfcoreimage.code.tex 2020/12/27 v3.1.8b (3.1.8b)
 (C:\Users\robin\AppData\Local\Programs\MiKTeX\tex/generic/pgf/basiclayer\pgfcoreexternal.code.tex
File: pgfcoreexternal.code.tex 2020/12/27 v3.1.8b (3.1.8b)
\pgfexternal@startupbox=\box100
)) (C:\Users\robin\AppData\Local\Programs\MiKTeX\tex/generic/pgf/basiclayer\pgfcorelayers.code.tex
File: pgfcorelayers.code.tex 2020/12/27 v3.1.8b (3.1.8b)
) (C:\Users\robin\AppData\Local\Programs\MiKTeX\tex/generic/pgf/basiclayer\pgfcoretransparency.code.tex
File: pgfcoretransparency.code.tex 2020/12/27 v3.1.8b (3.1.8b)
) (C:\Users\robin\AppData\Local\Programs\MiKTeX\tex/generic/pgf/basiclayer\pgfcorepatterns.code.tex
File: pgfcorepatterns.code.tex 2020/12/27 v3.1.8b (3.1.8b)
) (C:\Users\robin\AppData\Local\Programs\MiKTeX\tex/generic/pgf/basiclayer\pgfcorerdf.code.tex
File: pgfcorerdf.code.tex 2020/12/27 v3.1.8b (3.1.8b)
))) (C:\Users\robin\AppData\Local\Programs\MiKTeX\tex/generic/pgf/modules\pgfmoduleshapes.code.tex
File: pgfmoduleshapes.code.tex 2020/12/27 v3.1.8b (3.1.8b)
\pgfnodeparttextbox=\box101
) (C:\Users\robin\AppData\Local\Programs\MiKTeX\tex/generic/pgf/modules\pgfmoduleplot.code.tex
File: pgfmoduleplot.code.tex 2020/12/27 v3.1.8b (3.1.8b)
) (C:\Users\robin\AppData\Local\Programs\MiKTeX\tex/latex/pgf/compatibility\pgfcomp-version-0-65.sty
Package: pgfcomp-version-0-65 2020/12/27 v3.1.8b (3.1.8b)
\pgf@nodesepstart=\dimen274
\pgf@nodesepend=\dimen275
) (C:\Users\robin\AppData\Local\Programs\MiKTeX\tex/latex/pgf/compatibility\pgfcomp-version-1-18.sty
Package: pgfcomp-version-1-18 2020/12/27 v3.1.8b (3.1.8b)
)) (C:\Users\robin\AppData\Local\Programs\MiKTeX\tex/latex/pgf/utilities\pgffor.sty (C:\Users\robin\AppData\Local\Programs\MiKTeX\tex/latex/pgf/utilities\pgfkeys.sty (C:\Users\robin\AppData\Local\Programs\MiKTeX\tex/generic/pgf/utilities\pgfkeys.code.tex)) (C:\Users\robin\AppData\Local\Programs\MiKTeX\tex/latex/pgf/math\pgfmath.sty (C:\Users\robin\AppData\Local\Programs\MiKTeX\tex/generic/pgf/math\pgfmath.code.tex)) (C:\Users\robin\AppData\Local\Programs\MiKTeX\tex/generic/pgf/utilities\pgffor.code.tex
Package: pgffor 2020/12/27 v3.1.8b (3.1.8b)
 (C:\Users\robin\AppData\Local\Programs\MiKTeX\tex/generic/pgf/math\pgfmath.code.tex)
\pgffor@iter=\dimen276
\pgffor@skip=\dimen277
\pgffor@stack=\toks34
\pgffor@toks=\toks35
)) (C:\Users\robin\AppData\Local\Programs\MiKTeX\tex/generic/pgf/frontendlayer/tikz\tikz.code.tex
Package: tikz 2020/12/27 v3.1.8b (3.1.8b)
 (C:\Users\robin\AppData\Local\Programs\MiKTeX\tex/generic/pgf/libraries\pgflibraryplothandlers.code.tex
File: pgflibraryplothandlers.code.tex 2020/12/27 v3.1.8b (3.1.8b)
\pgf@plot@mark@count=\count296
\pgfplotmarksize=\dimen278
)
\tikz@lastx=\dimen279
\tikz@lasty=\dimen280
\tikz@lastxsaved=\dimen281
\tikz@lastysaved=\dimen282
\tikz@lastmovetox=\dimen283
\tikz@lastmovetoy=\dimen284
\tikzleveldistance=\dimen285
\tikzsiblingdistance=\dimen286
\tikz@figbox=\box102
\tikz@figbox@bg=\box103
\tikz@tempbox=\box104
\tikz@tempbox@bg=\box105
\tikztreelevel=\count297
\tikznumberofchildren=\count298
\tikznumberofcurrentchild=\count299
\tikz@fig@count=\count300
 (C:\Users\robin\AppData\Local\Programs\MiKTeX\tex/generic/pgf/modules\pgfmodulematrix.code.tex
File: pgfmodulematrix.code.tex 2020/12/27 v3.1.8b (3.1.8b)
\pgfmatrixcurrentrow=\count301
\pgfmatrixcurrentcolumn=\count302
\pgf@matrix@numberofcolumns=\count303
)
\tikz@expandcount=\count304
 (C:\Users\robin\AppData\Local\Programs\MiKTeX\tex/generic/pgf/frontendlayer/tikz/libraries\tikzlibrarytopaths.code.tex
File: tikzlibrarytopaths.code.tex 2020/12/27 v3.1.8b (3.1.8b)
))) (C:\Users\robin\AppData\Local\Programs\MiKTeX\tex/latex/pgfplots\pgfplots.sty (C:\Users\robin\AppData\Local\Programs\MiKTeX\tex/generic/pgfplots\pgfplots.revision.tex)
Package: pgfplots 2020/02/29 v1.17 Data Visualization (1.17)
 (C:\Users\robin\AppData\Local\Programs\MiKTeX\tex/generic/pgfplots\pgfplots.code.tex (C:\Users\robin\AppData\Local\Programs\MiKTeX\tex/generic/pgfplots\pgfplotscore.code.tex
\t@pgfplots@toka=\toks36
\t@pgfplots@tokb=\toks37
\t@pgfplots@tokc=\toks38
\pgfplots@tmpa=\dimen287
\c@pgfplots@coordindex=\count305
\c@pgfplots@scanlineindex=\count306
 (C:\Users\robin\AppData\Local\Programs\MiKTeX\tex/generic/pgfplots/sys\pgfplotssysgeneric.code.tex)) (C:\Users\robin\AppData\Local\Programs\MiKTeX\tex/generic/pgfplots/libs\pgfplotslibrary.code.tex) (C:\Users\robin\AppData\Local\Programs\MiKTeX\tex/generic/pgfplots/oldpgfcompatib\pgfplotsoldpgfsupp_loader.code.tex (C:\Users\robin\AppData\Local\Programs\MiKTeX\tex/generic/pgf/libraries\pgflibraryfpu.code.tex)) (C:\Users\robin\AppData\Local\Programs\MiKTeX\tex/generic/pgfplots/util\pgfplotsutil.code.tex (C:\Users\robin\AppData\Local\Programs\MiKTeX\tex/generic/pgfplots/liststructure\pgfplotsliststructure.code.tex) (C:\Users\robin\AppData\Local\Programs\MiKTeX\tex/generic/pgfplots/liststructure\pgfplotsliststructureext.code.tex) (C:\Users\robin\AppData\Local\Programs\MiKTeX\tex/generic/pgfplots/liststructure\pgfplotsarray.code.tex
\c@pgfplotsarray@tmp=\count307
) (C:\Users\robin\AppData\Local\Programs\MiKTeX\tex/generic/pgfplots/liststructure\pgfplotsmatrix.code.tex) (C:\Users\robin\AppData\Local\Programs\MiKTeX\tex/generic/pgfplots/numtable\pgfplotstableshared.code.tex
\c@pgfplotstable@counta=\count308
\t@pgfplotstable@a=\toks39
) (C:\Users\robin\AppData\Local\Programs\MiKTeX\tex/generic/pgfplots/liststructure\pgfplotsdeque.code.tex) (C:\Users\robin\AppData\Local\Programs\MiKTeX\tex/generic/pgfplots/util\pgfplotsbinary.code.tex (C:\Users\robin\AppData\Local\Programs\MiKTeX\tex/generic/pgfplots/util\pgfplotsbinary.data.code.tex)) (C:\Users\robin\AppData\Local\Programs\MiKTeX\tex/generic/pgfplots/util\pgfplotsutil.verb.code.tex) (C:\Users\robin\AppData\Local\Programs\MiKTeX\tex/generic/pgfplots/libs\pgflibrarypgfplots.surfshading.code.tex
\c@pgfplotslibrarysurf@no=\count309
 (C:\Users\robin\AppData\Local\Programs\MiKTeX\tex/generic/pgfplots/sys\pgflibrarypgfplots.surfshading.pgfsys-pdftex.def)))
(C:\Users\robin\AppData\Local\Programs\MiKTeX\tex/generic/pgfplots/util\pgfplotscolormap.code.tex (C:\Users\robin\AppData\Local\Programs\MiKTeX\tex/generic/pgfplots/util\pgfplotscolor.code.tex)) (C:\Users\robin\AppData\Local\Programs\MiKTeX\tex/generic/pgfplots\pgfplotsstackedplots.code.tex) (C:\Users\robin\AppData\Local\Programs\MiKTeX\tex/generic/pgfplots\pgfplotsplothandlers.code.tex (C:\Users\robin\AppData\Local\Programs\MiKTeX\tex/generic/pgfplots\pgfplotsmeshplothandler.code.tex (C:\Users\robin\AppData\Local\Programs\MiKTeX\tex/generic/pgfplots\pgfplotsmeshplotimage.code.tex))) (C:\Users\robin\AppData\Local\Programs\MiKTeX\tex/generic/pgfplots\pgfplots.scaling.code.tex) (C:\Users\robin\AppData\Local\Programs\MiKTeX\tex/generic/pgfplots\pgfplotscoordprocessing.code.tex) (C:\Users\robin\AppData\Local\Programs\MiKTeX\tex/generic/pgfplots\pgfplots.errorbars.code.tex) (C:\Users\robin\AppData\Local\Programs\MiKTeX\tex/generic/pgfplots\pgfplots.markers.code.tex) (C:\Users\robin\AppData\Local\Programs\MiKTeX\tex/generic/pgfplots\pgfplotsticks.code.tex) (C:\Users\robin\AppData\Local\Programs\MiKTeX\tex/generic/pgfplots\pgfplots.paths.code.tex) (C:\Users\robin\AppData\Local\Programs\MiKTeX\tex/generic/pgf/frontendlayer/tikz/libraries\tikzlibrarydecorations.code.tex (C:\Users\robin\AppData\Local\Programs\MiKTeX\tex/generic/pgf/modules\pgfmoduledecorations.code.tex
\pgfdecoratedcompleteddistance=\dimen288
\pgfdecoratedremainingdistance=\dimen289
\pgfdecoratedinputsegmentcompleteddistance=\dimen290
\pgfdecoratedinputsegmentremainingdistance=\dimen291
\pgf@decorate@distancetomove=\dimen292
\pgf@decorate@repeatstate=\count310
\pgfdecorationsegmentamplitude=\dimen293
\pgfdecorationsegmentlength=\dimen294
)
\tikz@lib@dec@box=\box106
) (C:\Users\robin\AppData\Local\Programs\MiKTeX\tex/generic/pgf/frontendlayer/tikz/libraries\tikzlibrarydecorations.pathmorphing.code.tex (C:\Users\robin\AppData\Local\Programs\MiKTeX\tex/generic/pgf/libraries/decorations\pgflibrarydecorations.pathmorphing.code.tex)) (C:\Users\robin\AppData\Local\Programs\MiKTeX\tex/generic/pgf/frontendlayer/tikz/libraries\tikzlibrarydecorations.pathreplacing.code.tex (C:\Users\robin\AppData\Local\Programs\MiKTeX\tex/generic/pgf/libraries/decorations\pgflibrarydecorations.pathreplacing.code.tex))
\pgfplots@numplots=\count311
\pgfplots@xmin@reg=\dimen295
\pgfplots@xmax@reg=\dimen296
\pgfplots@ymin@reg=\dimen297
\pgfplots@ymax@reg=\dimen298
\pgfplots@zmin@reg=\dimen299
\pgfplots@zmax@reg=\dimen300
) (C:\Users\robin\AppData\Local\Programs\MiKTeX\tex/generic/pgf/frontendlayer/tikz/libraries\tikzlibraryplotmarks.code.tex
File: tikzlibraryplotmarks.code.tex 2020/12/27 v3.1.8b (3.1.8b)
 (C:\Users\robin\AppData\Local\Programs\MiKTeX\tex/generic/pgf/libraries\pgflibraryplotmarks.code.tex
File: pgflibraryplotmarks.code.tex 2020/12/27 v3.1.8b (3.1.8b)
))) (C:\Users\robin\AppData\Local\Programs\MiKTeX\tex/latex/tikzmark\tikzlibrarytikzmark.code.tex
File: tikzlibrarytikzmark.code.tex 2021/02/16 v1.10 TikZ library for marking positions in a document
 (C:\Users\robin\AppData\Local\Programs\MiKTeX\tex/latex/l3kernel\expl3.sty
Package: expl3 2021-02-18 L3 programming layer (loader) 
 (C:\Users\robin\AppData\Local\Programs\MiKTeX\tex/latex/l3backend\l3backend-pdftex.def
File: l3backend-pdftex.def 2021-02-18 L3 backend support: PDF output (pdfTeX)
\l__color_backend_stack_int=\count312
\l__pdf_internal_box=\box107
)) (C:\Users\robin\AppData\Local\Programs\MiKTeX\tex/latex/l3packages/l3keys2e\l3keys2e.sty
Package: l3keys2e 2020-10-27 LaTeX2e option processing using LaTeX3 keys
) (C:\Users\robin\AppData\Local\Programs\MiKTeX\tex/latex/l3packages/xparse\xparse.sty
Package: xparse 2020-10-27 L3 Experimental document command parser
 (C:\Users\robin\AppData\Local\Programs\MiKTeX\tex/latex/l3packages/xparse\xparse-generic.tex))
\l__sn_x_dim=\dimen301
\l__sn_y_dim=\dimen302
\l__sn_xa_dim=\dimen303
\l__sn_ya_dim=\dimen304
) (C:\Users\robin\AppData\Local\Programs\MiKTeX\tex/latex/blindtext\blindtext.sty
Package: blindtext 2012/01/06 V2.0 blindtext-Package
 (C:\Users\robin\AppData\Local\Programs\MiKTeX\tex/latex/latex-tools\xspace.sty
Package: xspace 2014/10/28 v1.13 Space after command names (DPC,MH)
)
\c@blindtext=\count313
\c@Blindtext=\count314
\c@blind@countparstart=\count315
\blind@countxx=\count316
\blindtext@numBlindtext=\count317
\blind@countyy=\count318
\c@blindlist=\count319
\c@blindlistlevel=\count320
\c@blindlist@level=\count321
\blind@listitem=\count322
\c@blind@listcount=\count323
\c@blind@levelcount=\count324
\blind@mathformula=\count325
\blind@Mathformula=\count326
\c@blind@randomcount=\count327
\c@blind@randommax=\count328
\c@blind@pangramcount=\count329
\c@blind@pangrammax=\count330
) (C:\Users\robin\AppData\Local\Programs\MiKTeX\tex/latex/latex-tools\array.sty
Package: array 2020/10/01 v2.5c Tabular extension package (FMi)
\col@sep=\dimen305
\ar@mcellbox=\box108
\extrarowheight=\dimen306
\NC@list=\toks40
\extratabsurround=\skip54
\backup@length=\skip55
\ar@cellbox=\box109
) (C:\Users\robin\AppData\Local\Programs\MiKTeX\tex/latex/multirow\multirow.sty
Package: multirow 2021/03/15 v2.8 Span multiple rows of a table
\multirow@colwidth=\skip56
\multirow@cntb=\count331
\multirow@dima=\skip57
\bigstrutjot=\dimen307
) (C:\Users\robin\AppData\Local\Programs\MiKTeX\tex/latex/multirow\bigdelim.sty
Package: bigdelim 2021/03/15 v2.8 Create big delimiters in tabular or array
) (C:\Users\robin\AppData\Local\Programs\MiKTeX\tex/latex/colortbl\colortbl.sty
Package: colortbl 2020/01/04 v1.0e Color table columns (DPC)
\everycr=\toks41
\minrowclearance=\skip58
) (C:\Users\robin\AppData\Local\Programs\MiKTeX\tex/latex/fancyhdr\fancyhdr.sty
Package: fancyhdr 2021/01/28 v4.0.1 Extensive control of page headers and footers
\f@nch@headwidth=\skip59
\f@nch@O@elh=\skip60
\f@nch@O@erh=\skip61
\f@nch@O@olh=\skip62
\f@nch@O@orh=\skip63
\f@nch@O@elf=\skip64
\f@nch@O@erf=\skip65
\f@nch@O@olf=\skip66
\f@nch@O@orf=\skip67
) (C:\Users\robin\AppData\Local\Programs\MiKTeX\tex/latex/latex-tools\tabularx.sty
Package: tabularx 2020/01/15 v2.11c `tabularx' package (DPC)
\TX@col@width=\dimen308
\TX@old@table=\dimen309
\TX@old@col=\dimen310
\TX@target=\dimen311
\TX@delta=\dimen312
\TX@cols=\count332
\TX@ftn=\toks42
) (C:\Users\robin\AppData\Local\Programs\MiKTeX\tex/latex/psnfss\helvet.sty
Package: helvet 2020/03/25 PSNFSS-v9.3 (WaS) 
)
LaTeX Font Info:    Trying to load font information for T1+phv on input line 36.
 (C:\Users\robin\AppData\Local\Programs\MiKTeX\tex/latex/psnfss\t1phv.fd
File: t1phv.fd 2020/03/25 scalable font definitions for T1/phv.
) (d:/Schuldateien\TeX\Informatik-ABI-Zusammenfassung\IT ABI Zusammenfassung.aux)
\openout1 = `"IT ABI Zusammenfassung.aux"'.

LaTeX Font Info:    Checking defaults for OML/cmm/m/it on input line 36.
LaTeX Font Info:    ... okay on input line 36.
LaTeX Font Info:    Checking defaults for OMS/cmsy/m/n on input line 36.
LaTeX Font Info:    ... okay on input line 36.
LaTeX Font Info:    Checking defaults for OT1/cmr/m/n on input line 36.
LaTeX Font Info:    ... okay on input line 36.
LaTeX Font Info:    Checking defaults for T1/cmr/m/n on input line 36.
LaTeX Font Info:    ... okay on input line 36.
LaTeX Font Info:    Checking defaults for TS1/cmr/m/n on input line 36.
LaTeX Font Info:    ... okay on input line 36.
LaTeX Font Info:    Checking defaults for OMX/cmex/m/n on input line 36.
LaTeX Font Info:    ... okay on input line 36.
LaTeX Font Info:    Checking defaults for U/cmr/m/n on input line 36.
LaTeX Font Info:    ... okay on input line 36.
 (C:\Users\robin\AppData\Local\Programs\MiKTeX\tex/context/base/mkii\supp-pdf.mkii
[Loading MPS to PDF converter (version 2006.09.02).]
\scratchcounter=\count333
\scratchdimen=\dimen313
\scratchbox=\box110
\nofMPsegments=\count334
\nofMParguments=\count335
\everyMPshowfont=\toks43
\MPscratchCnt=\count336
\MPscratchDim=\dimen314
\MPnumerator=\count337
\makeMPintoPDFobject=\count338
\everyMPtoPDFconversion=\toks44
) (C:\Users\robin\AppData\Local\Programs\MiKTeX\tex/latex/epstopdf-pkg\epstopdf-base.sty
Package: epstopdf-base 2020-01-24 v2.11 Base part for package epstopdf
Package epstopdf-base Info: Redefining graphics rule for `.eps' on input line 485.
)
*geometry* driver: auto-detecting
*geometry* detected driver: pdftex
*geometry* verbose mode - [ preamble ] result:
* driver: pdftex
* paper: a4paper
* layout: <same size as paper>
* layoutoffset:(h,v)=(0.0pt,0.0pt)
* modes: 
* h-part:(L,W,R)=(56.9055pt, 483.69687pt, 56.9055pt)
* v-part:(T,H,B)=(56.9055pt, 731.23584pt, 56.9055pt)
* \paperwidth=597.50787pt
* \paperheight=845.04684pt
* \textwidth=483.69687pt
* \textheight=731.23584pt
* \oddsidemargin=-15.36449pt
* \evensidemargin=-15.36449pt
* \topmargin=-52.36449pt
* \headheight=12.0pt
* \headsep=25.0pt
* \topskip=12.0pt
* \footskip=30.0pt
* \marginparwidth=35.0pt
* \marginparsep=10.0pt
* \columnsep=10.0pt
* \skip\footins=10.8pt plus 4.0pt minus 2.0pt
* \hoffset=0.0pt
* \voffset=0.0pt
* \mag=1000
* \@twocolumnfalse
* \@twosidefalse
* \@mparswitchfalse
* \@reversemarginfalse
* (1in=72.27pt=25.4mm, 1cm=28.453pt)


Package pgfplots Warning: running in backwards compatibility mode (unsuitable tick labels; missing features). Consider writing \pgfplotsset{compat=1.17} into your preamble.
 on input line 36.

LaTeX Font Info:    Trying to load font information for U+msa on input line 37.
(C:\Users\robin\AppData\Local\Programs\MiKTeX\tex/latex/amsfonts\umsa.fd
File: umsa.fd 2013/01/14 v3.01 AMS symbols A
)
LaTeX Font Info:    Trying to load font information for U+msb on input line 37.
 (C:\Users\robin\AppData\Local\Programs\MiKTeX\tex/latex/amsfonts\umsb.fd
File: umsb.fd 2013/01/14 v3.01 AMS symbols B
) (d:/Schuldateien\TeX\Informatik-ABI-Zusammenfassung\IT ABI Zusammenfassung.toc
LaTeX Font Info:    Font shape `T1/phv/m/it' in size <12> not available
(Font)              Font shape `T1/phv/m/sl' tried instead on input line 16.
 [1

{C:/Users/robin/AppData/Local/MiKTeX/pdftex/config/pdftex.map}]
<Bilder/BSZLOGO.png, id=11, 767.86874pt x 198.7425pt>
File: Bilder/BSZLOGO.png Graphic file (type png)
<use Bilder/BSZLOGO.png>
Package pdftex.def Info: Bilder/BSZLOGO.png  used on input line 79.
(pdftex.def)             Requested size: 115.17534pt x 29.81007pt.


Package fancyhdr Warning: \headheight is too small (12.0pt): 
(fancyhdr)                Make it at least 34.16011pt, for example:
(fancyhdr)                \setlength{\headheight}{34.16011pt}.
(fancyhdr)                You might also make \topmargin smaller to compensate:
(fancyhdr)                \addtolength{\topmargin}{-22.16011pt}.

[2 <d:/Schuldateien/TeX/Informatik-ABI-Zusammenfassung/Bilder/BSZLOGO.png>])
\tf@toc=\write4
\openout4 = `"IT ABI Zusammenfassung.toc"'.

File: Bilder/BSZLOGO.png Graphic file (type png)
<use Bilder/BSZLOGO.png>
Package pdftex.def Info: Bilder/BSZLOGO.png  used on input line 39.
(pdftex.def)             Requested size: 115.17534pt x 29.81007pt.


Package fancyhdr Warning: \headheight is too small (12.0pt): 
(fancyhdr)                Make it at least 34.16011pt, for example:
(fancyhdr)                \setlength{\headheight}{34.16011pt}.
(fancyhdr)                You might also make \topmargin smaller to compensate:
(fancyhdr)                \addtolength{\topmargin}{-22.16011pt}.

[3]
Overfull \hbox (19.06068pt too wide) in paragraph at lines 48--49
[] 
 []


Underfull \hbox (badness 10000) in paragraph at lines 48--49

 []


Overfull \hbox (47.51344pt too wide) in paragraph at lines 85--86
[] 
 []


Overfull \hbox (19.06068pt too wide) in paragraph at lines 124--125
[] 
 []


Overfull \hbox (13.89587pt too wide) in paragraph at lines 162--162
[]|\T1/phv/m/n/12 0,1,[...],8,9,A,B,C,D,E,F| 
 []


Overfull \hbox (19.06068pt too wide) in paragraph at lines 162--163
[] 
 []

LaTeX Font Info:    Font shape `T1/phv/b/it' in size <12> not available
(Font)              Font shape `T1/phv/b/sl' tried instead on input line 198.

Overfull \hbox (44.1119pt too wide) in paragraph at lines 233--234
 [][] 
 []

File: Bilder/BSZLOGO.png Graphic file (type png)
<use Bilder/BSZLOGO.png>
Package pdftex.def Info: Bilder/BSZLOGO.png  used on input line 236.
(pdftex.def)             Requested size: 115.17534pt x 29.81007pt.

Package fancyhdr Warning: \headheight is too small (12.0pt): 
(fancyhdr)                Make it at least 34.16011pt, for example:
(fancyhdr)                \setlength{\headheight}{34.16011pt}.
(fancyhdr)                You might also make \topmargin smaller to compensate:
(fancyhdr)                \addtolength{\topmargin}{-22.16011pt}.

[4]
Overfull \hbox (4.206pt too wide) in paragraph at lines 251--252
\T1/phv/m/n/12 Beim Ein-pro-gramm-be-trieb ver-wal-tet das Be-triebs-sys-tem den Haupt-spei-cher als einen groÿen
 []

File: Bilder/BSZLOGO.png Graphic file (type png)
<use Bilder/BSZLOGO.png>
Package pdftex.def Info: Bilder/BSZLOGO.png  used on input line 252.
(pdftex.def)             Requested size: 115.17534pt x 29.81007pt.

Package fancyhdr Warning: \headheight is too small (12.0pt): 
(fancyhdr)                Make it at least 34.16011pt, for example:
(fancyhdr)                \setlength{\headheight}{34.16011pt}.
(fancyhdr)                You might also make \topmargin smaller to compensate:
(fancyhdr)                \addtolength{\topmargin}{-22.16011pt}.

[5]
File: Bilder/BSZLOGO.png Graphic file (type png)
<use Bilder/BSZLOGO.png>
Package pdftex.def Info: Bilder/BSZLOGO.png  used on input line 289.
(pdftex.def)             Requested size: 115.17534pt x 29.81007pt.


Package fancyhdr Warning: \headheight is too small (12.0pt): 
(fancyhdr)                Make it at least 34.16011pt, for example:
(fancyhdr)                \setlength{\headheight}{34.16011pt}.
(fancyhdr)                You might also make \topmargin smaller to compensate:
(fancyhdr)                \addtolength{\topmargin}{-22.16011pt}.

[6]
LaTeX Font Info:    Trying to load font information for TS1+phv on input line 292.
 (C:\Users\robin\AppData\Local\Programs\MiKTeX\tex/latex/psnfss\ts1phv.fd
File: ts1phv.fd 2020/03/25 scalable font definitions for TS1/phv.
)
Overfull \hbox (6.79999pt too wide) in paragraph at lines 300--301
 [][][] 
 []

File: Bilder/BSZLOGO.png Graphic file (type png)
<use Bilder/BSZLOGO.png>
Package pdftex.def Info: Bilder/BSZLOGO.png  used on input line 373.
(pdftex.def)             Requested size: 115.17534pt x 29.81007pt.

Package fancyhdr Warning: \headheight is too small (12.0pt): 
(fancyhdr)                Make it at least 34.16011pt, for example:
(fancyhdr)                \setlength{\headheight}{34.16011pt}.
(fancyhdr)                You might also make \topmargin smaller to compensate:
(fancyhdr)                \addtolength{\topmargin}{-22.16011pt}.

[7]
File: Bilder/BSZLOGO.png Graphic file (type png)
<use Bilder/BSZLOGO.png>
Package pdftex.def Info: Bilder/BSZLOGO.png  used on input line 448.
(pdftex.def)             Requested size: 115.17534pt x 29.81007pt.


Package fancyhdr Warning: \headheight is too small (12.0pt): 
(fancyhdr)                Make it at least 34.16011pt, for example:
(fancyhdr)                \setlength{\headheight}{34.16011pt}.
(fancyhdr)                You might also make \topmargin smaller to compensate:
(fancyhdr)                \addtolength{\topmargin}{-22.16011pt}.

[8]
LaTeX Font Info:    Font shape `T1/phv/b/it' in size <14.4> not available
(Font)              Font shape `T1/phv/b/sl' tried instead on input line 450.

Underfull \hbox (badness 10000) in alignment at lines 469--469
[][][][][][][]
 []


Underfull \hbox (badness 10000) in paragraph at lines 512--512
[]|\T1/phv/m/n/10.95 reelle An-fangs-
 []


Underfull \hbox (badness 10000) in paragraph at lines 494--518

 []

File: Bilder/BSZLOGO.png Graphic file (type png)
<use Bilder/BSZLOGO.png>
Package pdftex.def Info: Bilder/BSZLOGO.png  used on input line 518.
(pdftex.def)             Requested size: 115.17534pt x 29.81007pt.

Package fancyhdr Warning: \headheight is too small (12.0pt): 
(fancyhdr)                Make it at least 34.16011pt, for example:
(fancyhdr)                \setlength{\headheight}{34.16011pt}.
(fancyhdr)                You might also make \topmargin smaller to compensate:
(fancyhdr)                \addtolength{\topmargin}{-22.16011pt}.

[9]
Underfull \hbox (badness 10000) in paragraph at lines 536--536
[]|\T1/phv/m/n/10.95 reelle An-fangs-
 []


Underfull \hbox (badness 10000) in paragraph at lines 540--544

 []

File: Bilder/BSZLOGO.png Graphic file (type png)
<use Bilder/BSZLOGO.png>
Package pdftex.def Info: Bilder/BSZLOGO.png  used on input line 580.
(pdftex.def)             Requested size: 115.17534pt x 29.81007pt.

Package fancyhdr Warning: \headheight is too small (12.0pt): 
(fancyhdr)                Make it at least 34.16011pt, for example:
(fancyhdr)                \setlength{\headheight}{34.16011pt}.
(fancyhdr)                You might also make \topmargin smaller to compensate:
(fancyhdr)                \addtolength{\topmargin}{-22.16011pt}.

[10]
Overfull \hbox (3.33708pt too wide) in paragraph at lines 636--636
[]|\T1/phv/m/n/10.95 Seitennummer| 
 []


Overfull \hbox (3.33708pt too wide) in paragraph at lines 650--650
[]|\T1/phv/m/n/10.95 Seitennummer| 
 []


Overfull \hbox (3.33708pt too wide) in paragraph at lines 664--664
[]|\T1/phv/m/n/10.95 Seitennummer| 
 []

File: Bilder/BSZLOGO.png Graphic file (type png)
<use Bilder/BSZLOGO.png>
Package pdftex.def Info: Bilder/BSZLOGO.png  used on input line 666.
(pdftex.def)             Requested size: 115.17534pt x 29.81007pt.

Package fancyhdr Warning: \headheight is too small (12.0pt): 
(fancyhdr)                Make it at least 34.16011pt, for example:
(fancyhdr)                \setlength{\headheight}{34.16011pt}.
(fancyhdr)                You might also make \topmargin smaller to compensate:
(fancyhdr)                \addtolength{\topmargin}{-22.16011pt}.

[11]
Underfull \hbox (badness 3068) in paragraph at lines 697--697
[]|\T1/phv/m/n/12 Offset $\OT1/cmr/m/n/12 2[] = 16\OML/cmm/m/it/12 Byte \OT1/cmr/m/n/12 =
 []


Underfull \hbox (badness 3068) in paragraph at lines 697--697
[]|\T1/phv/m/n/12 Offset $\OT1/cmr/m/n/12 2[] = 16\OML/cmm/m/it/12 Byte \OT1/cmr/m/n/12 =
 []


Underfull \hbox (badness 10000) in paragraph at lines 699--700

 []

File: Bilder/BSZLOGO.png Graphic file (type png)
<use Bilder/BSZLOGO.png>
Package pdftex.def Info: Bilder/BSZLOGO.png  used on input line 734.
(pdftex.def)             Requested size: 115.17534pt x 29.81007pt.

Package fancyhdr Warning: \headheight is too small (12.0pt): 
(fancyhdr)                Make it at least 34.16011pt, for example:
(fancyhdr)                \setlength{\headheight}{34.16011pt}.
(fancyhdr)                You might also make \topmargin smaller to compensate:
(fancyhdr)                \addtolength{\topmargin}{-22.16011pt}.

[12]
Underfull \hbox (badness 10000) in paragraph at lines 737--745

 []


Underfull \hbox (badness 10000) in paragraph at lines 737--745

 []


Underfull \hbox (badness 10000) in paragraph at lines 737--745

 []

File: Bilder/BSZLOGO.png Graphic file (type png)
<use Bilder/BSZLOGO.png>
Package pdftex.def Info: Bilder/BSZLOGO.png  used on input line 754.
(pdftex.def)             Requested size: 115.17534pt x 29.81007pt.

Package fancyhdr Warning: \headheight is too small (12.0pt): 
(fancyhdr)                Make it at least 34.16011pt, for example:
(fancyhdr)                \setlength{\headheight}{34.16011pt}.
(fancyhdr)                You might also make \topmargin smaller to compensate:
(fancyhdr)                \addtolength{\topmargin}{-22.16011pt}.

[13]
Underfull \hbox (badness 10000) in paragraph at lines 765--765
[]|\T1/phv/m/n/12 überflüssige Ko-pier-vor-gän-ge, Backups
 []

File: Bilder/BSZLOGO.png Graphic file (type png)
<use Bilder/BSZLOGO.png>
Package pdftex.def Info: Bilder/BSZLOGO.png  used on input line 787.
(pdftex.def)             Requested size: 115.17534pt x 29.81007pt.

Package fancyhdr Warning: \headheight is too small (12.0pt): 
(fancyhdr)                Make it at least 34.16011pt, for example:
(fancyhdr)                \setlength{\headheight}{34.16011pt}.
(fancyhdr)                You might also make \topmargin smaller to compensate:
(fancyhdr)                \addtolength{\topmargin}{-22.16011pt}.

[14]
Underfull \hbox (badness 10000) in paragraph at lines 790--798

 []


Underfull \hbox (badness 10000) in paragraph at lines 790--798

 []


Underfull \hbox (badness 10000) in paragraph at lines 790--798

 []

File: Bilder/BSZLOGO.png Graphic file (type png)
<use Bilder/BSZLOGO.png>
Package pdftex.def Info: Bilder/BSZLOGO.png  used on input line 812.
(pdftex.def)             Requested size: 115.17534pt x 29.81007pt.

Package fancyhdr Warning: \headheight is too small (12.0pt): 
(fancyhdr)                Make it at least 34.16011pt, for example:
(fancyhdr)                \setlength{\headheight}{34.16011pt}.
(fancyhdr)                You might also make \topmargin smaller to compensate:
(fancyhdr)                \addtolength{\topmargin}{-22.16011pt}.

[15]
File: Bilder/BSZLOGO.png Graphic file (type png)
<use Bilder/BSZLOGO.png>
Package pdftex.def Info: Bilder/BSZLOGO.png  used on input line 837.
(pdftex.def)             Requested size: 115.17534pt x 29.81007pt.


Package fancyhdr Warning: \headheight is too small (12.0pt): 
(fancyhdr)                Make it at least 34.16011pt, for example:
(fancyhdr)                \setlength{\headheight}{34.16011pt}.
(fancyhdr)                You might also make \topmargin smaller to compensate:
(fancyhdr)                \addtolength{\topmargin}{-22.16011pt}.

[16]
File: Bilder/BSZLOGO.png Graphic file (type png)
<use Bilder/BSZLOGO.png>
Package pdftex.def Info: Bilder/BSZLOGO.png  used on input line 860.
(pdftex.def)             Requested size: 115.17534pt x 29.81007pt.


Package fancyhdr Warning: \headheight is too small (12.0pt): 
(fancyhdr)                Make it at least 34.16011pt, for example:
(fancyhdr)                \setlength{\headheight}{34.16011pt}.
(fancyhdr)                You might also make \topmargin smaller to compensate:
(fancyhdr)                \addtolength{\topmargin}{-22.16011pt}.

[17]
LaTeX Font Info:    Font shape `T1/phv/m/it' in size <10.95> not available
(Font)              Font shape `T1/phv/m/sl' tried instead on input line 995.

Underfull \hbox (badness 10000) in paragraph at lines 1004--1020

 []


Underfull \hbox (badness 10000) in paragraph at lines 1004--1020
[]
 []

File: Bilder/BSZLOGO.png Graphic file (type png)
<use Bilder/BSZLOGO.png>
Package pdftex.def Info: Bilder/BSZLOGO.png  used on input line 1031.
(pdftex.def)             Requested size: 115.17534pt x 29.81007pt.

Package fancyhdr Warning: \headheight is too small (12.0pt): 
(fancyhdr)                Make it at least 34.16011pt, for example:
(fancyhdr)                \setlength{\headheight}{34.16011pt}.
(fancyhdr)                You might also make \topmargin smaller to compensate:
(fancyhdr)                \addtolength{\topmargin}{-22.16011pt}.

[18]
Overfull \vbox (15.96661pt too high) has occurred while \output is active []

File: Bilder/BSZLOGO.png Graphic file (type png)
<use Bilder/BSZLOGO.png>
Package pdftex.def Info: Bilder/BSZLOGO.png  used on input line 1031.
(pdftex.def)             Requested size: 115.17534pt x 29.81007pt.


Package fancyhdr Warning: \headheight is too small (12.0pt): 
(fancyhdr)                Make it at least 34.16011pt, for example:
(fancyhdr)                \setlength{\headheight}{34.16011pt}.
(fancyhdr)                You might also make \topmargin smaller to compensate:
(fancyhdr)                \addtolength{\topmargin}{-22.16011pt}.

[19]
File: Bilder/BSZLOGO.png Graphic file (type png)
<use Bilder/BSZLOGO.png>
Package pdftex.def Info: Bilder/BSZLOGO.png  used on input line 1068.
(pdftex.def)             Requested size: 115.17534pt x 29.81007pt.


Package fancyhdr Warning: \headheight is too small (12.0pt): 
(fancyhdr)                Make it at least 34.16011pt, for example:
(fancyhdr)                \setlength{\headheight}{34.16011pt}.
(fancyhdr)                You might also make \topmargin smaller to compensate:
(fancyhdr)                \addtolength{\topmargin}{-22.16011pt}.

[20]
<Bilder/OSI-Modell1.png, id=83, 534.49687pt x 543.53062pt>
File: Bilder/OSI-Modell1.png Graphic file (type png)
<use Bilder/OSI-Modell1.png>
Package pdftex.def Info: Bilder/OSI-Modell1.png  used on input line 1071.
(pdftex.def)             Requested size: 240.52136pt x 244.58652pt.
<Bilder/OSI-Modell2.png, id=84, 639.38875pt x 231.86626pt>
File: Bilder/OSI-Modell2.png Graphic file (type png)
<use Bilder/OSI-Modell2.png>
Package pdftex.def Info: Bilder/OSI-Modell2.png  used on input line 1085.
(pdftex.def)             Requested size: 479.54037pt x 173.89925pt.

Underfull \hbox (badness 10000) in paragraph at lines 1069--1087

 []


Overfull \hbox (2.54399pt too wide) in paragraph at lines 1069--1087
[]$ $[]$
 []

File: Bilder/BSZLOGO.png Graphic file (type png)
<use Bilder/BSZLOGO.png>
Package pdftex.def Info: Bilder/BSZLOGO.png  used on input line 1087.
(pdftex.def)             Requested size: 115.17534pt x 29.81007pt.

Package fancyhdr Warning: \headheight is too small (12.0pt): 
(fancyhdr)                Make it at least 34.16011pt, for example:
(fancyhdr)                \setlength{\headheight}{34.16011pt}.
(fancyhdr)                You might also make \topmargin smaller to compensate:
(fancyhdr)                \addtolength{\topmargin}{-22.16011pt}.

[21 <d:/Schuldateien/TeX/Informatik-ABI-Zusammenfassung/Bilder/OSI-Modell1.png>]
Underfull \hbox (badness 10000) in alignment at lines 1100--1100
[][] 
 []


Overfull \hbox (27.83076pt too wide) in alignment at lines 1108--1108
[][][][][][][][] 
 []

File: Bilder/BSZLOGO.png Graphic file (type png)
<use Bilder/BSZLOGO.png>
Package pdftex.def Info: Bilder/BSZLOGO.png  used on input line 1110.
(pdftex.def)             Requested size: 115.17534pt x 29.81007pt.

Package fancyhdr Warning: \headheight is too small (12.0pt): 
(fancyhdr)                Make it at least 34.16011pt, for example:
(fancyhdr)                \setlength{\headheight}{34.16011pt}.
(fancyhdr)                You might also make \topmargin smaller to compensate:
(fancyhdr)                \addtolength{\topmargin}{-22.16011pt}.

[22 <d:/Schuldateien/TeX/Informatik-ABI-Zusammenfassung/Bilder/OSI-Modell2.png>]
<Bilder/Netzwerkklassen.png, id=92, 375.65344pt x 211.54031pt>
File: Bilder/Netzwerkklassen.png Graphic file (type png)
<use Bilder/Netzwerkklassen.png>
Package pdftex.def Info: Bilder/Netzwerkklassen.png  used on input line 1115.
(pdftex.def)             Requested size: 262.9556pt x 148.0772pt.

Overfull \hbox (3.55638pt too wide) in paragraph at lines 1129--1129
[]|\T1/phv/m/n/12 1| 
 []


Overfull \hbox (3.55638pt too wide) in paragraph at lines 1129--1129
[]|\T1/phv/m/n/12 2| 
 []


Overfull \hbox (3.55638pt too wide) in paragraph at lines 1129--1129
[]|\T1/phv/m/n/12 3| 
 []


Overfull \hbox (3.55638pt too wide) in paragraph at lines 1129--1129
[]|\T1/phv/m/n/12 4| 
 []


Overfull \hbox (3.55638pt too wide) in paragraph at lines 1129--1129
[]|\T1/phv/m/n/12 5| 
 []


Overfull \hbox (3.55638pt too wide) in paragraph at lines 1129--1129
[]|\T1/phv/m/n/12 6| 
 []


Overfull \hbox (3.55638pt too wide) in paragraph at lines 1129--1129
[]|\T1/phv/m/n/12 7| 
 []


Overfull \hbox (3.55638pt too wide) in paragraph at lines 1129--1129
[]|\T1/phv/m/n/12 8| 
 []


Overfull \hbox (3.55638pt too wide) in paragraph at lines 1129--1129
[]|\T1/phv/m/n/12 9| 
 []


Overfull \hbox (10.2283pt too wide) in paragraph at lines 1129--1129
[]|\T1/phv/m/n/12 10| 
 []


Overfull \hbox (10.2283pt too wide) in paragraph at lines 1129--1129
[]|\T1/phv/m/n/12 11| 
 []


Overfull \hbox (10.2283pt too wide) in paragraph at lines 1129--1129
[]|\T1/phv/m/n/12 12| 
 []


Overfull \hbox (10.2283pt too wide) in paragraph at lines 1129--1129
[]|\T1/phv/m/n/12 13| 
 []


Overfull \hbox (10.2283pt too wide) in paragraph at lines 1129--1129
[]|\T1/phv/m/n/12 14| 
 []


Overfull \hbox (10.2283pt too wide) in paragraph at lines 1129--1129
[]|\T1/phv/m/n/12 15| 
 []


Overfull \hbox (10.2283pt too wide) in paragraph at lines 1129--1129
[]|\T1/phv/m/n/12 16| 
 []


Overfull \hbox (10.2283pt too wide) in paragraph at lines 1129--1129
[]|\T1/phv/m/n/12 17| 
 []


Overfull \hbox (10.2283pt too wide) in paragraph at lines 1129--1129
[]|\T1/phv/m/n/12 18| 
 []


Overfull \hbox (10.2283pt too wide) in paragraph at lines 1129--1129
[]|\T1/phv/m/n/12 19| 
 []


Overfull \hbox (10.2283pt too wide) in paragraph at lines 1129--1129
[]|\T1/phv/m/n/12 20| 
 []


Overfull \hbox (10.2283pt too wide) in paragraph at lines 1129--1129
[]|\T1/phv/m/n/12 21| 
 []


Overfull \hbox (10.2283pt too wide) in paragraph at lines 1129--1129
[]|\T1/phv/m/n/12 22| 
 []


Overfull \hbox (10.2283pt too wide) in paragraph at lines 1129--1129
[]|\T1/phv/m/n/12 23| 
 []


Overfull \hbox (10.2283pt too wide) in paragraph at lines 1129--1129
[]|\T1/phv/m/n/12 24| 
 []


Overfull \hbox (10.2283pt too wide) in paragraph at lines 1129--1129
[]|\T1/phv/m/n/12 25| 
 []


Overfull \hbox (10.2283pt too wide) in paragraph at lines 1129--1129
[]|\T1/phv/m/n/12 26| 
 []


Overfull \hbox (10.2283pt too wide) in paragraph at lines 1129--1129
[]|\T1/phv/m/n/12 27| 
 []


Overfull \hbox (10.2283pt too wide) in paragraph at lines 1129--1129
[]|\T1/phv/m/n/12 28| 
 []


Overfull \hbox (10.2283pt too wide) in paragraph at lines 1129--1129
[]|\T1/phv/m/n/12 29| 
 []


Overfull \hbox (10.2283pt too wide) in paragraph at lines 1129--1129
[]|\T1/phv/m/n/12 30| 
 []


Overfull \hbox (10.2283pt too wide) in paragraph at lines 1129--1129
[]|\T1/phv/m/n/12 31| 
 []


Overfull \hbox (10.2283pt too wide) in paragraph at lines 1129--1129
[]|\T1/phv/m/n/12 32| 
 []


Overfull \hbox (3.55638pt too wide) in paragraph at lines 1129--1129
[]|\T1/phv/m/n/12 1| 
 []


Overfull \hbox (3.55638pt too wide) in paragraph at lines 1129--1129
[]|\T1/phv/m/n/12 1| 
 []


Overfull \hbox (3.55638pt too wide) in paragraph at lines 1129--1129
[]|\T1/phv/m/n/12 1| 
 []


Overfull \hbox (3.55638pt too wide) in paragraph at lines 1129--1129
[]|\T1/phv/m/n/12 1| 
 []


Overfull \hbox (3.55638pt too wide) in paragraph at lines 1129--1129
[]|\T1/phv/m/n/12 1| 
 []


Overfull \hbox (3.55638pt too wide) in paragraph at lines 1129--1129
[]|\T1/phv/m/n/12 1| 
 []


Overfull \hbox (3.55638pt too wide) in paragraph at lines 1129--1129
[]|\T1/phv/m/n/12 1| 
 []


Overfull \hbox (3.55638pt too wide) in paragraph at lines 1129--1129
[]|\T1/phv/m/n/12 1| 
 []


Overfull \hbox (3.55638pt too wide) in paragraph at lines 1129--1129
[]|\T1/phv/m/n/12 1| 
 []


Overfull \hbox (3.55638pt too wide) in paragraph at lines 1129--1129
[]|\T1/phv/m/n/12 1| 
 []


Overfull \hbox (3.55638pt too wide) in paragraph at lines 1129--1129
[]|\T1/phv/m/n/12 1| 
 []


Overfull \hbox (3.55638pt too wide) in paragraph at lines 1129--1129
[]|\T1/phv/m/n/12 1| 
 []


Overfull \hbox (3.55638pt too wide) in paragraph at lines 1129--1129
[]|\T1/phv/m/n/12 1| 
 []


Overfull \hbox (3.55638pt too wide) in paragraph at lines 1129--1129
[]|\T1/phv/m/n/12 1| 
 []


Overfull \hbox (3.55638pt too wide) in paragraph at lines 1129--1129
[]|\T1/phv/m/n/12 1| 
 []


Overfull \hbox (3.55638pt too wide) in paragraph at lines 1129--1129
[]|\T1/phv/m/n/12 1| 
 []


Overfull \hbox (3.55638pt too wide) in paragraph at lines 1129--1129
[]|\T1/phv/m/n/12 1| 
 []


Overfull \hbox (3.55638pt too wide) in paragraph at lines 1129--1129
[]|\T1/phv/m/n/12 0| 
 []


Overfull \hbox (3.55638pt too wide) in paragraph at lines 1129--1129
[]|\T1/phv/m/n/12 0| 
 []


Overfull \hbox (3.55638pt too wide) in paragraph at lines 1129--1129
[]|\T1/phv/m/n/12 0| 
 []


Overfull \hbox (3.55638pt too wide) in paragraph at lines 1129--1129
[]|\T1/phv/m/n/12 0| 
 []


Overfull \hbox (3.55638pt too wide) in paragraph at lines 1129--1129
[]|\T1/phv/m/n/12 0| 
 []


Overfull \hbox (3.55638pt too wide) in paragraph at lines 1129--1129
[]|\T1/phv/m/n/12 0| 
 []


Overfull \hbox (3.55638pt too wide) in paragraph at lines 1129--1129
[]|\T1/phv/m/n/12 0| 
 []


Overfull \hbox (3.55638pt too wide) in paragraph at lines 1129--1129
[]|\T1/phv/m/n/12 0| 
 []


Overfull \hbox (3.55638pt too wide) in paragraph at lines 1129--1129
[]|\T1/phv/m/n/12 0| 
 []


Overfull \hbox (3.55638pt too wide) in paragraph at lines 1129--1129
[]|\T1/phv/m/n/12 0| 
 []


Overfull \hbox (3.55638pt too wide) in paragraph at lines 1129--1129
[]|\T1/phv/m/n/12 0| 
 []


Overfull \hbox (3.55638pt too wide) in paragraph at lines 1129--1129
[]|\T1/phv/m/n/12 0| 
 []


Overfull \hbox (3.55638pt too wide) in paragraph at lines 1129--1129
[]|\T1/phv/m/n/12 0| 
 []


Overfull \hbox (3.55638pt too wide) in paragraph at lines 1129--1129
[]|\T1/phv/m/n/12 0| 
 []


Overfull \hbox (3.55638pt too wide) in paragraph at lines 1129--1129
[]|\T1/phv/m/n/12 0| 
 []


LaTeX Warning: `h' float specifier changed to `ht'.

File: Bilder/BSZLOGO.png Graphic file (type png)
<use Bilder/BSZLOGO.png>
Package pdftex.def Info: Bilder/BSZLOGO.png  used on input line 1157.
(pdftex.def)             Requested size: 115.17534pt x 29.81007pt.

Package fancyhdr Warning: \headheight is too small (12.0pt): 
(fancyhdr)                Make it at least 34.16011pt, for example:
(fancyhdr)                \setlength{\headheight}{34.16011pt}.
(fancyhdr)                You might also make \topmargin smaller to compensate:
(fancyhdr)                \addtolength{\topmargin}{-22.16011pt}.

[23 <d:/Schuldateien/TeX/Informatik-ABI-Zusammenfassung/Bilder/Netzwerkklassen.png>]
<Bilder/MAC.png, id=97, 414.79968pt x 94.10156pt>
File: Bilder/MAC.png Graphic file (type png)
<use Bilder/MAC.png>
Package pdftex.def Info: Bilder/MAC.png  used on input line 1191.
(pdftex.def)             Requested size: 414.79868pt x 94.10132pt.
File: Bilder/BSZLOGO.png Graphic file (type png)
<use Bilder/BSZLOGO.png>
Package pdftex.def Info: Bilder/BSZLOGO.png  used on input line 1195.
(pdftex.def)             Requested size: 115.17534pt x 29.81007pt.


Package fancyhdr Warning: \headheight is too small (12.0pt): 
(fancyhdr)                Make it at least 34.16011pt, for example:
(fancyhdr)                \setlength{\headheight}{34.16011pt}.
(fancyhdr)                You might also make \topmargin smaller to compensate:
(fancyhdr)                \addtolength{\topmargin}{-22.16011pt}.

[24]
Underfull \hbox (badness 10000) in paragraph at lines 1222--1227

 []


Underfull \hbox (badness 10000) in paragraph at lines 1244--1247

 []


Underfull \hbox (badness 10000) in paragraph at lines 1244--1247

 []


Underfull \hbox (badness 10000) in paragraph at lines 1254--1254
[]|\T1/phv/m/n/12 Nutzdaten
 []

File: Bilder/BSZLOGO.png Graphic file (type png)
<use Bilder/BSZLOGO.png>
Package pdftex.def Info: Bilder/BSZLOGO.png  used on input line 1255.
(pdftex.def)             Requested size: 115.17534pt x 29.81007pt.

Package fancyhdr Warning: \headheight is too small (12.0pt): 
(fancyhdr)                Make it at least 34.16011pt, for example:
(fancyhdr)                \setlength{\headheight}{34.16011pt}.
(fancyhdr)                You might also make \topmargin smaller to compensate:
(fancyhdr)                \addtolength{\topmargin}{-22.16011pt}.

[25 <d:/Schuldateien/TeX/Informatik-ABI-Zusammenfassung/Bilder/MAC.png>]
File: Bilder/BSZLOGO.png Graphic file (type png)
<use Bilder/BSZLOGO.png>
Package pdftex.def Info: Bilder/BSZLOGO.png  used on input line 1259.
(pdftex.def)             Requested size: 115.17534pt x 29.81007pt.


Package fancyhdr Warning: \headheight is too small (12.0pt): 
(fancyhdr)                Make it at least 34.16011pt, for example:
(fancyhdr)                \setlength{\headheight}{34.16011pt}.
(fancyhdr)                You might also make \topmargin smaller to compensate:
(fancyhdr)                \addtolength{\topmargin}{-22.16011pt}.

[26]
<Bilder/CSMACD.png, id=109, 1266.7325pt x 1365.1pt>
File: Bilder/CSMACD.png Graphic file (type png)
<use Bilder/CSMACD.png>
Package pdftex.def Info: Bilder/CSMACD.png  used on input line 1264.
(pdftex.def)             Requested size: 380.02269pt x 409.53316pt.

Underfull \hbox (badness 10000) in paragraph at lines 1268--1272

 []

File: Bilder/BSZLOGO.png Graphic file (type png)
<use Bilder/BSZLOGO.png>
Package pdftex.def Info: Bilder/BSZLOGO.png  used on input line 1272.
(pdftex.def)             Requested size: 115.17534pt x 29.81007pt.

Package fancyhdr Warning: \headheight is too small (12.0pt): 
(fancyhdr)                Make it at least 34.16011pt, for example:
(fancyhdr)                \setlength{\headheight}{34.16011pt}.
(fancyhdr)                You might also make \topmargin smaller to compensate:
(fancyhdr)                \addtolength{\topmargin}{-22.16011pt}.

[27 <d:/Schuldateien/TeX/Informatik-ABI-Zusammenfassung/Bilder/CSMACD.png>]
Underfull \hbox (badness 10000) in paragraph at lines 1303--1310

 []


Underfull \hbox (badness 10000) in paragraph at lines 1303--1310

 []


Underfull \hbox (badness 10000) in paragraph at lines 1303--1310

 []


Underfull \hbox (badness 10000) in paragraph at lines 1303--1310

 []

File: Bilder/BSZLOGO.png Graphic file (type png)
<use Bilder/BSZLOGO.png>
Package pdftex.def Info: Bilder/BSZLOGO.png  used on input line 1317.
(pdftex.def)             Requested size: 115.17534pt x 29.81007pt.

Package fancyhdr Warning: \headheight is too small (12.0pt): 
(fancyhdr)                Make it at least 34.16011pt, for example:
(fancyhdr)                \setlength{\headheight}{34.16011pt}.
(fancyhdr)                You might also make \topmargin smaller to compensate:
(fancyhdr)                \addtolength{\topmargin}{-22.16011pt}.

[28]
<Bilder/ARP-Protokoll PAP.png, id=117, 975.645pt x 1240.635pt>
File: Bilder/ARP-Protokoll PAP.png Graphic file (type png)
<use Bilder/ARP-Protokoll PAP.png>
Package pdftex.def Info: Bilder/ARP-Protokoll PAP.png  used on input line 1322.
(pdftex.def)             Requested size: 292.69576pt x 372.19337pt.
File: Bilder/BSZLOGO.png Graphic file (type png)
<use Bilder/BSZLOGO.png>
Package pdftex.def Info: Bilder/BSZLOGO.png  used on input line 1368.
(pdftex.def)             Requested size: 115.17534pt x 29.81007pt.


Package fancyhdr Warning: \headheight is too small (12.0pt): 
(fancyhdr)                Make it at least 34.16011pt, for example:
(fancyhdr)                \setlength{\headheight}{34.16011pt}.
(fancyhdr)                You might also make \topmargin smaller to compensate:
(fancyhdr)                \addtolength{\topmargin}{-22.16011pt}.

[29 <d:/Schuldateien/TeX/Informatik-ABI-Zusammenfassung/Bilder/ARP-Protokoll PAP.png>]
File: Bilder/BSZLOGO.png Graphic file (type png)
<use Bilder/BSZLOGO.png>
Package pdftex.def Info: Bilder/BSZLOGO.png  used on input line 1368.
(pdftex.def)             Requested size: 115.17534pt x 29.81007pt.


Package fancyhdr Warning: \headheight is too small (12.0pt): 
(fancyhdr)                Make it at least 34.16011pt, for example:
(fancyhdr)                \setlength{\headheight}{34.16011pt}.
(fancyhdr)                You might also make \topmargin smaller to compensate:
(fancyhdr)                \addtolength{\topmargin}{-22.16011pt}.

[30]
Overfull \hbox (2.54396pt too wide) in paragraph at lines 1369--1391
 [] 
 []

File: Bilder/BSZLOGO.png Graphic file (type png)
<use Bilder/BSZLOGO.png>
Package pdftex.def Info: Bilder/BSZLOGO.png  used on input line 1439.
(pdftex.def)             Requested size: 115.17534pt x 29.81007pt.

Package fancyhdr Warning: \headheight is too small (12.0pt): 
(fancyhdr)                Make it at least 34.16011pt, for example:
(fancyhdr)                \setlength{\headheight}{34.16011pt}.
(fancyhdr)                You might also make \topmargin smaller to compensate:
(fancyhdr)                \addtolength{\topmargin}{-22.16011pt}.

[31]
File: Bilder/BSZLOGO.png Graphic file (type png)
<use Bilder/BSZLOGO.png>
Package pdftex.def Info: Bilder/BSZLOGO.png  used on input line 1440.
(pdftex.def)             Requested size: 115.17534pt x 29.81007pt.


Package fancyhdr Warning: \headheight is too small (12.0pt): 
(fancyhdr)                Make it at least 34.16011pt, for example:
(fancyhdr)                \setlength{\headheight}{34.16011pt}.
(fancyhdr)                You might also make \topmargin smaller to compensate:
(fancyhdr)                \addtolength{\topmargin}{-22.16011pt}.

[32]
File: Bilder/BSZLOGO.png Graphic file (type png)
<use Bilder/BSZLOGO.png>
Package pdftex.def Info: Bilder/BSZLOGO.png  used on input line 1445.
(pdftex.def)             Requested size: 115.17534pt x 29.81007pt.


Package fancyhdr Warning: \headheight is too small (12.0pt): 
(fancyhdr)                Make it at least 34.16011pt, for example:
(fancyhdr)                \setlength{\headheight}{34.16011pt}.
(fancyhdr)                You might also make \topmargin smaller to compensate:
(fancyhdr)                \addtolength{\topmargin}{-22.16011pt}.

[33] (d:/Schuldateien\TeX\Informatik-ABI-Zusammenfassung\IT ABI Zusammenfassung.aux) ) 
Here is how much of TeX's memory you used:
 25738 strings out of 479334
 640868 string characters out of 2857084
 1091363 words of memory out of 3000000
 42716 multiletter control sequences out of 15000+200000
 452462 words of font info for 92 fonts, out of 3000000 for 9000
 1141 hyphenation exceptions out of 8191
 87i,17n,89p,1020b,794s stack positions out of 5000i,500n,10000p,200000b,50000s
{C:/Users/robin/AppData/Local/Programs/MiKTeX/fonts/enc/dvips/base/8r.enc}<C:/Users/robin/AppData/Local/Programs/MiKTeX/fonts/type1/public/amsfonts/cm/cmex10.pfb><C:/Users/robin/AppData/Local/Programs/MiKTeX/fonts/type1/public/amsfonts/cm/cmmi12.pfb><C:/Users/robin/AppData/Local/Programs/MiKTeX/fonts/type1/public/amsfonts/cm/cmmi8.pfb><C:/Users/robin/AppData/Local/Programs/MiKTeX/fonts/type1/public/amsfonts/cm/cmr12.pfb><C:/Users/robin/AppData/Local/Programs/MiKTeX/fonts/type1/public/amsfonts/cm/cmr6.pfb><C:/Users/robin/AppData/Local/Programs/MiKTeX/fonts/type1/public/amsfonts/cm/cmr8.pfb><C:/Users/robin/AppData/Local/Programs/MiKTeX/fonts/type1/public/amsfonts/cm/cmsy10.pfb><C:/Users/robin/AppData/Local/Programs/MiKTeX/fonts/type1/public/amsfonts/cm/cmsy8.pfb><C:/Users/robin/AppData/Local/Programs/MiKTeX/fonts/type1/urw/helvetic/uhvb8a.pfb><C:/Users/robin/AppData/Local/Programs/MiKTeX/fonts/type1/urw/helvetic/uhvbo8a.pfb><C:/Users/robin/AppData/Local/Programs/MiKTeX/fonts/type1/urw/helvetic/uhvr8a.pfb><C:/Users/robin/AppData/Local/Programs/MiKTeX/fonts/type1/urw/helvetic/uhvro8a.pfb>
Output written on "d:/Schuldateien\TeX\Informatik-ABI-Zusammenfassung\IT ABI Zusammenfassung.pdf" (33 pages, 475752 bytes).
PDF statistics:
 174 PDF objects out of 1000 (max. 8388607)
 0 named destinations out of 1000 (max. 500000)
 48 words of extra memory for PDF output out of 10000 (max. 10000000)

