This is pdfTeX, Version 3.14159265-2.6-1.40.21 (MiKTeX 20.10) (preloaded format=pdflatex 2020.10.16)  8 APR 2021 14:09
entering extended mode
**"./IT ABI Zusammenfassung.tex"
("IT ABI Zusammenfassung.tex"
LaTeX2e <2020-10-01> patch level 1
L3 programming layer <2020-10-05> xparse <2020-03-03>
(C:\Users\janni\AppData\Local\Programs\MiKTeX\tex/latex/base\article.cls
Document Class: article 2020/04/10 v1.4m Standard LaTeX document class
(C:\Users\janni\AppData\Local\Programs\MiKTeX\tex/latex/base\size12.clo
File: size12.clo 2020/04/10 v1.4m Standard LaTeX file (size option)
)
\c@part=\count175
\c@section=\count176
\c@subsection=\count177
\c@subsubsection=\count178
\c@paragraph=\count179
\c@subparagraph=\count180
\c@figure=\count181
\c@table=\count182
\abovecaptionskip=\skip47
\belowcaptionskip=\skip48
\bibindent=\dimen138
)
(C:\Users\janni\AppData\Local\Programs\MiKTeX\tex/latex/base\inputenc.sty
Package: inputenc 2020/08/01 v1.3d Input encoding file
\inpenc@prehook=\toks15
\inpenc@posthook=\toks16
)
(C:\Users\janni\AppData\Local\Programs\MiKTeX\tex/generic/babel\babel.sty
Package: babel 2020/10/06 3.50 The Babel package

(C:\Users\janni\AppData\Local\Programs\MiKTeX\tex/generic/babel\babel.def
File: babel.def 2020/10/06 3.50 Babel common definitions
\babel@savecnt=\count183
\U@D=\dimen139
\l@babelnohyphens=\language79

(C:\Users\janni\AppData\Local\Programs\MiKTeX\tex/generic/babel\txtbabel.def)
\bbl@readstream=\read2
)
\bbl@dirlevel=\count184

*************************************
* Local config file bblopts.cfg used
*
(C:\Users\janni\AppData\Local\Programs\MiKTeX\tex/latex/arabi\bblopts.cfg
File: bblopts.cfg 2005/09/08 v0.1 add Arabic and Farsi to "declared" options of
 babel
)
(C:\Users\janni\AppData\Local\Programs\MiKTeX\tex/latex/babel-german\ngerman.ld
f
Language: ngerman 2020/07/21 v2.12 German support for babel (post-1996 orthogra
phy)

(C:\Users\janni\AppData\Local\Programs\MiKTeX\tex/latex/babel-german\ngermanb.l
df
Language: ngermanb 2020/07/21 v2.12 German support for babel (post-1996 orthogr
aphy)
Package babel Info: Making " an active character on input line 121.
))) (C:\Users\janni\AppData\Local\Programs\MiKTeX\tex/latex/base\fontenc.sty
Package: fontenc 2020/08/10 v2.0s Standard LaTeX package
) (C:\Users\janni\AppData\Local\Programs\MiKTeX\tex/latex/amsmath\amsmath.sty
Package: amsmath 2020/09/23 v2.17i AMS math features
\@mathmargin=\skip49

For additional information on amsmath, use the `?' option.
(C:\Users\janni\AppData\Local\Programs\MiKTeX\tex/latex/amsmath\amstext.sty
Package: amstext 2000/06/29 v2.01 AMS text

(C:\Users\janni\AppData\Local\Programs\MiKTeX\tex/latex/amsmath\amsgen.sty
File: amsgen.sty 1999/11/30 v2.0 generic functions
\@emptytoks=\toks17
\ex@=\dimen140
))
(C:\Users\janni\AppData\Local\Programs\MiKTeX\tex/latex/amsmath\amsbsy.sty
Package: amsbsy 1999/11/29 v1.2d Bold Symbols
\pmbraise@=\dimen141
)
(C:\Users\janni\AppData\Local\Programs\MiKTeX\tex/latex/amsmath\amsopn.sty
Package: amsopn 2016/03/08 v2.02 operator names
)
\inf@bad=\count185
LaTeX Info: Redefining \frac on input line 234.
\uproot@=\count186
\leftroot@=\count187
LaTeX Info: Redefining \overline on input line 399.
\classnum@=\count188
\DOTSCASE@=\count189
LaTeX Info: Redefining \ldots on input line 496.
LaTeX Info: Redefining \dots on input line 499.
LaTeX Info: Redefining \cdots on input line 620.
\Mathstrutbox@=\box47
\strutbox@=\box48
\big@size=\dimen142
LaTeX Font Info:    Redeclaring font encoding OML on input line 743.
LaTeX Font Info:    Redeclaring font encoding OMS on input line 744.
\macc@depth=\count190
\c@MaxMatrixCols=\count191
\dotsspace@=\muskip16
\c@parentequation=\count192
\dspbrk@lvl=\count193
\tag@help=\toks18
\row@=\count194
\column@=\count195
\maxfields@=\count196
\andhelp@=\toks19
\eqnshift@=\dimen143
\alignsep@=\dimen144
\tagshift@=\dimen145
\tagwidth@=\dimen146
\totwidth@=\dimen147
\lineht@=\dimen148
\@envbody=\toks20
\multlinegap=\skip50
\multlinetaggap=\skip51
\mathdisplay@stack=\toks21
LaTeX Info: Redefining \[ on input line 2923.
LaTeX Info: Redefining \] on input line 2924.
)
(C:\Users\janni\AppData\Local\Programs\MiKTeX\tex/latex/amsfonts\amsfonts.sty
Package: amsfonts 2013/01/14 v3.01 Basic AMSFonts support
\symAMSa=\mathgroup4
\symAMSb=\mathgroup5
LaTeX Font Info:    Redeclaring math symbol \hbar on input line 98.
LaTeX Font Info:    Overwriting math alphabet `\mathfrak' in version `bold'
(Font)                  U/euf/m/n --> U/euf/b/n on input line 106.
)
(C:\Users\janni\AppData\Local\Programs\MiKTeX\tex/latex/amsfonts\amssymb.sty
Package: amssymb 2013/01/14 v3.01 AMS font symbols
)
(C:\Users\janni\AppData\Local\Programs\MiKTeX\tex/latex/graphics\graphicx.sty
Package: graphicx 2020/09/09 v1.2b Enhanced LaTeX Graphics (DPC,SPQR)

(C:\Users\janni\AppData\Local\Programs\MiKTeX\tex/latex/graphics\keyval.sty
Package: keyval 2014/10/28 v1.15 key=value parser (DPC)
\KV@toks@=\toks22
)
(C:\Users\janni\AppData\Local\Programs\MiKTeX\tex/latex/graphics\graphics.sty
Package: graphics 2020/08/30 v1.4c Standard LaTeX Graphics (DPC,SPQR)

(C:\Users\janni\AppData\Local\Programs\MiKTeX\tex/latex/graphics\trig.sty
Package: trig 2016/01/03 v1.10 sin cos tan (DPC)
)
(C:\Users\janni\AppData\Local\Programs\MiKTeX\tex/latex/graphics-cfg\graphics.c
fg
File: graphics.cfg 2016/06/04 v1.11 sample graphics configuration
)
Package graphics Info: Driver file: pdftex.def on input line 105.

(C:\Users\janni\AppData\Local\Programs\MiKTeX\tex/latex/graphics-def\pdftex.def
File: pdftex.def 2020/10/05 v1.2a Graphics/color driver for pdftex
))
\Gin@req@height=\dimen149
\Gin@req@width=\dimen150
)
(C:\Users\janni\AppData\Local\Programs\MiKTeX\tex/latex/geometry\geometry.sty
Package: geometry 2020/01/02 v5.9 Page Geometry

(C:\Users\janni\AppData\Local\Programs\MiKTeX\tex/generic/iftex\ifvtex.sty
Package: ifvtex 2019/10/25 v1.7 ifvtex legacy package. Use iftex instead.

(C:\Users\janni\AppData\Local\Programs\MiKTeX\tex/generic/iftex\iftex.sty
Package: iftex 2020/03/06 v1.0d TeX engine tests
))
\Gm@cnth=\count197
\Gm@cntv=\count198
\c@Gm@tempcnt=\count199
\Gm@bindingoffset=\dimen151
\Gm@wd@mp=\dimen152
\Gm@odd@mp=\dimen153
\Gm@even@mp=\dimen154
\Gm@layoutwidth=\dimen155
\Gm@layoutheight=\dimen156
\Gm@layouthoffset=\dimen157
\Gm@layoutvoffset=\dimen158
\Gm@dimlist=\toks23

(C:\Users\janni\AppData\Local\Programs\MiKTeX\tex/latex/geometry\geometry.cfg))
(C:\Users\janni\AppData\Local\Programs\MiKTeX\tex/latex/tools\multicol.sty
Package: multicol 2019/12/09 v1.8y multicolumn formatting (FMi)
\c@tracingmulticols=\count266
\mult@box=\box49
\multicol@leftmargin=\dimen159
\c@unbalance=\count267
\c@collectmore=\count268
\doublecol@number=\count269
\multicoltolerance=\count270
\multicolpretolerance=\count271
\full@width=\dimen160
\page@free=\dimen161
\premulticols=\dimen162
\postmulticols=\dimen163
\multicolsep=\skip52
\multicolbaselineskip=\skip53
\partial@page=\box50
\last@line=\box51
\maxbalancingoverflow=\dimen164
\mult@rightbox=\box52
\mult@grightbox=\box53
\mult@gfirstbox=\box54
\mult@firstbox=\box55
\@tempa=\box56
\@tempa=\box57
\@tempa=\box58
\@tempa=\box59
\@tempa=\box60
\@tempa=\box61
\@tempa=\box62
\@tempa=\box63
\@tempa=\box64
\@tempa=\box65
\@tempa=\box66
\@tempa=\box67
\@tempa=\box68
\@tempa=\box69
\@tempa=\box70
\@tempa=\box71
\@tempa=\box72
\@tempa=\box73
\@tempa=\box74
\@tempa=\box75
\@tempa=\box76
\@tempa=\box77
\@tempa=\box78
\@tempa=\box79
\@tempa=\box80
\@tempa=\box81
\@tempa=\box82
\@tempa=\box83
\@tempa=\box84
\@tempa=\box85
\@tempa=\box86
\@tempa=\box87
\@tempa=\box88
\@tempa=\box89
\@tempa=\box90
\@tempa=\box91
\@tempa=\box92
\c@minrows=\count272
\c@columnbadness=\count273
\c@finalcolumnbadness=\count274
\last@try=\dimen165
\multicolovershoot=\dimen166
\multicolundershoot=\dimen167
\mult@nat@firstbox=\box93
\colbreak@box=\box94
\mc@col@check@num=\count275
)
(C:\Users\janni\AppData\Local\Programs\MiKTeX\tex/latex/booktabs\booktabs.sty
Package: booktabs 2020/01/12 v1.61803398 Publication quality tables
\heavyrulewidth=\dimen168
\lightrulewidth=\dimen169
\cmidrulewidth=\dimen170
\belowrulesep=\dimen171
\belowbottomsep=\dimen172
\aboverulesep=\dimen173
\abovetopsep=\dimen174
\cmidrulesep=\dimen175
\cmidrulekern=\dimen176
\defaultaddspace=\dimen177
\@cmidla=\count276
\@cmidlb=\count277
\@aboverulesep=\dimen178
\@belowrulesep=\dimen179
\@thisruleclass=\count278
\@lastruleclass=\count279
\@thisrulewidth=\dimen180
)
(C:\Users\janni\AppData\Local\Programs\MiKTeX\tex/latex/hyperref\hyperref.sty
Package: hyperref 2020-05-15 v7.00e Hypertext links for LaTeX

(C:\Users\janni\AppData\Local\Programs\MiKTeX\tex/generic/ltxcmds\ltxcmds.sty
Package: ltxcmds 2020-05-10 v1.25 LaTeX kernel commands for general use (HO)
)
(C:\Users\janni\AppData\Local\Programs\MiKTeX\tex/generic/pdftexcmds\pdftexcmds
.sty
Package: pdftexcmds 2020-06-27 v0.33 Utility functions of pdfTeX for LuaTeX (HO
)

(C:\Users\janni\AppData\Local\Programs\MiKTeX\tex/generic/infwarerr\infwarerr.s
ty
Package: infwarerr 2019/12/03 v1.5 Providing info/warning/error messages (HO)
)
Package pdftexcmds Info: \pdf@primitive is available.
Package pdftexcmds Info: \pdf@ifprimitive is available.
Package pdftexcmds Info: \pdfdraftmode found.
)
(C:\Users\janni\AppData\Local\Programs\MiKTeX\tex/generic/kvsetkeys\kvsetkeys.s
ty
Package: kvsetkeys 2019/12/15 v1.18 Key value parser (HO)
)
(C:\Users\janni\AppData\Local\Programs\MiKTeX\tex/generic/kvdefinekeys\kvdefine
keys.sty
Package: kvdefinekeys 2019-12-19 v1.6 Define keys (HO)
)
(C:\Users\janni\AppData\Local\Programs\MiKTeX\tex/generic/pdfescape\pdfescape.s
ty
Package: pdfescape 2019/12/09 v1.15 Implements pdfTeX's escape features (HO)
) (C:\Users\janni\AppData\Local\Programs\MiKTeX\tex/latex/hycolor\hycolor.sty
Package: hycolor 2020-01-27 v1.10 Color options for hyperref/bookmark (HO)
)
(C:\Users\janni\AppData\Local\Programs\MiKTeX\tex/latex/letltxmacro\letltxmacro
.sty
Package: letltxmacro 2019/12/03 v1.6 Let assignment for LaTeX macros (HO)
)
(C:\Users\janni\AppData\Local\Programs\MiKTeX\tex/latex/auxhook\auxhook.sty
Package: auxhook 2019-12-17 v1.6 Hooks for auxiliary files (HO)
)
(C:\Users\janni\AppData\Local\Programs\MiKTeX\tex/latex/kvoptions\kvoptions.sty
Package: kvoptions 2020-10-07 v3.14 Key value format for package options (HO)
)
\@linkdim=\dimen181
\Hy@linkcounter=\count280
\Hy@pagecounter=\count281
 (C:\Users\janni\AppData\Local\Programs\MiKTeX\tex/latex/hyperref\pd1enc.def
File: pd1enc.def 2020-05-15 v7.00e Hyperref: PDFDocEncoding definition (HO)
Now handling font encoding PD1 ...
... no UTF-8 mapping file for font encoding PD1
)
(C:\Users\janni\AppData\Local\Programs\MiKTeX\tex/generic/intcalc\intcalc.sty
Package: intcalc 2019/12/15 v1.3 Expandable calculations with integers (HO)
)
(C:\Users\janni\AppData\Local\Programs\MiKTeX\tex/generic/etexcmds\etexcmds.sty
Package: etexcmds 2019/12/15 v1.7 Avoid name clashes with e-TeX commands (HO)
)
\Hy@SavedSpaceFactor=\count282
Package hyperref Info: Hyper figures OFF on input line 4464.
Package hyperref Info: Link nesting OFF on input line 4469.
Package hyperref Info: Hyper index ON on input line 4472.
Package hyperref Info: Plain pages OFF on input line 4479.
Package hyperref Info: Backreferencing OFF on input line 4484.
Package hyperref Info: Implicit mode ON; LaTeX internals redefined.
Package hyperref Info: Bookmarks ON on input line 4717.
\c@Hy@tempcnt=\count283
 (C:\Users\janni\AppData\Local\Programs\MiKTeX\tex/latex/url\url.sty
\Urlmuskip=\muskip17
Package: url 2013/09/16  ver 3.4  Verb mode for urls, etc.
)
LaTeX Info: Redefining \url on input line 5076.
\XeTeXLinkMargin=\dimen182

(C:\Users\janni\AppData\Local\Programs\MiKTeX\tex/generic/bitset\bitset.sty
Package: bitset 2019/12/09 v1.3 Handle bit-vector datatype (HO)

(C:\Users\janni\AppData\Local\Programs\MiKTeX\tex/generic/bigintcalc\bigintcalc
.sty
Package: bigintcalc 2019/12/15 v1.5 Expandable calculations on big integers (HO
)
))
\Fld@menulength=\count284
\Field@Width=\dimen183
\Fld@charsize=\dimen184
Package hyperref Info: Hyper figures OFF on input line 6347.
Package hyperref Info: Link nesting OFF on input line 6352.
Package hyperref Info: Hyper index ON on input line 6355.
Package hyperref Info: backreferencing OFF on input line 6362.
Package hyperref Info: Link coloring OFF on input line 6367.
Package hyperref Info: Link coloring with OCG OFF on input line 6372.
Package hyperref Info: PDF/A mode OFF on input line 6377.
LaTeX Info: Redefining \ref on input line 6417.
LaTeX Info: Redefining \pageref on input line 6421.

(C:\Users\janni\AppData\Local\Programs\MiKTeX\tex/latex/base\atbegshi-ltx.sty
Package: atbegshi-ltx 2020/08/17 v1.0a Emulation of the original atbegshi packa
ge
with kernel methods
)
\Hy@abspage=\count285
\c@Item=\count286
\c@Hfootnote=\count287
)
Package hyperref Info: Driver (autodetected): hpdftex.
(C:\Users\janni\AppData\Local\Programs\MiKTeX\tex/latex/hyperref\hpdftex.def
File: hpdftex.def 2020-05-15 v7.00e Hyperref driver for pdfTeX

(C:\Users\janni\AppData\Local\Programs\MiKTeX\tex/latex/base\atveryend-ltx.sty
Package: atveryend-ltx 2020/08/19 v1.0a Emulation of the original atvery packag
e
with kernel methods
)
\Fld@listcount=\count288
\c@bookmark@seq@number=\count289

(C:\Users\janni\AppData\Local\Programs\MiKTeX\tex/latex/rerunfilecheck\rerunfil
echeck.sty
Package: rerunfilecheck 2019/12/05 v1.9 Rerun checks for auxiliary files (HO)

(C:\Users\janni\AppData\Local\Programs\MiKTeX\tex/generic/uniquecounter\uniquec
ounter.sty
Package: uniquecounter 2019/12/15 v1.4 Provide unlimited unique counter (HO)
)
Package uniquecounter Info: New unique counter `rerunfilecheck' on input line 2
86.
)
\Hy@SectionHShift=\skip54
)
(C:\Users\janni\AppData\Local\Programs\MiKTeX\tex/latex/pgf/frontendlayer\tikz.
sty
(C:\Users\janni\AppData\Local\Programs\MiKTeX\tex/latex/pgf/basiclayer\pgf.sty
(C:\Users\janni\AppData\Local\Programs\MiKTeX\tex/latex/pgf/utilities\pgfrcs.st
y
(C:\Users\janni\AppData\Local\Programs\MiKTeX\tex/generic/pgf/utilities\pgfutil
-common.tex
\pgfutil@everybye=\toks24
\pgfutil@tempdima=\dimen185
\pgfutil@tempdimb=\dimen186

(C:\Users\janni\AppData\Local\Programs\MiKTeX\tex/generic/pgf/utilities\pgfutil
-common-lists.tex))
(C:\Users\janni\AppData\Local\Programs\MiKTeX\tex/generic/pgf/utilities\pgfutil
-latex.def
\pgfutil@abb=\box95
)
(C:\Users\janni\AppData\Local\Programs\MiKTeX\tex/generic/pgf/utilities\pgfrcs.
code.tex
(C:\Users\janni\AppData\Local\Programs\MiKTeX\tex/generic/pgf\pgf.revision.tex)
Package: pgfrcs 2020/10/01 v3.1.6a (3.1.6a)
))
Package: pgf 2020/10/01 v3.1.6a (3.1.6a)

(C:\Users\janni\AppData\Local\Programs\MiKTeX\tex/latex/pgf/basiclayer\pgfcore.
sty
(C:\Users\janni\AppData\Local\Programs\MiKTeX\tex/latex/pgf/systemlayer\pgfsys.
sty
(C:\Users\janni\AppData\Local\Programs\MiKTeX\tex/generic/pgf/systemlayer\pgfsy
s.code.tex
Package: pgfsys 2020/10/01 v3.1.6a (3.1.6a)

(C:\Users\janni\AppData\Local\Programs\MiKTeX\tex/generic/pgf/utilities\pgfkeys
.code.tex
\pgfkeys@pathtoks=\toks25
\pgfkeys@temptoks=\toks26

(C:\Users\janni\AppData\Local\Programs\MiKTeX\tex/generic/pgf/utilities\pgfkeys
filtered.code.tex
\pgfkeys@tmptoks=\toks27
))
\pgf@x=\dimen187
\pgf@y=\dimen188
\pgf@xa=\dimen189
\pgf@ya=\dimen190
\pgf@xb=\dimen191
\pgf@yb=\dimen192
\pgf@xc=\dimen193
\pgf@yc=\dimen194
\pgf@xd=\dimen195
\pgf@yd=\dimen196
\w@pgf@writea=\write3
\r@pgf@reada=\read3
\c@pgf@counta=\count290
\c@pgf@countb=\count291
\c@pgf@countc=\count292
\c@pgf@countd=\count293
\t@pgf@toka=\toks28
\t@pgf@tokb=\toks29
\t@pgf@tokc=\toks30
\pgf@sys@id@count=\count294

(C:\Users\janni\AppData\Local\Programs\MiKTeX\tex/generic/pgf/systemlayer\pgf.c
fg
File: pgf.cfg 2020/10/01 v3.1.6a (3.1.6a)
)
Driver file for pgf: pgfsys-pdftex.def

(C:\Users\janni\AppData\Local\Programs\MiKTeX\tex/generic/pgf/systemlayer\pgfsy
s-pdftex.def
File: pgfsys-pdftex.def 2020/10/01 v3.1.6a (3.1.6a)

(C:\Users\janni\AppData\Local\Programs\MiKTeX\tex/generic/pgf/systemlayer\pgfsy
s-common-pdf.def
File: pgfsys-common-pdf.def 2020/10/01 v3.1.6a (3.1.6a)
)))
(C:\Users\janni\AppData\Local\Programs\MiKTeX\tex/generic/pgf/systemlayer\pgfsy
ssoftpath.code.tex
File: pgfsyssoftpath.code.tex 2020/10/01 v3.1.6a (3.1.6a)
\pgfsyssoftpath@smallbuffer@items=\count295
\pgfsyssoftpath@bigbuffer@items=\count296
)
(C:\Users\janni\AppData\Local\Programs\MiKTeX\tex/generic/pgf/systemlayer\pgfsy
sprotocol.code.tex
File: pgfsysprotocol.code.tex 2020/10/01 v3.1.6a (3.1.6a)
))
(C:\Users\janni\AppData\Local\Programs\MiKTeX\tex/latex/xcolor\xcolor.sty
Package: xcolor 2016/05/11 v2.12 LaTeX color extensions (UK)

(C:\Users\janni\AppData\Local\Programs\MiKTeX\tex/latex/graphics-cfg\color.cfg
File: color.cfg 2016/01/02 v1.6 sample color configuration
)
Package xcolor Info: Driver file: pdftex.def on input line 225.
Package xcolor Info: Model `cmy' substituted by `cmy0' on input line 1348.
Package xcolor Info: Model `hsb' substituted by `rgb' on input line 1352.
Package xcolor Info: Model `RGB' extended on input line 1364.
Package xcolor Info: Model `HTML' substituted by `rgb' on input line 1366.
Package xcolor Info: Model `Hsb' substituted by `hsb' on input line 1367.
Package xcolor Info: Model `tHsb' substituted by `hsb' on input line 1368.
Package xcolor Info: Model `HSB' substituted by `hsb' on input line 1369.
Package xcolor Info: Model `Gray' substituted by `gray' on input line 1370.
Package xcolor Info: Model `wave' substituted by `hsb' on input line 1371.
)
(C:\Users\janni\AppData\Local\Programs\MiKTeX\tex/generic/pgf/basiclayer\pgfcor
e.code.tex
Package: pgfcore 2020/10/01 v3.1.6a (3.1.6a)

(C:\Users\janni\AppData\Local\Programs\MiKTeX\tex/generic/pgf/math\pgfmath.code
.tex
(C:\Users\janni\AppData\Local\Programs\MiKTeX\tex/generic/pgf/math\pgfmathcalc.
code.tex
(C:\Users\janni\AppData\Local\Programs\MiKTeX\tex/generic/pgf/math\pgfmathutil.
code.tex)
(C:\Users\janni\AppData\Local\Programs\MiKTeX\tex/generic/pgf/math\pgfmathparse
r.code.tex
\pgfmath@dimen=\dimen197
\pgfmath@count=\count297
\pgfmath@box=\box96
\pgfmath@toks=\toks31
\pgfmath@stack@operand=\toks32
\pgfmath@stack@operation=\toks33
)
(C:\Users\janni\AppData\Local\Programs\MiKTeX\tex/generic/pgf/math\pgfmathfunct
ions.code.tex
(C:\Users\janni\AppData\Local\Programs\MiKTeX\tex/generic/pgf/math\pgfmathfunct
ions.basic.code.tex)
(C:\Users\janni\AppData\Local\Programs\MiKTeX\tex/generic/pgf/math\pgfmathfunct
ions.trigonometric.code.tex)
(C:\Users\janni\AppData\Local\Programs\MiKTeX\tex/generic/pgf/math\pgfmathfunct
ions.random.code.tex)
(C:\Users\janni\AppData\Local\Programs\MiKTeX\tex/generic/pgf/math\pgfmathfunct
ions.comparison.code.tex)
(C:\Users\janni\AppData\Local\Programs\MiKTeX\tex/generic/pgf/math\pgfmathfunct
ions.base.code.tex)
(C:\Users\janni\AppData\Local\Programs\MiKTeX\tex/generic/pgf/math\pgfmathfunct
ions.round.code.tex)
(C:\Users\janni\AppData\Local\Programs\MiKTeX\tex/generic/pgf/math\pgfmathfunct
ions.misc.code.tex)
(C:\Users\janni\AppData\Local\Programs\MiKTeX\tex/generic/pgf/math\pgfmathfunct
ions.integerarithmetics.code.tex)))
(C:\Users\janni\AppData\Local\Programs\MiKTeX\tex/generic/pgf/math\pgfmathfloat
.code.tex
\c@pgfmathroundto@lastzeros=\count298
))
(C:\Users\janni\AppData\Local\Programs\MiKTeX\tex/generic/pgf/math\pgfint.code.
tex)
(C:\Users\janni\AppData\Local\Programs\MiKTeX\tex/generic/pgf/basiclayer\pgfcor
epoints.code.tex
File: pgfcorepoints.code.tex 2020/10/01 v3.1.6a (3.1.6a)
\pgf@picminx=\dimen198
\pgf@picmaxx=\dimen199
\pgf@picminy=\dimen256
\pgf@picmaxy=\dimen257
\pgf@pathminx=\dimen258
\pgf@pathmaxx=\dimen259
\pgf@pathminy=\dimen260
\pgf@pathmaxy=\dimen261
\pgf@xx=\dimen262
\pgf@xy=\dimen263
\pgf@yx=\dimen264
\pgf@yy=\dimen265
\pgf@zx=\dimen266
\pgf@zy=\dimen267
)
(C:\Users\janni\AppData\Local\Programs\MiKTeX\tex/generic/pgf/basiclayer\pgfcor
epathconstruct.code.tex
File: pgfcorepathconstruct.code.tex 2020/10/01 v3.1.6a (3.1.6a)
\pgf@path@lastx=\dimen268
\pgf@path@lasty=\dimen269
)
(C:\Users\janni\AppData\Local\Programs\MiKTeX\tex/generic/pgf/basiclayer\pgfcor
epathusage.code.tex
File: pgfcorepathusage.code.tex 2020/10/01 v3.1.6a (3.1.6a)
\pgf@shorten@end@additional=\dimen270
\pgf@shorten@start@additional=\dimen271
)
(C:\Users\janni\AppData\Local\Programs\MiKTeX\tex/generic/pgf/basiclayer\pgfcor
escopes.code.tex
File: pgfcorescopes.code.tex 2020/10/01 v3.1.6a (3.1.6a)
\pgfpic=\box97
\pgf@hbox=\box98
\pgf@layerbox@main=\box99
\pgf@picture@serial@count=\count299
)
(C:\Users\janni\AppData\Local\Programs\MiKTeX\tex/generic/pgf/basiclayer\pgfcor
egraphicstate.code.tex
File: pgfcoregraphicstate.code.tex 2020/10/01 v3.1.6a (3.1.6a)
\pgflinewidth=\dimen272
)
(C:\Users\janni\AppData\Local\Programs\MiKTeX\tex/generic/pgf/basiclayer\pgfcor
etransformations.code.tex
File: pgfcoretransformations.code.tex 2020/10/01 v3.1.6a (3.1.6a)
\pgf@pt@x=\dimen273
\pgf@pt@y=\dimen274
\pgf@pt@temp=\dimen275
)
(C:\Users\janni\AppData\Local\Programs\MiKTeX\tex/generic/pgf/basiclayer\pgfcor
equick.code.tex
File: pgfcorequick.code.tex 2020/10/01 v3.1.6a (3.1.6a)
)
(C:\Users\janni\AppData\Local\Programs\MiKTeX\tex/generic/pgf/basiclayer\pgfcor
eobjects.code.tex
File: pgfcoreobjects.code.tex 2020/10/01 v3.1.6a (3.1.6a)
)
(C:\Users\janni\AppData\Local\Programs\MiKTeX\tex/generic/pgf/basiclayer\pgfcor
epathprocessing.code.tex
File: pgfcorepathprocessing.code.tex 2020/10/01 v3.1.6a (3.1.6a)
)
(C:\Users\janni\AppData\Local\Programs\MiKTeX\tex/generic/pgf/basiclayer\pgfcor
earrows.code.tex
File: pgfcorearrows.code.tex 2020/10/01 v3.1.6a (3.1.6a)
\pgfarrowsep=\dimen276
)
(C:\Users\janni\AppData\Local\Programs\MiKTeX\tex/generic/pgf/basiclayer\pgfcor
eshade.code.tex
File: pgfcoreshade.code.tex 2020/10/01 v3.1.6a (3.1.6a)
\pgf@max=\dimen277
\pgf@sys@shading@range@num=\count300
\pgf@shadingcount=\count301
)
(C:\Users\janni\AppData\Local\Programs\MiKTeX\tex/generic/pgf/basiclayer\pgfcor
eimage.code.tex
File: pgfcoreimage.code.tex 2020/10/01 v3.1.6a (3.1.6a)

(C:\Users\janni\AppData\Local\Programs\MiKTeX\tex/generic/pgf/basiclayer\pgfcor
eexternal.code.tex
File: pgfcoreexternal.code.tex 2020/10/01 v3.1.6a (3.1.6a)
\pgfexternal@startupbox=\box100
))
(C:\Users\janni\AppData\Local\Programs\MiKTeX\tex/generic/pgf/basiclayer\pgfcor
elayers.code.tex
File: pgfcorelayers.code.tex 2020/10/01 v3.1.6a (3.1.6a)
)
(C:\Users\janni\AppData\Local\Programs\MiKTeX\tex/generic/pgf/basiclayer\pgfcor
etransparency.code.tex
File: pgfcoretransparency.code.tex 2020/10/01 v3.1.6a (3.1.6a)
)
(C:\Users\janni\AppData\Local\Programs\MiKTeX\tex/generic/pgf/basiclayer\pgfcor
epatterns.code.tex
File: pgfcorepatterns.code.tex 2020/10/01 v3.1.6a (3.1.6a)
)
(C:\Users\janni\AppData\Local\Programs\MiKTeX\tex/generic/pgf/basiclayer\pgfcor
erdf.code.tex
File: pgfcorerdf.code.tex 2020/10/01 v3.1.6a (3.1.6a)
)))
(C:\Users\janni\AppData\Local\Programs\MiKTeX\tex/generic/pgf/modules\pgfmodule
shapes.code.tex
File: pgfmoduleshapes.code.tex 2020/10/01 v3.1.6a (3.1.6a)
\pgfnodeparttextbox=\box101
)
(C:\Users\janni\AppData\Local\Programs\MiKTeX\tex/generic/pgf/modules\pgfmodule
plot.code.tex
File: pgfmoduleplot.code.tex 2020/10/01 v3.1.6a (3.1.6a)
)
(C:\Users\janni\AppData\Local\Programs\MiKTeX\tex/latex/pgf/compatibility\pgfco
mp-version-0-65.sty
Package: pgfcomp-version-0-65 2020/10/01 v3.1.6a (3.1.6a)
\pgf@nodesepstart=\dimen278
\pgf@nodesepend=\dimen279
)
(C:\Users\janni\AppData\Local\Programs\MiKTeX\tex/latex/pgf/compatibility\pgfco
mp-version-1-18.sty
Package: pgfcomp-version-1-18 2020/10/01 v3.1.6a (3.1.6a)
))
(C:\Users\janni\AppData\Local\Programs\MiKTeX\tex/latex/pgf/utilities\pgffor.st
y
(C:\Users\janni\AppData\Local\Programs\MiKTeX\tex/latex/pgf/utilities\pgfkeys.s
ty
(C:\Users\janni\AppData\Local\Programs\MiKTeX\tex/generic/pgf/utilities\pgfkeys
.code.tex))
(C:\Users\janni\AppData\Local\Programs\MiKTeX\tex/latex/pgf/math\pgfmath.sty
(C:\Users\janni\AppData\Local\Programs\MiKTeX\tex/generic/pgf/math\pgfmath.code
.tex))
(C:\Users\janni\AppData\Local\Programs\MiKTeX\tex/generic/pgf/utilities\pgffor.
code.tex
Package: pgffor 2020/10/01 v3.1.6a (3.1.6a)

(C:\Users\janni\AppData\Local\Programs\MiKTeX\tex/generic/pgf/math\pgfmath.code
.tex)
\pgffor@iter=\dimen280
\pgffor@skip=\dimen281
\pgffor@stack=\toks34
\pgffor@toks=\toks35
))
(C:\Users\janni\AppData\Local\Programs\MiKTeX\tex/generic/pgf/frontendlayer/tik
z\tikz.code.tex
Package: tikz 2020/10/01 v3.1.6a (3.1.6a)

(C:\Users\janni\AppData\Local\Programs\MiKTeX\tex/generic/pgf/libraries\pgflibr
aryplothandlers.code.tex
File: pgflibraryplothandlers.code.tex 2020/10/01 v3.1.6a (3.1.6a)
\pgf@plot@mark@count=\count302
\pgfplotmarksize=\dimen282
)
\tikz@lastx=\dimen283
\tikz@lasty=\dimen284
\tikz@lastxsaved=\dimen285
\tikz@lastysaved=\dimen286
\tikz@lastmovetox=\dimen287
\tikz@lastmovetoy=\dimen288
\tikzleveldistance=\dimen289
\tikzsiblingdistance=\dimen290
\tikz@figbox=\box102
\tikz@figbox@bg=\box103
\tikz@tempbox=\box104
\tikz@tempbox@bg=\box105
\tikztreelevel=\count303
\tikznumberofchildren=\count304
\tikznumberofcurrentchild=\count305
\tikz@fig@count=\count306

(C:\Users\janni\AppData\Local\Programs\MiKTeX\tex/generic/pgf/modules\pgfmodule
matrix.code.tex
File: pgfmodulematrix.code.tex 2020/10/01 v3.1.6a (3.1.6a)
\pgfmatrixcurrentrow=\count307
\pgfmatrixcurrentcolumn=\count308
\pgf@matrix@numberofcolumns=\count309
)
\tikz@expandcount=\count310

(C:\Users\janni\AppData\Local\Programs\MiKTeX\tex/generic/pgf/frontendlayer/tik
z/libraries\tikzlibrarytopaths.code.tex
File: tikzlibrarytopaths.code.tex 2020/10/01 v3.1.6a (3.1.6a)
)))
(C:\Users\janni\AppData\Local\Programs\MiKTeX\tex/latex/pgfplots\pgfplots.sty
(C:\Users\janni\AppData\Local\Programs\MiKTeX\tex/generic/pgfplots\pgfplots.rev
ision.tex)
Package: pgfplots 2020/02/29 v1.17 Data Visualization (1.17)

(C:\Users\janni\AppData\Local\Programs\MiKTeX\tex/generic/pgfplots\pgfplots.cod
e.tex
(C:\Users\janni\AppData\Local\Programs\MiKTeX\tex/generic/pgfplots\pgfplotscore
.code.tex
\t@pgfplots@toka=\toks36
\t@pgfplots@tokb=\toks37
\t@pgfplots@tokc=\toks38
\pgfplots@tmpa=\dimen291
\c@pgfplots@coordindex=\count311
\c@pgfplots@scanlineindex=\count312

(C:\Users\janni\AppData\Local\Programs\MiKTeX\tex/generic/pgfplots/sys\pgfplots
sysgeneric.code.tex))
(C:\Users\janni\AppData\Local\Programs\MiKTeX\tex/generic/pgfplots/libs\pgfplot
slibrary.code.tex)
(C:\Users\janni\AppData\Local\Programs\MiKTeX\tex/generic/pgfplots/oldpgfcompat
ib\pgfplotsoldpgfsupp_loader.code.tex
(C:\Users\janni\AppData\Local\Programs\MiKTeX\tex/generic/pgf/libraries\pgflibr
aryfpu.code.tex))
(C:\Users\janni\AppData\Local\Programs\MiKTeX\tex/generic/pgfplots/util\pgfplot
sutil.code.tex
(C:\Users\janni\AppData\Local\Programs\MiKTeX\tex/generic/pgfplots/liststructur
e\pgfplotsliststructure.code.tex)
(C:\Users\janni\AppData\Local\Programs\MiKTeX\tex/generic/pgfplots/liststructur
e\pgfplotsliststructureext.code.tex)
(C:\Users\janni\AppData\Local\Programs\MiKTeX\tex/generic/pgfplots/liststructur
e\pgfplotsarray.code.tex
\c@pgfplotsarray@tmp=\count313
)
(C:\Users\janni\AppData\Local\Programs\MiKTeX\tex/generic/pgfplots/liststructur
e\pgfplotsmatrix.code.tex)
(C:\Users\janni\AppData\Local\Programs\MiKTeX\tex/generic/pgfplots/numtable\pgf
plotstableshared.code.tex
\c@pgfplotstable@counta=\count314
\t@pgfplotstable@a=\toks39
)
(C:\Users\janni\AppData\Local\Programs\MiKTeX\tex/generic/pgfplots/liststructur
e\pgfplotsdeque.code.tex)
(C:\Users\janni\AppData\Local\Programs\MiKTeX\tex/generic/pgfplots/util\pgfplot
sbinary.code.tex
(C:\Users\janni\AppData\Local\Programs\MiKTeX\tex/generic/pgfplots/util\pgfplot
sbinary.data.code.tex))
(C:\Users\janni\AppData\Local\Programs\MiKTeX\tex/generic/pgfplots/util\pgfplot
sutil.verb.code.tex)
(C:\Users\janni\AppData\Local\Programs\MiKTeX\tex/generic/pgfplots/libs\pgflibr
arypgfplots.surfshading.code.tex
\c@pgfplotslibrarysurf@no=\count315

(C:\Users\janni\AppData\Local\Programs\MiKTeX\tex/generic/pgfplots/sys\pgflibra
rypgfplots.surfshading.pgfsys-pdftex.def)))
(C:\Users\janni\AppData\Local\Programs\MiKTeX\tex/generic/pgfplots/util\pgfplot
scolormap.code.tex
(C:\Users\janni\AppData\Local\Programs\MiKTeX\tex/generic/pgfplots/util\pgfplot
scolor.code.tex))
(C:\Users\janni\AppData\Local\Programs\MiKTeX\tex/generic/pgfplots\pgfplotsstac
kedplots.code.tex)
(C:\Users\janni\AppData\Local\Programs\MiKTeX\tex/generic/pgfplots\pgfplotsplot
handlers.code.tex
(C:\Users\janni\AppData\Local\Programs\MiKTeX\tex/generic/pgfplots\pgfplotsmesh
plothandler.code.tex
(C:\Users\janni\AppData\Local\Programs\MiKTeX\tex/generic/pgfplots\pgfplotsmesh
plotimage.code.tex)))
(C:\Users\janni\AppData\Local\Programs\MiKTeX\tex/generic/pgfplots\pgfplots.sca
ling.code.tex)
(C:\Users\janni\AppData\Local\Programs\MiKTeX\tex/generic/pgfplots\pgfplotscoor
dprocessing.code.tex)
(C:\Users\janni\AppData\Local\Programs\MiKTeX\tex/generic/pgfplots\pgfplots.err
orbars.code.tex)
(C:\Users\janni\AppData\Local\Programs\MiKTeX\tex/generic/pgfplots\pgfplots.mar
kers.code.tex)
(C:\Users\janni\AppData\Local\Programs\MiKTeX\tex/generic/pgfplots\pgfplotstick
s.code.tex)
(C:\Users\janni\AppData\Local\Programs\MiKTeX\tex/generic/pgfplots\pgfplots.pat
hs.code.tex)
(C:\Users\janni\AppData\Local\Programs\MiKTeX\tex/generic/pgf/frontendlayer/tik
z/libraries\tikzlibrarydecorations.code.tex
(C:\Users\janni\AppData\Local\Programs\MiKTeX\tex/generic/pgf/modules\pgfmodule
decorations.code.tex
\pgfdecoratedcompleteddistance=\dimen292
\pgfdecoratedremainingdistance=\dimen293
\pgfdecoratedinputsegmentcompleteddistance=\dimen294
\pgfdecoratedinputsegmentremainingdistance=\dimen295
\pgf@decorate@distancetomove=\dimen296
\pgf@decorate@repeatstate=\count316
\pgfdecorationsegmentamplitude=\dimen297
\pgfdecorationsegmentlength=\dimen298
)
\tikz@lib@dec@box=\box106
)
(C:\Users\janni\AppData\Local\Programs\MiKTeX\tex/generic/pgf/frontendlayer/tik
z/libraries\tikzlibrarydecorations.pathmorphing.code.tex
(C:\Users\janni\AppData\Local\Programs\MiKTeX\tex/generic/pgf/libraries/decorat
ions\pgflibrarydecorations.pathmorphing.code.tex))
(C:\Users\janni\AppData\Local\Programs\MiKTeX\tex/generic/pgf/frontendlayer/tik
z/libraries\tikzlibrarydecorations.pathreplacing.code.tex
(C:\Users\janni\AppData\Local\Programs\MiKTeX\tex/generic/pgf/libraries/decorat
ions\pgflibrarydecorations.pathreplacing.code.tex))
\pgfplots@numplots=\count317
\pgfplots@xmin@reg=\dimen299
\pgfplots@xmax@reg=\dimen300
\pgfplots@ymin@reg=\dimen301
\pgfplots@ymax@reg=\dimen302
\pgfplots@zmin@reg=\dimen303
\pgfplots@zmax@reg=\dimen304
)
(C:\Users\janni\AppData\Local\Programs\MiKTeX\tex/generic/pgf/frontendlayer/tik
z/libraries\tikzlibraryplotmarks.code.tex
File: tikzlibraryplotmarks.code.tex 2020/10/01 v3.1.6a (3.1.6a)

(C:\Users\janni\AppData\Local\Programs\MiKTeX\tex/generic/pgf/libraries\pgflibr
aryplotmarks.code.tex
File: pgflibraryplotmarks.code.tex 2020/10/01 v3.1.6a (3.1.6a)
)))
(C:\Users\janni\AppData\Local\Programs\MiKTeX\tex/latex/blindtext\blindtext.sty
Package: blindtext 2012/01/06 V2.0 blindtext-Package
(C:\Users\janni\AppData\Local\Programs\MiKTeX\tex/latex/tools\xspace.sty
Package: xspace 2014/10/28 v1.13 Space after command names (DPC,MH)
)
\c@blindtext=\count318
\c@Blindtext=\count319
\c@blind@countparstart=\count320
\blind@countxx=\count321
\blindtext@numBlindtext=\count322
\blind@countyy=\count323
\c@blindlist=\count324
\c@blindlistlevel=\count325
\c@blindlist@level=\count326
\blind@listitem=\count327
\c@blind@listcount=\count328
\c@blind@levelcount=\count329
\blind@mathformula=\count330
\blind@Mathformula=\count331
\c@blind@randomcount=\count332
\c@blind@randommax=\count333
\c@blind@pangramcount=\count334
\c@blind@pangrammax=\count335
)
(C:\Users\janni\AppData\Local\Programs\MiKTeX\tex/latex/tools\array.sty
Package: array 2019/08/31 v2.4l Tabular extension package (FMi)
\col@sep=\dimen305
\ar@mcellbox=\box107
\extrarowheight=\dimen306
\NC@list=\toks40
\extratabsurround=\skip55
\backup@length=\skip56
\ar@cellbox=\box108
)
(C:\Users\janni\AppData\Local\Programs\MiKTeX\tex/latex/multirow\multirow.sty
Package: multirow 2019/05/31 v2.5 Span multiple rows of a table
\multirow@colwidth=\skip57
\multirow@cntb=\count336
\multirow@dima=\skip58
\bigstrutjot=\dimen307
)
(C:\Users\janni\AppData\Local\Programs\MiKTeX\tex/latex/multirow\bigdelim.sty
Package: bigdelim 2019/05/31 v2.5 Create big delimiters in tabular or array
)
(C:\Users\janni\AppData\Local\Programs\MiKTeX\tex/latex/colortbl\colortbl.sty
Package: colortbl 2020/01/04 v1.0e Color table columns (DPC)
\everycr=\toks41
\minrowclearance=\skip59
)
(C:\Users\janni\AppData\Local\Programs\MiKTeX\tex/latex/fancyhdr\fancyhdr.sty
Package: fancyhdr 2019/01/31 v3.10 Extensive control of page headers and footer
s
\f@nch@headwidth=\skip60
\f@nch@O@elh=\skip61
\f@nch@O@erh=\skip62
\f@nch@O@olh=\skip63
\f@nch@O@orh=\skip64
\f@nch@O@elf=\skip65
\f@nch@O@erf=\skip66
\f@nch@O@olf=\skip67
\f@nch@O@orf=\skip68
)
(C:\Users\janni\AppData\Local\Programs\MiKTeX\tex/latex/tools\tabularx.sty
Package: tabularx 2020/01/15 v2.11c `tabularx' package (DPC)
\TX@col@width=\dimen308
\TX@old@table=\dimen309
\TX@old@col=\dimen310
\TX@target=\dimen311
\TX@delta=\dimen312
\TX@cols=\count337
\TX@ftn=\toks42
)
(C:\Users\janni\AppData\Local\Programs\MiKTeX\tex/generic/pgf/frontendlayer/tik
z/libraries\tikzlibrarydecorations.text.code.tex
(C:\Users\janni\AppData\Local\Programs\MiKTeX\tex/generic/pgf/libraries/decorat
ions\pgflibrarydecorations.text.code.tex
\pgf@lib@dec@text@box=\box109
)
\tikz@lib@dec@te@box=\box110
)
(C:\Users\janni\AppData\Local\Programs\MiKTeX\tex/latex/tikzmark\tikzlibrarytik
zmark.code.tex
(C:\Users\janni\AppData\Local\Programs\MiKTeX\tex/latex/l3kernel\expl3.sty
Package: expl3 2020-10-05 L3 programming layer (loader) 

(C:\Users\janni\AppData\Local\Programs\MiKTeX\tex/latex/l3backend\l3backend-pdf
tex.def
File: l3backend-pdftex.def 2020-09-24 L3 backend support: PDF output (pdfTeX)
\l__kernel_color_stack_int=\count338
\l__pdf_internal_box=\box111
))
(C:\Users\janni\AppData\Local\Programs\MiKTeX\tex/latex/l3packages/l3keys2e\l3k
eys2e.sty
Package: l3keys2e 2020-10-05 LaTeX2e option processing using LaTeX3 keys
)
(C:\Users\janni\AppData\Local\Programs\MiKTeX\tex/latex/l3packages/xparse\xpars
e.sty
Package: xparse 2020-10-05 L3 Experimental document command parser

(C:\Users\janni\AppData\Local\Programs\MiKTeX\tex/latex/l3packages/xparse\xpars
e-generic.tex))
\l__sn_x_dim=\dimen313
\l__sn_y_dim=\dimen314
\l__sn_xa_dim=\dimen315
\l__sn_ya_dim=\dimen316
)
(C:\Users\janni\AppData\Local\Programs\MiKTeX\tex/latex/psnfss\helvet.sty
Package: helvet 2020/03/25 PSNFSS-v9.3 (WaS) 
)
LaTeX Font Info:    Trying to load font information for T1+phv on input line 40
.

(C:\Users\janni\AppData\Local\Programs\MiKTeX\tex/latex/psnfss\t1phv.fd
File: t1phv.fd 2020/03/25 scalable font definitions for T1/phv.
)
("IT ABI Zusammenfassung.aux")
\openout1 = `"IT ABI Zusammenfassung.aux"'.

LaTeX Font Info:    Checking defaults for OML/cmm/m/it on input line 40.
LaTeX Font Info:    ... okay on input line 40.
LaTeX Font Info:    Checking defaults for OMS/cmsy/m/n on input line 40.
LaTeX Font Info:    ... okay on input line 40.
LaTeX Font Info:    Checking defaults for OT1/cmr/m/n on input line 40.
LaTeX Font Info:    ... okay on input line 40.
LaTeX Font Info:    Checking defaults for T1/cmr/m/n on input line 40.
LaTeX Font Info:    ... okay on input line 40.
LaTeX Font Info:    Checking defaults for TS1/cmr/m/n on input line 40.
LaTeX Font Info:    ... okay on input line 40.
LaTeX Font Info:    Checking defaults for OMX/cmex/m/n on input line 40.
LaTeX Font Info:    ... okay on input line 40.
LaTeX Font Info:    Checking defaults for U/cmr/m/n on input line 40.
LaTeX Font Info:    ... okay on input line 40.
LaTeX Font Info:    Checking defaults for PD1/pdf/m/n on input line 40.
LaTeX Font Info:    ... okay on input line 40.

(C:\Users\janni\AppData\Local\Programs\MiKTeX\tex/context/base/mkii\supp-pdf.mk
ii
[Loading MPS to PDF converter (version 2006.09.02).]
\scratchcounter=\count339
\scratchdimen=\dimen317
\scratchbox=\box112
\nofMPsegments=\count340
\nofMParguments=\count341
\everyMPshowfont=\toks43
\MPscratchCnt=\count342
\MPscratchDim=\dimen318
\MPnumerator=\count343
\makeMPintoPDFobject=\count344
\everyMPtoPDFconversion=\toks44
)
(C:\Users\janni\AppData\Local\Programs\MiKTeX\tex/latex/epstopdf-pkg\epstopdf-b
ase.sty
Package: epstopdf-base 2020-01-24 v2.11 Base part for package epstopdf
Package epstopdf-base Info: Redefining graphics rule for `.eps' on input line 4
85.
)
*geometry* driver: auto-detecting
*geometry* detected driver: pdftex
*geometry* verbose mode - [ preamble ] result:
* driver: pdftex
* paper: a4paper
* layout: <same size as paper>
* layoutoffset:(h,v)=(0.0pt,0.0pt)
* modes: 
* h-part:(L,W,R)=(56.9055pt, 483.69687pt, 56.9055pt)
* v-part:(T,H,B)=(56.9055pt, 702.78308pt, 85.35826pt)
* \paperwidth=597.50787pt
* \paperheight=845.04684pt
* \textwidth=483.69687pt
* \textheight=702.78308pt
* \oddsidemargin=-15.36449pt
* \evensidemargin=-15.36449pt
* \topmargin=-52.36449pt
* \headheight=12.0pt
* \headsep=25.0pt
* \topskip=12.0pt
* \footskip=30.0pt
* \marginparwidth=35.0pt
* \marginparsep=10.0pt
* \columnsep=10.0pt
* \skip\footins=10.8pt plus 4.0pt minus 2.0pt
* \hoffset=0.0pt
* \voffset=0.0pt
* \mag=1000
* \@twocolumnfalse
* \@twosidefalse
* \@mparswitchfalse
* \@reversemarginfalse
* (1in=72.27pt=25.4mm, 1cm=28.453pt)

Package hyperref Info: Link coloring OFF on input line 40.
(C:\Users\janni\AppData\Local\Programs\MiKTeX\tex/latex/hyperref\nameref.sty
Package: nameref 2019/09/16 v2.46 Cross-referencing by name of section

(C:\Users\janni\AppData\Local\Programs\MiKTeX\tex/latex/refcount\refcount.sty
Package: refcount 2019/12/15 v3.6 Data extraction from label references (HO)
)
(C:\Users\janni\AppData\Local\Programs\MiKTeX\tex/generic/gettitlestring\gettit
lestring.sty
Package: gettitlestring 2019/12/15 v1.6 Cleanup title references (HO)
)
\c@section@level=\count345
)
LaTeX Info: Redefining \ref on input line 40.
LaTeX Info: Redefining \pageref on input line 40.
LaTeX Info: Redefining \nameref on input line 40.
 ("IT ABI Zusammenfassung.out") ("IT ABI Zusammenfassung.out")
\@outlinefile=\write4
\openout4 = `"IT ABI Zusammenfassung.out"'.



Package pgfplots Warning: running in backwards compatibility mode (unsuitable t
ick labels; missing features). Consider writing \pgfplotsset{compat=1.17} into 
your preamble.
 on input line 40.

LaTeX Font Info:    Trying to load font information for U+msa on input line 42.

(C:\Users\janni\AppData\Local\Programs\MiKTeX\tex/latex/amsfonts\umsa.fd
File: umsa.fd 2013/01/14 v3.01 AMS symbols A
)
LaTeX Font Info:    Trying to load font information for U+msb on input line 42.


(C:\Users\janni\AppData\Local\Programs\MiKTeX\tex/latex/amsfonts\umsb.fd
File: umsb.fd 2013/01/14 v3.01 AMS symbols B
)
("IT ABI Zusammenfassung.toc" [1

{C:/Users/janni/AppData/Local/MiKTeX/pdftex/config/pdftex.map}]
LaTeX Font Info:    Font shape `T1/phv/m/it' in size <12> not available
(Font)              Font shape `T1/phv/m/sl' tried instead on input line 38.
<Bilder/BSZLOGO.png, id=797, 767.86874pt x 198.7425pt>
File: Bilder/BSZLOGO.png Graphic file (type png)
<use Bilder/BSZLOGO.png>
Package pdftex.def Info: Bilder/BSZLOGO.png  used on input line 80.
(pdftex.def)             Requested size: 115.17534pt x 29.81007pt.


Package Fancyhdr Warning: \headheight is too small (12.0pt): 
Make it at least 34.16011pt.
We now make it that large for the rest of the document.
This may cause the page layout to be inconsistent, however.

[2 <./Bilder/BSZLOGO.png>]
File: Bilder/BSZLOGO.png Graphic file (type png)
<use Bilder/BSZLOGO.png>
Package pdftex.def Info: Bilder/BSZLOGO.png  used on input line 122.
(pdftex.def)             Requested size: 115.17534pt x 29.81007pt.
 [3]
File: Bilder/BSZLOGO.png Graphic file (type png)
<use Bilder/BSZLOGO.png>
Package pdftex.def Info: Bilder/BSZLOGO.png  used on input line 166.
(pdftex.def)             Requested size: 115.17534pt x 29.81007pt.
 [4])
\tf@toc=\write5
\openout5 = `"IT ABI Zusammenfassung.toc"'.


Overfull \hbox (19.06068pt too wide) in paragraph at lines 52--53
[] 
 []


Underfull \hbox (badness 10000) in paragraph at lines 52--53

 []


Overfull \hbox (47.51344pt too wide) in paragraph at lines 89--90
[] 
 []


Overfull \hbox (19.06068pt too wide) in paragraph at lines 127--128
[] 
 []


Overfull \hbox (13.89587pt too wide) in paragraph at lines 165--165
[]|\T1/phv/m/n/12 0,1,[...],8,9,A,B,C,D,E,F| 
 []


Overfull \hbox (19.06068pt too wide) in paragraph at lines 165--166
[] 
 []

File: Bilder/BSZLOGO.png Graphic file (type png)
<use Bilder/BSZLOGO.png>
Package pdftex.def Info: Bilder/BSZLOGO.png  used on input line 196.
(pdftex.def)             Requested size: 115.17534pt x 29.81007pt.
[5]
Overfull \hbox (44.1119pt too wide) in paragraph at lines 241--242
 [][] 
 []


LaTeX Warning: `h' float specifier changed to `ht'.


LaTeX Warning: `h' float specifier changed to `ht'.

File: Bilder/BSZLOGO.png Graphic file (type png)
<use Bilder/BSZLOGO.png>
Package pdftex.def Info: Bilder/BSZLOGO.png  used on input line 296.
(pdftex.def)             Requested size: 115.17534pt x 29.81007pt.
[6]
File: Bilder/BSZLOGO.png Graphic file (type png)
<use Bilder/BSZLOGO.png>
Package pdftex.def Info: Bilder/BSZLOGO.png  used on input line 310.
(pdftex.def)             Requested size: 115.17534pt x 29.81007pt.
 [7]
Overfull \hbox (0.62737pt too wide) in paragraph at lines 369--369
[]|\T1/phv/m/n/12 Partitionstabelle| 
 []


LaTeX Warning: `h' float specifier changed to `ht'.

File: Bilder/BSZLOGO.png Graphic file (type png)
<use Bilder/BSZLOGO.png>
Package pdftex.def Info: Bilder/BSZLOGO.png  used on input line 376.
(pdftex.def)             Requested size: 115.17534pt x 29.81007pt.
[8]
LaTeX Font Info:    Trying to load font information for TS1+phv on input line 3
84.
 (C:\Users\janni\AppData\Local\Programs\MiKTeX\tex/latex/psnfss\ts1phv.fd
File: ts1phv.fd 2020/03/25 scalable font definitions for TS1/phv.
)
File: Bilder/BSZLOGO.png Graphic file (type png)
<use Bilder/BSZLOGO.png>
Package pdftex.def Info: Bilder/BSZLOGO.png  used on input line 422.
(pdftex.def)             Requested size: 115.17534pt x 29.81007pt.

[9]
Overfull \hbox (4.206pt too wide) in paragraph at lines 435--436
\T1/phv/m/n/12 Beim Ein-pro-gramm-be-trieb ver-wal-tet das Be-triebs-sys-tem de
n Haupt-spei-cher als einen groÿen
 []

File: Bilder/BSZLOGO.png Graphic file (type png)
<use Bilder/BSZLOGO.png>
Package pdftex.def Info: Bilder/BSZLOGO.png  used on input line 446.
(pdftex.def)             Requested size: 115.17534pt x 29.81007pt.
[10]
Overfull \hbox (6.79999pt too wide) in paragraph at lines 484--485
 [][][] 
 []

File: Bilder/BSZLOGO.png Graphic file (type png)
<use Bilder/BSZLOGO.png>
Package pdftex.def Info: Bilder/BSZLOGO.png  used on input line 558.
(pdftex.def)             Requested size: 115.17534pt x 29.81007pt.
[11]

LaTeX Warning: `h' float specifier changed to `ht'.

File: Bilder/BSZLOGO.png Graphic file (type png)
<use Bilder/BSZLOGO.png>
Package pdftex.def Info: Bilder/BSZLOGO.png  used on input line 627.
(pdftex.def)             Requested size: 115.17534pt x 29.81007pt.
[12]
LaTeX Font Info:    Font shape `T1/phv/b/it' in size <14.4> not available
(Font)              Font shape `T1/phv/b/sl' tried instead on input line 632.

Underfull \hbox (badness 10000) in alignment at lines 651--651
[][][][][][][]
 []


LaTeX Warning: `h' float specifier changed to `ht'.


Underfull \hbox (badness 10000) in paragraph at lines 694--694
[]|\T1/phv/m/n/10.95 reelle An-fangs-
 []


Underfull \hbox (badness 10000) in paragraph at lines 718--718
[]|\T1/phv/m/n/10.95 reelle An-fangs-
 []


Underfull \hbox (badness 10000) in paragraph at lines 676--720

 []


LaTeX Warning: `h' float specifier changed to `ht'.

File: Bilder/BSZLOGO.png Graphic file (type png)
<use Bilder/BSZLOGO.png>
Package pdftex.def Info: Bilder/BSZLOGO.png  used on input line 720.
(pdftex.def)             Requested size: 115.17534pt x 29.81007pt.
[13]
Underfull \hbox (badness 10000) in paragraph at lines 722--726

 []

File: Bilder/BSZLOGO.png Graphic file (type png)
<use Bilder/BSZLOGO.png>
Package pdftex.def Info: Bilder/BSZLOGO.png  used on input line 736.
(pdftex.def)             Requested size: 115.17534pt x 29.81007pt.
[14]
Overfull \hbox (3.33708pt too wide) in paragraph at lines 817--817
[]|\T1/phv/m/n/10.95 Seitennummer| 
 []


Overfull \hbox (3.33708pt too wide) in paragraph at lines 831--831
[]|\T1/phv/m/n/10.95 Seitennummer| 
 []

File: Bilder/BSZLOGO.png Graphic file (type png)
<use Bilder/BSZLOGO.png>
Package pdftex.def Info: Bilder/BSZLOGO.png  used on input line 832.
(pdftex.def)             Requested size: 115.17534pt x 29.81007pt.
[15]
Overfull \hbox (3.33708pt too wide) in paragraph at lines 845--845
[]|\T1/phv/m/n/10.95 Seitennummer| 
 []

LaTeX Font Info:    Font shape `T1/phv/b/it' in size <12> not available
(Font)              Font shape `T1/phv/b/sl' tried instead on input line 861.

Underfull \hbox (badness 3068) in paragraph at lines 877--877
[]|\T1/phv/m/n/12 Offset $\OT1/cmr/m/n/12 2[] = 16\OML/cmm/m/it/12 Byte \OT1/cm
r/m/n/12 =
 []


Underfull \hbox (badness 3068) in paragraph at lines 877--877
[]|\T1/phv/m/n/12 Offset $\OT1/cmr/m/n/12 2[] = 16\OML/cmm/m/it/12 Byte \OT1/cm
r/m/n/12 =
 []


Underfull \hbox (badness 10000) in paragraph at lines 879--880

 []


Underfull \hbox (badness 10000) in paragraph at lines 896--896
[]|\T1/phv/m/n/12 seitenorientierte
 []


Underfull \hbox (badness 10000) in paragraph at lines 896--896
[]|\T1/phv/m/n/12 segmentorientierte
 []

File: Bilder/BSZLOGO.png Graphic file (type png)
<use Bilder/BSZLOGO.png>
Package pdftex.def Info: Bilder/BSZLOGO.png  used on input line 902.
(pdftex.def)             Requested size: 115.17534pt x 29.81007pt.
[16]
Underfull \hbox (badness 10000) in paragraph at lines 924--931

 []


Underfull \hbox (badness 10000) in paragraph at lines 924--931

 []


Underfull \hbox (badness 10000) in paragraph at lines 924--931

 []

File: Bilder/BSZLOGO.png Graphic file (type png)
<use Bilder/BSZLOGO.png>
Package pdftex.def Info: Bilder/BSZLOGO.png  used on input line 931.
(pdftex.def)             Requested size: 115.17534pt x 29.81007pt.
[17]
Underfull \hbox (badness 10000) in paragraph at lines 951--951
[]|\T1/phv/m/n/12 überflüssige Ko-pier-vor-gän-ge, Backups
 []

File: Bilder/BSZLOGO.png Graphic file (type png)
<use Bilder/BSZLOGO.png>
Package pdftex.def Info: Bilder/BSZLOGO.png  used on input line 966.
(pdftex.def)             Requested size: 115.17534pt x 29.81007pt.
[18]
Underfull \hbox (badness 10000) in paragraph at lines 979--986

 []


Underfull \hbox (badness 10000) in paragraph at lines 979--986

 []


Underfull \hbox (badness 10000) in paragraph at lines 979--986

 []

File: Bilder/BSZLOGO.png Graphic file (type png)
<use Bilder/BSZLOGO.png>
Package pdftex.def Info: Bilder/BSZLOGO.png  used on input line 992.
(pdftex.def)             Requested size: 115.17534pt x 29.81007pt.
[19]
File: Bilder/BSZLOGO.png Graphic file (type png)
<use Bilder/BSZLOGO.png>
Package pdftex.def Info: Bilder/BSZLOGO.png  used on input line 1020.
(pdftex.def)             Requested size: 115.17534pt x 29.81007pt.
 [20]

LaTeX Warning: `h' float specifier changed to `ht'.

File: Bilder/BSZLOGO.png Graphic file (type png)
<use Bilder/BSZLOGO.png>
Package pdftex.def Info: Bilder/BSZLOGO.png  used on input line 1065.
(pdftex.def)             Requested size: 115.17534pt x 29.81007pt.
[21]

LaTeX Warning: `h' float specifier changed to `ht'.

File: Bilder/BSZLOGO.png Graphic file (type png)
<use Bilder/BSZLOGO.png>
Package pdftex.def Info: Bilder/BSZLOGO.png  used on input line 1107.
(pdftex.def)             Requested size: 115.17534pt x 29.81007pt.
[22]
LaTeX Font Info:    Font shape `T1/phv/m/it' in size <10.95> not available
(Font)              Font shape `T1/phv/m/sl' tried instead on input line 1195.

Underfull \hbox (badness 10000) in paragraph at lines 1204--1205

 []


Underfull \hbox (badness 10000) in paragraph at lines 1204--1205

 []

File: Bilder/BSZLOGO.png Graphic file (type png)
<use Bilder/BSZLOGO.png>
Package pdftex.def Info: Bilder/BSZLOGO.png  used on input line 1234.
(pdftex.def)             Requested size: 115.17534pt x 29.81007pt.
[23]
File: Bilder/BSZLOGO.png Graphic file (type png)
<use Bilder/BSZLOGO.png>
Package pdftex.def Info: Bilder/BSZLOGO.png  used on input line 1234.
(pdftex.def)             Requested size: 115.17534pt x 29.81007pt.
 [24]
Overfull \vbox (11.80995pt too high) has occurred while \output is active []

File: Bilder/BSZLOGO.png Graphic file (type png)
<use Bilder/BSZLOGO.png>
Package pdftex.def Info: Bilder/BSZLOGO.png  used on input line 1234.
(pdftex.def)             Requested size: 115.17534pt x 29.81007pt.

[25]
File: Bilder/BSZLOGO.png Graphic file (type png)
<use Bilder/BSZLOGO.png>
Package pdftex.def Info: Bilder/BSZLOGO.png  used on input line 1259.
(pdftex.def)             Requested size: 115.17534pt x 29.81007pt.
 [26]
Overfull \hbox (25.1347pt too wide) in paragraph at lines 1262--1263
\T1/phv/m/n/12 Ein Port ist der Teil ei-ner Netzwerk-Adresse, der die Zu-ord-nu
ng von TCP- und UDP-Verbindungen
 []

File: Bilder/BSZLOGO.png Graphic file (type png)
<use Bilder/BSZLOGO.png>
Package pdftex.def Info: Bilder/BSZLOGO.png  used on input line 1297.
(pdftex.def)             Requested size: 115.17534pt x 29.81007pt.
[27]
File: Bilder/BSZLOGO.png Graphic file (type png)
<use Bilder/BSZLOGO.png>
Package pdftex.def Info: Bilder/BSZLOGO.png  used on input line 1351.
(pdftex.def)             Requested size: 115.17534pt x 29.81007pt.
 [28]

LaTeX Warning: `h' float specifier changed to `ht'.

<Bilder/OSI-Modell1.png, id=1022, 534.49687pt x 543.53062pt>
File: Bilder/OSI-Modell1.png Graphic file (type png)
<use Bilder/OSI-Modell1.png>
Package pdftex.def Info: Bilder/OSI-Modell1.png  used on input line 1401.
(pdftex.def)             Requested size: 240.52136pt x 244.58652pt.
<Bilder/OSI-Modell2.png, id=1023, 639.38875pt x 231.86626pt>
File: Bilder/OSI-Modell2.png Graphic file (type png)
<use Bilder/OSI-Modell2.png>
Package pdftex.def Info: Bilder/OSI-Modell2.png  used on input line 1415.
(pdftex.def)             Requested size: 479.54037pt x 173.89925pt.

Underfull \hbox (badness 10000) in paragraph at lines 1399--1416

 []


Overfull \hbox (2.54399pt too wide) in paragraph at lines 1399--1416
[]$ $[]$
 []

File: Bilder/BSZLOGO.png Graphic file (type png)
<use Bilder/BSZLOGO.png>
Package pdftex.def Info: Bilder/BSZLOGO.png  used on input line 1417.
(pdftex.def)             Requested size: 115.17534pt x 29.81007pt.
[29 <./Bilder/OSI-Modell1.png>]

LaTeX Warning: `h' float specifier changed to `ht'.

File: Bilder/BSZLOGO.png Graphic file (type png)
<use Bilder/BSZLOGO.png>
Package pdftex.def Info: Bilder/BSZLOGO.png  used on input line 1447.
(pdftex.def)             Requested size: 115.17534pt x 29.81007pt.
[30 <./Bilder/OSI-Modell2.png>]
<Bilder/MAC.png, id=1034, 414.79968pt x 94.10156pt>
File: Bilder/MAC.png Graphic file (type png)
<use Bilder/MAC.png>
Package pdftex.def Info: Bilder/MAC.png  used on input line 1476.
(pdftex.def)             Requested size: 414.79868pt x 94.10132pt.
File: Bilder/BSZLOGO.png Graphic file (type png)
<use Bilder/BSZLOGO.png>
Package pdftex.def Info: Bilder/BSZLOGO.png  used on input line 1484.
(pdftex.def)             Requested size: 115.17534pt x 29.81007pt.
 [31 <./Bilder/MAC.png>]
Underfull \hbox (badness 10000) in paragraph at lines 1507--1511

 []


Underfull \hbox (badness 10000) in paragraph at lines 1529--1531

 []


Underfull \hbox (badness 10000) in paragraph at lines 1529--1531

 []


Underfull \hbox (badness 10000) in paragraph at lines 1539--1539
[]|\T1/phv/m/n/12 Nutzdaten
 []

<Bilder/CSMACD.png, id=1041, 1266.7325pt x 1365.1pt>
File: Bilder/CSMACD.png Graphic file (type png)
<use Bilder/CSMACD.png>
Package pdftex.def Info: Bilder/CSMACD.png  used on input line 1548.
(pdftex.def)             Requested size: 380.02269pt x 409.53316pt.
File: Bilder/BSZLOGO.png Graphic file (type png)
<use Bilder/BSZLOGO.png>
Package pdftex.def Info: Bilder/BSZLOGO.png  used on input line 1549.
(pdftex.def)             Requested size: 115.17534pt x 29.81007pt.
[32]
Underfull \hbox (badness 10000) in paragraph at lines 1552--1558

 []

File: Bilder/BSZLOGO.png Graphic file (type png)
<use Bilder/BSZLOGO.png>
Package pdftex.def Info: Bilder/BSZLOGO.png  used on input line 1586.
(pdftex.def)             Requested size: 115.17534pt x 29.81007pt.
[33 <./Bilder/CSMACD.png>]
Underfull \hbox (badness 10000) in paragraph at lines 1587--1594

 []


Underfull \hbox (badness 10000) in paragraph at lines 1587--1594

 []


Underfull \hbox (badness 10000) in paragraph at lines 1587--1594

 []


Underfull \hbox (badness 10000) in paragraph at lines 1587--1594

 []

<Bilder/ARP-Protokoll PAP.png, id=1051, 975.645pt x 1240.635pt>
File: Bilder/ARP-Protokoll PAP.png Graphic file (type png)
<use Bilder/ARP-Protokoll PAP.png>
Package pdftex.def Info: Bilder/ARP-Protokoll PAP.png  used on input line 1605.

(pdftex.def)             Requested size: 292.69576pt x 372.19337pt.
File: Bilder/BSZLOGO.png Graphic file (type png)
<use Bilder/BSZLOGO.png>
Package pdftex.def Info: Bilder/BSZLOGO.png  used on input line 1606.
(pdftex.def)             Requested size: 115.17534pt x 29.81007pt.
[34]
Underfull \hbox (badness 10000) in alignment at lines 1621--1621
[][] 
 []

File: Bilder/BSZLOGO.png Graphic file (type png)
<use Bilder/BSZLOGO.png>
Package pdftex.def Info: Bilder/BSZLOGO.png  used on input line 1622.
(pdftex.def)             Requested size: 115.17534pt x 29.81007pt.
[35 <./Bilder/ARP-Protokoll PAP.png>]
Overfull \hbox (27.83076pt too wide) in alignment at lines 1629--1629
[][][][][][][][] 
 []

<Bilder/Netzwerkklassen.png, id=1061, 375.65344pt x 211.54031pt>
File: Bilder/Netzwerkklassen.png Graphic file (type png)
<use Bilder/Netzwerkklassen.png>
Package pdftex.def Info: Bilder/Netzwerkklassen.png  used on input line 1635.
(pdftex.def)             Requested size: 262.9556pt x 148.0772pt.

Overfull \hbox (3.55638pt too wide) in paragraph at lines 1649--1649
[]|\T1/phv/m/n/12 1| 
 []


Overfull \hbox (3.55638pt too wide) in paragraph at lines 1649--1649
[]|\T1/phv/m/n/12 2| 
 []


Overfull \hbox (3.55638pt too wide) in paragraph at lines 1649--1649
[]|\T1/phv/m/n/12 3| 
 []


Overfull \hbox (3.55638pt too wide) in paragraph at lines 1649--1649
[]|\T1/phv/m/n/12 4| 
 []


Overfull \hbox (3.55638pt too wide) in paragraph at lines 1649--1649
[]|\T1/phv/m/n/12 5| 
 []


Overfull \hbox (3.55638pt too wide) in paragraph at lines 1649--1649
[]|\T1/phv/m/n/12 6| 
 []


Overfull \hbox (3.55638pt too wide) in paragraph at lines 1649--1649
[]|\T1/phv/m/n/12 7| 
 []


Overfull \hbox (3.55638pt too wide) in paragraph at lines 1649--1649
[]|\T1/phv/m/n/12 8| 
 []


Overfull \hbox (3.55638pt too wide) in paragraph at lines 1649--1649
[]|\T1/phv/m/n/12 9| 
 []


Overfull \hbox (10.2283pt too wide) in paragraph at lines 1649--1649
[]|\T1/phv/m/n/12 10| 
 []


Overfull \hbox (10.2283pt too wide) in paragraph at lines 1649--1649
[]|\T1/phv/m/n/12 11| 
 []


Overfull \hbox (10.2283pt too wide) in paragraph at lines 1649--1649
[]|\T1/phv/m/n/12 12| 
 []


Overfull \hbox (10.2283pt too wide) in paragraph at lines 1649--1649
[]|\T1/phv/m/n/12 13| 
 []


Overfull \hbox (10.2283pt too wide) in paragraph at lines 1649--1649
[]|\T1/phv/m/n/12 14| 
 []


Overfull \hbox (10.2283pt too wide) in paragraph at lines 1649--1649
[]|\T1/phv/m/n/12 15| 
 []


Overfull \hbox (10.2283pt too wide) in paragraph at lines 1649--1649
[]|\T1/phv/m/n/12 16| 
 []


Overfull \hbox (10.2283pt too wide) in paragraph at lines 1649--1649
[]|\T1/phv/m/n/12 17| 
 []


Overfull \hbox (10.2283pt too wide) in paragraph at lines 1649--1649
[]|\T1/phv/m/n/12 18| 
 []


Overfull \hbox (10.2283pt too wide) in paragraph at lines 1649--1649
[]|\T1/phv/m/n/12 19| 
 []


Overfull \hbox (10.2283pt too wide) in paragraph at lines 1649--1649
[]|\T1/phv/m/n/12 20| 
 []


Overfull \hbox (10.2283pt too wide) in paragraph at lines 1649--1649
[]|\T1/phv/m/n/12 21| 
 []


Overfull \hbox (10.2283pt too wide) in paragraph at lines 1649--1649
[]|\T1/phv/m/n/12 22| 
 []


Overfull \hbox (10.2283pt too wide) in paragraph at lines 1649--1649
[]|\T1/phv/m/n/12 23| 
 []


Overfull \hbox (10.2283pt too wide) in paragraph at lines 1649--1649
[]|\T1/phv/m/n/12 24| 
 []


Overfull \hbox (10.2283pt too wide) in paragraph at lines 1649--1649
[]|\T1/phv/m/n/12 25| 
 []


Overfull \hbox (10.2283pt too wide) in paragraph at lines 1649--1649
[]|\T1/phv/m/n/12 26| 
 []


Overfull \hbox (10.2283pt too wide) in paragraph at lines 1649--1649
[]|\T1/phv/m/n/12 27| 
 []


Overfull \hbox (10.2283pt too wide) in paragraph at lines 1649--1649
[]|\T1/phv/m/n/12 28| 
 []


Overfull \hbox (10.2283pt too wide) in paragraph at lines 1649--1649
[]|\T1/phv/m/n/12 29| 
 []


Overfull \hbox (10.2283pt too wide) in paragraph at lines 1649--1649
[]|\T1/phv/m/n/12 30| 
 []


Overfull \hbox (10.2283pt too wide) in paragraph at lines 1649--1649
[]|\T1/phv/m/n/12 31| 
 []


Overfull \hbox (10.2283pt too wide) in paragraph at lines 1649--1649
[]|\T1/phv/m/n/12 32| 
 []


Overfull \hbox (3.55638pt too wide) in paragraph at lines 1649--1649
[]|\T1/phv/m/n/12 1| 
 []


Overfull \hbox (3.55638pt too wide) in paragraph at lines 1649--1649
[]|\T1/phv/m/n/12 1| 
 []


Overfull \hbox (3.55638pt too wide) in paragraph at lines 1649--1649
[]|\T1/phv/m/n/12 1| 
 []


Overfull \hbox (3.55638pt too wide) in paragraph at lines 1649--1649
[]|\T1/phv/m/n/12 1| 
 []


Overfull \hbox (3.55638pt too wide) in paragraph at lines 1649--1649
[]|\T1/phv/m/n/12 1| 
 []


Overfull \hbox (3.55638pt too wide) in paragraph at lines 1649--1649
[]|\T1/phv/m/n/12 1| 
 []


Overfull \hbox (3.55638pt too wide) in paragraph at lines 1649--1649
[]|\T1/phv/m/n/12 1| 
 []


Overfull \hbox (3.55638pt too wide) in paragraph at lines 1649--1649
[]|\T1/phv/m/n/12 1| 
 []


Overfull \hbox (3.55638pt too wide) in paragraph at lines 1649--1649
[]|\T1/phv/m/n/12 1| 
 []


Overfull \hbox (3.55638pt too wide) in paragraph at lines 1649--1649
[]|\T1/phv/m/n/12 1| 
 []


Overfull \hbox (3.55638pt too wide) in paragraph at lines 1649--1649
[]|\T1/phv/m/n/12 1| 
 []


Overfull \hbox (3.55638pt too wide) in paragraph at lines 1649--1649
[]|\T1/phv/m/n/12 1| 
 []


Overfull \hbox (3.55638pt too wide) in paragraph at lines 1649--1649
[]|\T1/phv/m/n/12 1| 
 []


Overfull \hbox (3.55638pt too wide) in paragraph at lines 1649--1649
[]|\T1/phv/m/n/12 1| 
 []


Overfull \hbox (3.55638pt too wide) in paragraph at lines 1649--1649
[]|\T1/phv/m/n/12 1| 
 []


Overfull \hbox (3.55638pt too wide) in paragraph at lines 1649--1649
[]|\T1/phv/m/n/12 1| 
 []


Overfull \hbox (3.55638pt too wide) in paragraph at lines 1649--1649
[]|\T1/phv/m/n/12 1| 
 []


Overfull \hbox (3.55638pt too wide) in paragraph at lines 1649--1649
[]|\T1/phv/m/n/12 0| 
 []


Overfull \hbox (3.55638pt too wide) in paragraph at lines 1649--1649
[]|\T1/phv/m/n/12 0| 
 []


Overfull \hbox (3.55638pt too wide) in paragraph at lines 1649--1649
[]|\T1/phv/m/n/12 0| 
 []


Overfull \hbox (3.55638pt too wide) in paragraph at lines 1649--1649
[]|\T1/phv/m/n/12 0| 
 []


Overfull \hbox (3.55638pt too wide) in paragraph at lines 1649--1649
[]|\T1/phv/m/n/12 0| 
 []


Overfull \hbox (3.55638pt too wide) in paragraph at lines 1649--1649
[]|\T1/phv/m/n/12 0| 
 []


Overfull \hbox (3.55638pt too wide) in paragraph at lines 1649--1649
[]|\T1/phv/m/n/12 0| 
 []


Overfull \hbox (3.55638pt too wide) in paragraph at lines 1649--1649
[]|\T1/phv/m/n/12 0| 
 []


Overfull \hbox (3.55638pt too wide) in paragraph at lines 1649--1649
[]|\T1/phv/m/n/12 0| 
 []


Overfull \hbox (3.55638pt too wide) in paragraph at lines 1649--1649
[]|\T1/phv/m/n/12 0| 
 []


Overfull \hbox (3.55638pt too wide) in paragraph at lines 1649--1649
[]|\T1/phv/m/n/12 0| 
 []


Overfull \hbox (3.55638pt too wide) in paragraph at lines 1649--1649
[]|\T1/phv/m/n/12 0| 
 []


Overfull \hbox (3.55638pt too wide) in paragraph at lines 1649--1649
[]|\T1/phv/m/n/12 0| 
 []


Overfull \hbox (3.55638pt too wide) in paragraph at lines 1649--1649
[]|\T1/phv/m/n/12 0| 
 []


Overfull \hbox (3.55638pt too wide) in paragraph at lines 1649--1649
[]|\T1/phv/m/n/12 0| 
 []

File: Bilder/BSZLOGO.png Graphic file (type png)
<use Bilder/BSZLOGO.png>
Package pdftex.def Info: Bilder/BSZLOGO.png  used on input line 1650.
(pdftex.def)             Requested size: 115.17534pt x 29.81007pt.
[36 <./Bilder/Netzwerkklassen.png>]
File: Bilder/BSZLOGO.png Graphic file (type png)
<use Bilder/BSZLOGO.png>
Package pdftex.def Info: Bilder/BSZLOGO.png  used on input line 1753.
(pdftex.def)             Requested size: 115.17534pt x 29.81007pt.
 [37]
File: Bilder/BSZLOGO.png Graphic file (type png)
<use Bilder/BSZLOGO.png>
Package pdftex.def Info: Bilder/BSZLOGO.png  used on input line 1864.
(pdftex.def)             Requested size: 115.17534pt x 29.81007pt.
 [38]
File: Bilder/BSZLOGO.png Graphic file (type png)
<use Bilder/BSZLOGO.png>
Package pdftex.def Info: Bilder/BSZLOGO.png  used on input line 1978.
(pdftex.def)             Requested size: 115.17534pt x 29.81007pt.
 [39]
File: Bilder/BSZLOGO.png Graphic file (type png)
<use Bilder/BSZLOGO.png>
Package pdftex.def Info: Bilder/BSZLOGO.png  used on input line 2173.
(pdftex.def)             Requested size: 115.17534pt x 29.81007pt.
 [40]
File: Bilder/BSZLOGO.png Graphic file (type png)
<use Bilder/BSZLOGO.png>
Package pdftex.def Info: Bilder/BSZLOGO.png  used on input line 2331.
(pdftex.def)             Requested size: 115.17534pt x 29.81007pt.
 [41]
File: Bilder/BSZLOGO.png Graphic file (type png)
<use Bilder/BSZLOGO.png>
Package pdftex.def Info: Bilder/BSZLOGO.png  used on input line 2354.
(pdftex.def)             Requested size: 115.17534pt x 29.81007pt.
 [42]
File: Bilder/BSZLOGO.png Graphic file (type png)
<use Bilder/BSZLOGO.png>
Package pdftex.def Info: Bilder/BSZLOGO.png  used on input line 2478.
(pdftex.def)             Requested size: 115.17534pt x 29.81007pt.
 [43]
<Bilder/HalbaddiererAlternativ.png, id=1100, 1284.8pt x 906.38625pt>
File: Bilder/HalbaddiererAlternativ.png Graphic file (type png)
<use Bilder/HalbaddiererAlternativ.png>
Package pdftex.def Info: Bilder/HalbaddiererAlternativ.png  used on input line 
2575.
(pdftex.def)             Requested size: 256.95544pt x 181.27403pt.

Overfull \hbox (39.29333pt too wide) in paragraph at lines 2574--2576
 [] 
 []

<Bilder/HalbaddiererSymbol.png, id=1101, 1927.2pt x 828.09375pt>
File: Bilder/HalbaddiererSymbol.png Graphic file (type png)
<use Bilder/HalbaddiererSymbol.png>
Package pdftex.def Info: Bilder/HalbaddiererSymbol.png  used on input line 2582
.
(pdftex.def)             Requested size: 250.5448pt x 107.65596pt.

Overfull \hbox (32.88269pt too wide) in paragraph at lines 2581--2583
 [] 
 []

File: Bilder/BSZLOGO.png Graphic file (type png)
<use Bilder/BSZLOGO.png>
Package pdftex.def Info: Bilder/BSZLOGO.png  used on input line 2585.
(pdftex.def)             Requested size: 115.17534pt x 29.81007pt.
[44]
<Bilder/VolladiererAlternativ.png, id=1106, 1927.2pt x 603.25375pt>
File: Bilder/VolladiererAlternativ.png Graphic file (type png)
<use Bilder/VolladiererAlternativ.png>
Package pdftex.def Info: Bilder/VolladiererAlternativ.png  used on input line 2
590.
(pdftex.def)             Requested size: 250.5448pt x 78.42574pt.

Overfull \hbox (32.88269pt too wide) in paragraph at lines 2589--2591
 [] 
 []

<Bilder/VolladdiererSymbol.png, id=1107, 1927.2pt x 991.705pt>
File: Bilder/VolladdiererSymbol.png Graphic file (type png)
<use Bilder/VolladdiererSymbol.png>
Package pdftex.def Info: Bilder/VolladdiererSymbol.png  used on input line 2597
.
(pdftex.def)             Requested size: 250.5448pt x 128.92618pt.

Overfull \hbox (32.88269pt too wide) in paragraph at lines 2596--2598
 [] 
 []

File: Bilder/BSZLOGO.png Graphic file (type png)
<use Bilder/BSZLOGO.png>
Package pdftex.def Info: Bilder/BSZLOGO.png  used on input line 2661.
(pdftex.def)             Requested size: 115.17534pt x 29.81007pt.
[45 <./Bilder/HalbaddiererAlternativ.png> <./Bilder/HalbaddiererSymbol.png> <./
Bilder/VolladiererAlternativ.png> <./Bilder/VolladdiererSymbol.png>]
File: Bilder/BSZLOGO.png Graphic file (type png)
<use Bilder/BSZLOGO.png>
Package pdftex.def Info: Bilder/BSZLOGO.png  used on input line 2729.
(pdftex.def)             Requested size: 115.17534pt x 29.81007pt.
 [46]
Overfull \hbox (1.82973pt too wide) in paragraph at lines 2734--2735
\T1/phv/m/n/12 In den meis-ten ob-jek-t-ori-en-tier-ten Pro-gram-mier-spra-chen
 wird ein Ob-jekt oder Ex-em-plar (auch
 []


LaTeX Warning: `h' float specifier changed to `ht'.

File: Bilder/BSZLOGO.png Graphic file (type png)
<use Bilder/BSZLOGO.png>
Package pdftex.def Info: Bilder/BSZLOGO.png  used on input line 2763.
(pdftex.def)             Requested size: 115.17534pt x 29.81007pt.
[47]
Underfull \hbox (badness 10000) in paragraph at lines 2772--2780

 []


Underfull \hbox (badness 10000) in paragraph at lines 2772--2780

 []

File: Bilder/BSZLOGO.png Graphic file (type png)
<use Bilder/BSZLOGO.png>
Package pdftex.def Info: Bilder/BSZLOGO.png  used on input line 2900.
(pdftex.def)             Requested size: 115.17534pt x 29.81007pt.
[48]

LaTeX Warning: `h' float specifier changed to `ht'.


LaTeX Warning: `h' float specifier changed to `ht'.


LaTeX Warning: `h' float specifier changed to `ht'.

File: Bilder/BSZLOGO.png Graphic file (type png)
<use Bilder/BSZLOGO.png>
Package pdftex.def Info: Bilder/BSZLOGO.png  used on input line 2980.
(pdftex.def)             Requested size: 115.17534pt x 29.81007pt.
[49]
File: Bilder/BSZLOGO.png Graphic file (type png)
<use Bilder/BSZLOGO.png>
Package pdftex.def Info: Bilder/BSZLOGO.png  used on input line 2980.
(pdftex.def)             Requested size: 115.17534pt x 29.81007pt.
 [50]
File: Bilder/BSZLOGO.png Graphic file (type png)
<use Bilder/BSZLOGO.png>
Package pdftex.def Info: Bilder/BSZLOGO.png  used on input line 2980.
(pdftex.def)             Requested size: 115.17534pt x 29.81007pt.
 [51]
File: Bilder/BSZLOGO.png Graphic file (type png)
<use Bilder/BSZLOGO.png>
Package pdftex.def Info: Bilder/BSZLOGO.png  used on input line 2980.
(pdftex.def)             Requested size: 115.17534pt x 29.81007pt.
 [52] ("IT ABI Zusammenfassung.aux")
Package rerunfilecheck Info: File `"IT ABI Zusammenfassung".out' has not change
d.
(rerunfilecheck)             Checksum: 716E144851A7C3E23750E269E446A072;24300.
 ) 
Here is how much of TeX's memory you used:
 31034 strings out of 480236
 747772 string characters out of 2880557
 1177271 words of memory out of 3000000
 46773 multiletter control sequences out of 15000+200000
 588646 words of font info for 99 fonts, out of 3000000 for 9000
 1141 hyphenation exceptions out of 8191
 77i,17n,105p,975b,1593s stack positions out of 5000i,500n,10000p,200000b,50000s
{C:/Users/janni/AppData/Local/Programs/MiKTeX/fonts/enc/dvips/base/8r.enc}<C:
/Users/janni/AppData/Local/Programs/MiKTeX/fonts/type1/public/amsfonts/cm/cmbx1
2.pfb><C:/Users/janni/AppData/Local/Programs/MiKTeX/fonts/type1/public/amsfonts
/cm/cmbx8.pfb><C:/Users/janni/AppData/Local/Programs/MiKTeX/fonts/type1/public/
amsfonts/cm/cmex10.pfb><C:/Users/janni/AppData/Local/Programs/MiKTeX/fonts/type
1/public/amsfonts/cm/cmmi12.pfb><C:/Users/janni/AppData/Local/Programs/MiKTeX/f
onts/type1/public/amsfonts/cm/cmmi8.pfb><C:/Users/janni/AppData/Local/Programs/
MiKTeX/fonts/type1/public/amsfonts/cm/cmr12.pfb><C:/Users/janni/AppData/Local/P
rograms/MiKTeX/fonts/type1/public/amsfonts/cm/cmr6.pfb><C:/Users/janni/AppData/
Local/Programs/MiKTeX/fonts/type1/public/amsfonts/cm/cmr8.pfb><C:/Users/janni/A
ppData/Local/Programs/MiKTeX/fonts/type1/public/amsfonts/cm/cmsy10.pfb><C:/User
s/janni/AppData/Local/Programs/MiKTeX/fonts/type1/public/amsfonts/cm/cmsy8.pfb>
<C:/Users/janni/AppData/Local/Programs/MiKTeX/fonts/type1/public/amsfonts/symbo
ls/msam10.pfb><C:/Users/janni/AppData/Local/Programs/MiKTeX/fonts/type1/urw/hel
vetic/uhvb8a.pfb><C:/Users/janni/AppData/Local/Programs/MiKTeX/fonts/type1/urw/
helvetic/uhvbo8a.pfb><C:/Users/janni/AppData/Local/Programs/MiKTeX/fonts/type1/
urw/helvetic/uhvr8a.pfb><C:/Users/janni/AppData/Local/Programs/MiKTeX/fonts/typ
e1/urw/helvetic/uhvro8a.pfb>
Output written on "C:\Users\janni\OneDrive\Dokumente\GitHub\Informatik-ABI-Zusa
mmenfassung\build\IT ABI Zusammenfassung.pdf" (52 pages, 777297 bytes).
PDF statistics:
 1246 PDF objects out of 1440 (max. 8388607)
 234 named destinations out of 1000 (max. 500000)
 1476 words of extra memory for PDF output out of 10000 (max. 10000000)

