\BOOKMARK [1][-]{section.1}{Zahlensysteme}{}% 1
\BOOKMARK [2][-]{subsection.1.1}{Dezimalsystem}{section.1}% 2
\BOOKMARK [2][-]{subsection.1.2}{Dualsystem}{section.1}% 3
\BOOKMARK [2][-]{subsection.1.3}{Oktalsystem}{section.1}% 4
\BOOKMARK [2][-]{subsection.1.4}{Hexadezimalsystem}{section.1}% 5
\BOOKMARK [1][-]{section.2}{Aufbau Computer}{}% 6
\BOOKMARK [2][-]{subsection.2.1}{Von Neumann Prinzip}{section.2}% 7
\BOOKMARK [1][-]{section.3}{Betriebssysteme}{}% 8
\BOOKMARK [2][-]{subsection.3.1}{Kernel}{section.3}% 9
\BOOKMARK [3][-]{subsubsection.3.1.1}{Monolitischer Kernel}{subsection.3.1}% 10
\BOOKMARK [3][-]{subsubsection.3.1.2}{Mirkokernel}{subsection.3.1}% 11
\BOOKMARK [3][-]{subsubsection.3.1.3}{Hybridkernel}{subsection.3.1}% 12
\BOOKMARK [2][-]{subsection.3.2}{Master Boot Record \(MBR\)}{section.3}% 13
\BOOKMARK [2][-]{subsection.3.3}{GPT}{section.3}% 14
\BOOKMARK [2][-]{subsection.3.4}{UEFI und BIOS}{section.3}% 15
\BOOKMARK [1][-]{section.4}{Dateisysteme}{}% 16
\BOOKMARK [2][-]{subsection.4.1}{FAT}{section.4}% 17
\BOOKMARK [2][-]{subsection.4.2}{EXT}{section.4}% 18
\BOOKMARK [2][-]{subsection.4.3}{NTFS}{section.4}% 19
\BOOKMARK [3][-]{subsubsection.4.3.1}{Dataruns}{subsection.4.3}% 20
\BOOKMARK [1][-]{section.5}{Prozessverwaltung}{}% 21
\BOOKMARK [2][-]{subsection.5.1}{Prozesse}{section.5}% 22
\BOOKMARK [2][-]{subsection.5.2}{Threads}{section.5}% 23
\BOOKMARK [2][-]{subsection.5.3}{Scheduling}{section.5}% 24
\BOOKMARK [2][-]{subsection.5.4}{Prozesssynchronisation}{section.5}% 25
\BOOKMARK [3][-]{subsubsection.5.4.1}{Shortest Remaining Time}{subsection.5.4}% 26
\BOOKMARK [3][-]{subsubsection.5.4.2}{First Come first Serve}{subsection.5.4}% 27
\BOOKMARK [3][-]{subsubsection.5.4.3}{Shortest Job First}{subsection.5.4}% 28
\BOOKMARK [3][-]{subsubsection.5.4.4}{Round-Robin}{subsection.5.4}% 29
\BOOKMARK [1][-]{section.6}{Speicherkonzepte}{}% 30
\BOOKMARK [2][-]{subsection.6.1}{Speicherhierarchie}{section.6}% 31
\BOOKMARK [1][-]{section.7}{Speicherverwaltung}{}% 32
\BOOKMARK [2][-]{subsection.7.1}{Direkte Speicherverwaltung}{section.7}% 33
\BOOKMARK [2][-]{subsection.7.2}{Swapping}{section.7}% 34
\BOOKMARK [2][-]{subsection.7.3}{virtueller Speicher}{section.7}% 35
\BOOKMARK [2][-]{subsection.7.4}{segmentorientierter Speicher}{section.7}% 36
\BOOKMARK [2][-]{subsection.7.5}{seitenorientierter Speicher - Paging}{section.7}% 37
\BOOKMARK [3][-]{subsubsection.7.5.1}{Beispielaufgaben}{subsection.7.5}% 38
\BOOKMARK [3][-]{subsubsection.7.5.2}{Buch Aufgabe 1, S.243}{subsection.7.5}% 39
\BOOKMARK [3][-]{subsubsection.7.5.3}{Buch Aufgabe 3, S.243}{subsection.7.5}% 40
\BOOKMARK [3][-]{subsubsection.7.5.4}{Buch Aufgabe 4, S.243}{subsection.7.5}% 41
\BOOKMARK [3][-]{subsubsection.7.5.5}{Buch Aufgabe 5, S.243}{subsection.7.5}% 42
\BOOKMARK [3][-]{subsubsection.7.5.6}{Buch Aufgabe 6, S.243}{subsection.7.5}% 43
\BOOKMARK [3][-]{subsubsection.7.5.7}{Buch Aufgabe 7, S.243}{subsection.7.5}% 44
\BOOKMARK [2][-]{subsection.7.6}{Speicherverwaltungsmethodenchronologie}{section.7}% 45
\BOOKMARK [1][-]{section.8}{Datensicherung}{}% 46
\BOOKMARK [2][-]{subsection.8.1}{Sicherungsmedien}{section.8}% 47
\BOOKMARK [2][-]{subsection.8.2}{Datenverlust}{section.8}% 48
\BOOKMARK [2][-]{subsection.8.3}{Datenvernichtung}{section.8}% 49
\BOOKMARK [2][-]{subsection.8.4}{Sicherungsverfahren}{section.8}% 50
\BOOKMARK [3][-]{subsubsection.8.4.1}{Vollst\344ndige Sicherung}{subsection.8.4}% 51
\BOOKMARK [3][-]{subsubsection.8.4.2}{Differenzielle Sicherung}{subsection.8.4}% 52
\BOOKMARK [3][-]{subsubsection.8.4.3}{Inkrementelle Sicherung}{subsection.8.4}% 53
\BOOKMARK [3][-]{subsubsection.8.4.4}{Sicherungsstrategie: Generationen Konzept}{subsection.8.4}% 54
\BOOKMARK [2][-]{subsection.8.5}{Vernetzte Sicherung}{section.8}% 55
\BOOKMARK [3][-]{subsubsection.8.5.1}{verteilte Sicherung}{subsection.8.5}% 56
\BOOKMARK [3][-]{subsubsection.8.5.2}{lokale Sicherung}{subsection.8.5}% 57
\BOOKMARK [3][-]{subsubsection.8.5.3}{Netzwerk Sicherung}{subsection.8.5}% 58
\BOOKMARK [3][-]{subsubsection.8.5.4}{Kapazit\344t des Netzwerks}{subsection.8.5}% 59
\BOOKMARK [3][-]{subsubsection.8.5.5}{Logfiles}{subsection.8.5}% 60
\BOOKMARK [2][-]{subsection.8.6}{RAID Systeme}{section.8}% 61
\BOOKMARK [3][-]{subsubsection.8.6.1}{RAID 0}{subsection.8.6}% 62
\BOOKMARK [3][-]{subsubsection.8.6.2}{RAID 1}{subsection.8.6}% 63
\BOOKMARK [3][-]{subsubsection.8.6.3}{RAID 5}{subsection.8.6}% 64
\BOOKMARK [3][-]{subsubsection.8.6.4}{RAID 10}{subsection.8.6}% 65
\BOOKMARK [3][-]{subsubsection.8.6.5}{RAID 50}{subsection.8.6}% 66
\BOOKMARK [3][-]{subsubsection.8.6.6}{Gegen\374berstellung der RAID Systeme}{subsection.8.6}% 67
\BOOKMARK [1][-]{section.9}{Netze}{}% 68
\BOOKMARK [2][-]{subsection.9.1}{Einf\374hrung}{section.9}% 69
\BOOKMARK [3][-]{subsubsection.9.1.1}{Beispiele f\374r Netze}{subsection.9.1}% 70
\BOOKMARK [3][-]{subsubsection.9.1.2}{Gemeinsamkeiten aller Netze}{subsection.9.1}% 71
\BOOKMARK [2][-]{subsection.9.2}{Einfaches Computernetz}{section.9}% 72
\BOOKMARK [3][-]{subsubsection.9.2.1}{Netz Topologien}{subsection.9.2}% 73
\BOOKMARK [3][-]{subsubsection.9.2.2}{Netze in Unternehmen}{subsection.9.2}% 74
\BOOKMARK [3][-]{subsubsection.9.2.3}{Private Netze}{subsection.9.2}% 75
\BOOKMARK [2][-]{subsection.9.3}{Servermodelle}{section.9}% 76
\BOOKMARK [3][-]{subsubsection.9.3.1}{Ein-Server-Modell}{subsection.9.3}% 77
\BOOKMARK [3][-]{subsubsection.9.3.2}{Multi-Server-Modell}{subsection.9.3}% 78
\BOOKMARK [2][-]{subsection.9.4}{Kommunikationsarten}{section.9}% 79
\BOOKMARK [3][-]{subsubsection.9.4.1}{Simplex}{subsection.9.4}% 80
\BOOKMARK [3][-]{subsubsection.9.4.2}{Halbduplex}{subsection.9.4}% 81
\BOOKMARK [3][-]{subsubsection.9.4.3}{Vollduplex}{subsection.9.4}% 82
\BOOKMARK [2][-]{subsection.9.5}{Netzwerkkomponenten}{section.9}% 83
\BOOKMARK [3][-]{subsubsection.9.5.1}{Port}{subsection.9.5}% 84
\BOOKMARK [3][-]{subsubsection.9.5.2}{Client}{subsection.9.5}% 85
\BOOKMARK [3][-]{subsubsection.9.5.3}{Netzwerkkarte}{subsection.9.5}% 86
\BOOKMARK [3][-]{subsubsection.9.5.4}{Repeater}{subsection.9.5}% 87
\BOOKMARK [3][-]{subsubsection.9.5.5}{HUB}{subsection.9.5}% 88
\BOOKMARK [3][-]{subsubsection.9.5.6}{Bridge}{subsection.9.5}% 89
\BOOKMARK [3][-]{subsubsection.9.5.7}{Switch}{subsection.9.5}% 90
\BOOKMARK [3][-]{subsubsection.9.5.8}{Router}{subsection.9.5}% 91
\BOOKMARK [3][-]{subsubsection.9.5.9}{Einordnung der Komponenten ins OSI-Modell}{subsection.9.5}% 92
\BOOKMARK [2][-]{subsection.9.6}{Round Trip Delay Time - RTDT}{section.9}% 93
\BOOKMARK [2][-]{subsection.9.7}{Bezeichnungen von Netzen}{section.9}% 94
\BOOKMARK [2][-]{subsection.9.8}{OSI 7-Schichten Modell}{section.9}% 95
\BOOKMARK [1][-]{section.10}{Ethernet}{}% 96
\BOOKMARK [2][-]{subsection.10.1}{MAC Adresse}{section.10}% 97
\BOOKMARK [3][-]{subsubsection.10.1.1}{Aufbau MAC Adresse}{subsection.10.1}% 98
\BOOKMARK [1][-]{section.11}{Netzwerkprotokolle}{}% 99
\BOOKMARK [2][-]{subsection.11.1}{Daten\374bertragung}{section.11}% 100
\BOOKMARK [1][-]{section.12}{Vollst\344ndiges Ethernet-Paket}{}% 101
\BOOKMARK [1][-]{section.13}{CSMA/CD - Verfahren}{}% 102
\BOOKMARK [2][-]{subsection.13.1}{Kollision}{section.13}% 103
\BOOKMARK [1][-]{section.14}{ARP-Protokoll}{}% 104
\BOOKMARK [1][-]{section.15}{Subnetting}{}% 105
\BOOKMARK [2][-]{subsection.15.1}{Die IP Adresse}{section.15}% 106
\BOOKMARK [2][-]{subsection.15.2}{Netzwerkklassen}{section.15}% 107
\BOOKMARK [2][-]{subsection.15.3}{Subnetzmaske}{section.15}% 108
\BOOKMARK [2][-]{subsection.15.4}{CIDAR}{section.15}% 109
\BOOKMARK [2][-]{subsection.15.5}{VLSM}{section.15}% 110
\BOOKMARK [2][-]{subsection.15.6}{Schaltnetze}{section.15}% 111
\BOOKMARK [2][-]{subsection.15.7}{Einfache Bauteile}{section.15}% 112
\BOOKMARK [3][-]{subsubsection.15.7.1}{NOT}{subsection.15.7}% 113
\BOOKMARK [3][-]{subsubsection.15.7.2}{AND}{subsection.15.7}% 114
\BOOKMARK [3][-]{subsubsection.15.7.3}{OR}{subsection.15.7}% 115
\BOOKMARK [3][-]{subsubsection.15.7.4}{NAND}{subsection.15.7}% 116
\BOOKMARK [3][-]{subsubsection.15.7.5}{NOR}{subsection.15.7}% 117
\BOOKMARK [3][-]{subsubsection.15.7.6}{XOR}{subsection.15.7}% 118
\BOOKMARK [3][-]{subsubsection.15.7.7}{XNOR}{subsection.15.7}% 119
\BOOKMARK [2][-]{subsection.15.8}{Wahrheitstabelle}{section.15}% 120
\BOOKMARK [2][-]{subsection.15.9}{KV-Diagramm}{section.15}% 121
\BOOKMARK [3][-]{subsubsection.15.9.1}{Don't-Care-Positions}{subsection.15.9}% 122
\BOOKMARK [2][-]{subsection.15.10}{Disjunktive Normalform}{section.15}% 123
\BOOKMARK [2][-]{subsection.15.11}{Impulsdiagramm}{section.15}% 124
\BOOKMARK [2][-]{subsection.15.12}{Zustandsfolgetabelle}{section.15}% 125
\BOOKMARK [1][-]{section.16}{Schaltwerke}{}% 126
\BOOKMARK [2][-]{subsection.16.1}{Schaltwerke}{section.16}% 127
\BOOKMARK [2][-]{subsection.16.2}{Taktgeber}{section.16}% 128
\BOOKMARK [2][-]{subsection.16.3}{Flip-Flops}{section.16}% 129
\BOOKMARK [3][-]{subsubsection.16.3.1}{RS Flip Flop}{subsection.16.3}% 130
\BOOKMARK [3][-]{subsubsection.16.3.2}{T Flip Flop}{subsection.16.3}% 131
\BOOKMARK [3][-]{subsubsection.16.3.3}{JK Flip Flop}{subsection.16.3}% 132
\BOOKMARK [3][-]{subsubsection.16.3.4}{D Flip Flop}{subsection.16.3}% 133
\BOOKMARK [2][-]{subsection.16.4}{Z\344hler}{section.16}% 134
\BOOKMARK [2][-]{subsection.16.5}{Addierschaltungen}{section.16}% 135
\BOOKMARK [2][-]{subsection.16.6}{Subtrahierschaltungen}{section.16}% 136
\BOOKMARK [1][-]{section.17}{Mirkocontroller}{}% 137
\BOOKMARK [1][-]{section.18}{Assembler}{}% 138
\BOOKMARK [1][-]{section.19}{Objektorientierte Programmierung}{}% 139
\BOOKMARK [2][-]{subsection.19.1}{Grundverst\344ndnis}{section.19}% 140
\BOOKMARK [2][-]{subsection.19.2}{Klassen}{section.19}% 141
\BOOKMARK [2][-]{subsection.19.3}{Objekte}{section.19}% 142
\BOOKMARK [2][-]{subsection.19.4}{Datentypen}{section.19}% 143
\BOOKMARK [2][-]{subsection.19.5}{Notationen}{section.19}% 144
\BOOKMARK [2][-]{subsection.19.6}{UML}{section.19}% 145
\BOOKMARK [3][-]{subsubsection.19.6.1}{Struktogramm}{subsection.19.6}% 146
\BOOKMARK [3][-]{subsubsection.19.6.2}{Objektdiagramm}{subsection.19.6}% 147
\BOOKMARK [3][-]{subsubsection.19.6.3}{Assoziationen}{subsection.19.6}% 148
\BOOKMARK [3][-]{subsubsection.19.6.4}{Polymorphie}{subsection.19.6}% 149
\BOOKMARK [3][-]{subsubsection.19.6.5}{Vererbungen}{subsection.19.6}% 150
\BOOKMARK [3][-]{subsubsection.19.6.6}{Sequenzdiagramm}{subsection.19.6}% 151
\BOOKMARK [3][-]{subsubsection.19.6.7}{Zustandsdiagramm}{subsection.19.6}% 152
\BOOKMARK [1][-]{section.20}{Datenbanken}{}% 153
\BOOKMARK [2][-]{subsection.20.1}{Grundverst\344ndnis Datenbanken}{section.20}% 154
\BOOKMARK [2][-]{subsection.20.2}{Verwendung}{section.20}% 155
\BOOKMARK [2][-]{subsection.20.3}{Entity-Relationship-Diagramm}{section.20}% 156
\BOOKMARK [2][-]{subsection.20.4}{Realtionen}{section.20}% 157
\BOOKMARK [3][-]{subsubsection.20.4.1}{Prim\344rschl\374ssel}{subsection.20.4}% 158
\BOOKMARK [3][-]{subsubsection.20.4.2}{Sekund\344rschl\374ssel}{subsection.20.4}% 159
\BOOKMARK [2][-]{subsection.20.5}{SQL}{section.20}% 160
\BOOKMARK [3][-]{subsubsection.20.5.1}{SQL Abfragen}{subsection.20.5}% 161
\BOOKMARK [3][-]{subsubsection.20.5.2}{SQL Selektion}{subsection.20.5}% 162
\BOOKMARK [1][-]{section.21}{Fachsprache}{}% 163
\BOOKMARK [2][-]{subsection.21.1}{Fachw\366rter}{section.21}% 164
\BOOKMARK [2][-]{subsection.21.2}{Typfeld Kennungen}{section.21}% 165
\BOOKMARK [1][-]{section.22}{Epilog}{}% 166
